<?xml version="1.0" encoding="UTF-8"?>
<coverage generated="1781631992938" clover="3.2.0">
  <project timestamp="1781631992938" name="All files">
    <metrics statements="995" coveredstatements="890" conditionals="671" coveredconditionals="506" methods="272" coveredmethods="239" elements="1938" coveredelements="1635" complexity="0" loc="995" ncloc="995" packages="2" files="9" classes="9"/>
    <package name="build">
      <metrics statements="887" coveredstatements="797" conditionals="644" coveredconditionals="483" methods="214" coveredmethods="194"/>
      <file name="Commons.js" path="/Users/dleal/GitHub/panini-wc-2026-gsheet-tracker/build/Commons.js">
        <metrics statements="153" coveredstatements="151" conditionals="72" coveredconditionals="68" methods="37" coveredmethods="37"/>
        <line num="22" count="75" type="stmt"/>
        <line num="23" count="75" type="stmt"/>
        <line num="24" count="75" type="stmt"/>
        <line num="25" count="75" type="stmt"/>
        <line num="26" count="75" type="stmt"/>
        <line num="27" count="75" type="stmt"/>
        <line num="28" count="75" type="stmt"/>
        <line num="29" count="75" type="stmt"/>
        <line num="30" count="75" type="stmt"/>
        <line num="31" count="75" type="stmt"/>
        <line num="32" count="75" type="stmt"/>
        <line num="34" count="75" type="stmt"/>
        <line num="35" count="75" type="stmt"/>
        <line num="36" count="75" type="stmt"/>
        <line num="37" count="75" type="stmt"/>
        <line num="38" count="75" type="stmt"/>
        <line num="39" count="75" type="stmt"/>
        <line num="40" count="75" type="stmt"/>
        <line num="41" count="75" type="stmt"/>
        <line num="42" count="75" type="stmt"/>
        <line num="43" count="75" type="stmt"/>
        <line num="44" count="75" type="stmt"/>
        <line num="45" count="75" type="stmt"/>
        <line num="46" count="75" type="stmt"/>
        <line num="47" count="75" type="stmt"/>
        <line num="48" count="75" type="stmt"/>
        <line num="49" count="75" type="stmt"/>
        <line num="56" count="28" type="cond" truecount="2" falsecount="0"/>
        <line num="57" count="20" type="stmt"/>
        <line num="58" count="20" type="stmt"/>
        <line num="60" count="27" type="stmt"/>
        <line num="65" count="28" type="cond" truecount="2" falsecount="0"/>
        <line num="66" count="23" type="stmt"/>
        <line num="67" count="23" type="stmt"/>
        <line num="69" count="27" type="stmt"/>
        <line num="80" count="47" type="cond" truecount="2" falsecount="0"/>
        <line num="81" count="28" type="stmt"/>
        <line num="82" count="28" type="stmt"/>
        <line num="83" count="27" type="stmt"/>
        <line num="84" count="27" type="stmt"/>
        <line num="85" count="27" type="stmt"/>
        <line num="86" count="27" type="stmt"/>
        <line num="88" count="46" type="stmt"/>
        <line num="93" count="4" type="cond" truecount="2" falsecount="0"/>
        <line num="94" count="3" type="stmt"/>
        <line num="95" count="3" type="stmt"/>
        <line num="97" count="3" type="stmt"/>
        <line num="102" count="4" type="cond" truecount="2" falsecount="0"/>
        <line num="103" count="3" type="stmt"/>
        <line num="104" count="3" type="stmt"/>
        <line num="106" count="3" type="stmt"/>
        <line num="111" count="28" type="cond" truecount="2" falsecount="0"/>
        <line num="112" count="23" type="stmt"/>
        <line num="113" count="23" type="stmt"/>
        <line num="115" count="27" type="stmt"/>
        <line num="120" count="31" type="cond" truecount="2" falsecount="0"/>
        <line num="121" count="23" type="stmt"/>
        <line num="122" count="23" type="stmt"/>
        <line num="124" count="30" type="stmt"/>
        <line num="129" count="4" type="cond" truecount="2" falsecount="0"/>
        <line num="130" count="2" type="stmt"/>
        <line num="132" count="4" type="stmt"/>
        <line num="137" count="24" type="cond" truecount="2" falsecount="0"/>
        <line num="138" count="2" type="stmt"/>
        <line num="140" count="24" type="stmt"/>
        <line num="145" count="4" type="cond" truecount="2" falsecount="0"/>
        <line num="146" count="2" type="stmt"/>
        <line num="148" count="4" type="stmt"/>
        <line num="153" count="3" type="cond" truecount="2" falsecount="0"/>
        <line num="154" count="2" type="stmt"/>
        <line num="156" count="3" type="stmt"/>
        <line num="161" count="4" type="cond" truecount="2" falsecount="0"/>
        <line num="162" count="2" type="stmt"/>
        <line num="164" count="4" type="stmt"/>
        <line num="184" count="30" type="cond" truecount="2" falsecount="0"/>
        <line num="185" count="14" type="stmt"/>
        <line num="187" count="30" type="stmt"/>
        <line num="198" count="4" type="cond" truecount="2" falsecount="0"/>
        <line num="199" count="3" type="stmt"/>
        <line num="200" count="57" type="cond" truecount="2" falsecount="0"/>
        <line num="203" count="3" type="stmt"/>
        <line num="205" count="4" type="stmt"/>
        <line num="220" count="7" type="stmt"/>
        <line num="221" count="5" type="stmt"/>
        <line num="222" count="5" type="stmt"/>
        <line num="223" count="72" type="stmt"/>
        <line num="236" count="6" type="stmt"/>
        <line num="237" count="5" type="stmt"/>
        <line num="238" count="4" type="stmt"/>
        <line num="239" count="4" type="stmt"/>
        <line num="241" count="4" type="cond" truecount="2" falsecount="0"/>
        <line num="242" count="2" type="stmt"/>
        <line num="244" count="42" type="stmt"/>
        <line num="263" count="4" type="stmt"/>
        <line num="264" count="4" type="stmt"/>
        <line num="265" count="5" type="stmt"/>
        <line num="283" count="30" type="cond" truecount="2" falsecount="0"/>
        <line num="284" count="24" type="stmt"/>
        <line num="286" count="30" type="stmt"/>
        <line num="291" count="123" type="cond" truecount="1" falsecount="1"/>
        <line num="292" count="0" type="stmt"/>
        <line num="294" count="123" type="cond" truecount="2" falsecount="0"/>
        <line num="295" count="1" type="stmt"/>
        <line num="299" count="122" type="cond" truecount="2" falsecount="0"/>
        <line num="300" count="6" type="stmt"/>
        <line num="316" count="14" type="stmt"/>
        <line num="317" count="14" type="stmt"/>
        <line num="318" count="26" type="stmt"/>
        <line num="323" count="14" type="stmt"/>
        <line num="340" count="24" type="stmt"/>
        <line num="341" count="24" type="stmt"/>
        <line num="342" count="24" type="stmt"/>
        <line num="343" count="24" type="stmt"/>
        <line num="344" count="24" type="stmt"/>
        <line num="346" count="24" type="stmt"/>
        <line num="348" count="848" type="stmt"/>
        <line num="361" count="848" type="cond" truecount="2" falsecount="0"/>
        <line num="362" count="848" type="cond" truecount="2" falsecount="0"/>
        <line num="363" count="804" type="stmt"/>
        <line num="365" count="44" type="cond" truecount="2" falsecount="0"/>
        <line num="366" count="44" type="cond" truecount="2" falsecount="0"/>
        <line num="368" count="44" type="stmt"/>
        <line num="373" count="693" type="cond" truecount="2" falsecount="0"/>
        <line num="379" count="13" type="cond" truecount="1" falsecount="1"/>
        <line num="381" count="13" type="cond" truecount="2" falsecount="0"/>
        <line num="382" count="3" type="stmt"/>
        <line num="385" count="10" type="stmt"/>
        <line num="390" count="8" type="stmt"/>
        <line num="391" count="8" type="cond" truecount="1" falsecount="1"/>
        <line num="392" count="0" type="stmt"/>
        <line num="394" count="8" type="cond" truecount="4" falsecount="0"/>
        <line num="395" count="1" type="stmt"/>
        <line num="397" count="7" type="stmt"/>
        <line num="402" count="4" type="stmt"/>
        <line num="403" count="7" type="cond" truecount="2" falsecount="0"/>
        <line num="404" count="5" type="stmt"/>
        <line num="407" count="7" type="stmt"/>
        <line num="408" count="7" type="stmt"/>
        <line num="414" count="1" type="stmt"/>
        <line num="415" count="1" type="stmt"/>
        <line num="416" count="1" type="stmt"/>
        <line num="417" count="1" type="stmt"/>
        <line num="418" count="1" type="stmt"/>
        <line num="420" count="1" type="stmt"/>
        <line num="421" count="2" type="stmt"/>
        <line num="422" count="2" type="stmt"/>
        <line num="424" count="1" type="stmt"/>
        <line num="429" count="807" type="stmt"/>
        <line num="430" count="807" type="cond" truecount="6" falsecount="0"/>
        <line num="431" count="752" type="stmt"/>
        <line num="433" count="55" type="stmt"/>
        <line num="440" count="1" type="cond" truecount="1" falsecount="1"/>
        <line num="441" count="1" type="stmt"/>
      </file>
      <file name="ExportDialogHelpers.html.js" path="/Users/dleal/GitHub/panini-wc-2026-gsheet-tracker/build/ExportDialogHelpers.html.js">
        <metrics statements="45" coveredstatements="45" conditionals="62" coveredconditionals="31" methods="10" coveredmethods="10"/>
        <line num="26" count="4" type="stmt"/>
        <line num="27" count="4" type="cond" truecount="1" falsecount="1"/>
        <line num="28" count="4" type="stmt"/>
        <line num="29" count="4" type="stmt"/>
        <line num="30" count="4" type="stmt"/>
        <line num="31" count="4" type="stmt"/>
        <line num="32" count="4" type="stmt"/>
        <line num="33" count="4" type="stmt"/>
        <line num="35" count="4" type="stmt"/>
        <line num="47" count="5" type="cond" truecount="2" falsecount="0"/>
        <line num="48" count="5" type="cond" truecount="2" falsecount="0"/>
        <line num="50" count="5" type="cond" truecount="2" falsecount="0"/>
        <line num="53" count="5" type="stmt"/>
        <line num="64" count="2" type="stmt"/>
        <line num="71" count="2" type="cond" truecount="1" falsecount="3"/>
        <line num="72" count="2" type="cond" truecount="1" falsecount="1"/>
        <line num="73" count="2" type="cond" truecount="2" falsecount="0"/>
        <line num="74" count="2" type="cond" truecount="1" falsecount="1"/>
        <line num="81" count="1" type="cond" truecount="1" falsecount="1"/>
        <line num="83" count="1" type="cond" truecount="1" falsecount="1"/>
        <line num="89" count="2" type="stmt"/>
        <line num="90" count="4" type="cond" truecount="1" falsecount="1"/>
        <line num="97" count="2" type="cond" truecount="1" falsecount="1"/>
        <line num="98" count="2" type="stmt"/>
        <line num="99" count="2" type="stmt"/>
        <line num="101" count="1" type="cond" truecount="1" falsecount="1"/>
        <line num="102" count="1" type="cond" truecount="1" falsecount="1"/>
        <line num="103" count="1" type="stmt"/>
        <line num="104" count="1" type="stmt"/>
        <line num="112" count="1" type="cond" truecount="1" falsecount="1"/>
        <line num="113" count="1" type="cond" truecount="1" falsecount="1"/>
        <line num="114" count="1" type="cond" truecount="1" falsecount="1"/>
        <line num="116" count="1" type="stmt"/>
        <line num="120" count="1" type="stmt"/>
        <line num="122" count="1" type="stmt"/>
        <line num="123" count="1" type="stmt"/>
        <line num="124" count="1" type="stmt"/>
        <line num="126" count="1" type="stmt"/>
        <line num="127" count="1" type="stmt"/>
        <line num="128" count="1" type="stmt"/>
        <line num="130" count="1" type="stmt"/>
        <line num="131" count="1" type="stmt"/>
        <line num="136" count="1" type="stmt"/>
        <line num="146" count="1" type="cond" truecount="1" falsecount="1"/>
        <line num="147" count="1" type="stmt"/>
      </file>
      <file name="ExportService.js" path="/Users/dleal/GitHub/panini-wc-2026-gsheet-tracker/build/ExportService.js">
        <metrics statements="131" coveredstatements="131" conditionals="122" coveredconditionals="103" methods="16" coveredmethods="16"/>
        <line num="29" count="31" type="stmt"/>
        <line num="30" count="31" type="stmt"/>
        <line num="31" count="31" type="stmt"/>
        <line num="32" count="31" type="stmt"/>
        <line num="34" count="31" type="stmt"/>
        <line num="35" count="31" type="stmt"/>
        <line num="36" count="31" type="stmt"/>
        <line num="37" count="31" type="stmt"/>
        <line num="38" count="31" type="stmt"/>
        <line num="39" count="31" type="stmt"/>
        <line num="40" count="31" type="stmt"/>
        <line num="41" count="31" type="stmt"/>
        <line num="48" count="6" type="stmt"/>
        <line num="49" count="6" type="cond" truecount="5" falsecount="0"/>
        <line num="50" count="6" type="cond" truecount="2" falsecount="0"/>
        <line num="51" count="6" type="stmt"/>
        <line num="52" count="6" type="stmt"/>
        <line num="53" count="6" type="stmt"/>
        <line num="60" count="3" type="stmt"/>
        <line num="61" count="3" type="cond" truecount="5" falsecount="0"/>
        <line num="62" count="3" type="cond" truecount="2" falsecount="0"/>
        <line num="63" count="3" type="cond" truecount="2" falsecount="0"/>
        <line num="64" count="3" type="stmt"/>
        <line num="65" count="3" type="stmt"/>
        <line num="66" count="3" type="stmt"/>
        <line num="74" count="9" type="cond" truecount="1" falsecount="1"/>
        <line num="75" count="9" type="stmt"/>
        <line num="77" count="9" type="stmt"/>
        <line num="86" count="9" type="stmt"/>
        <line num="87" count="9" type="stmt"/>
        <line num="88" count="9" type="stmt"/>
        <line num="89" count="9" type="cond" truecount="1" falsecount="1"/>
        <line num="90" count="9" type="stmt"/>
        <line num="91" count="9" type="stmt"/>
        <line num="92" count="441" type="cond" truecount="2" falsecount="0"/>
        <line num="93" count="441" type="cond" truecount="2" falsecount="0"/>
        <line num="94" count="18" type="stmt"/>
        <line num="101" count="9" type="stmt"/>
        <line num="115" count="18" type="stmt"/>
        <line num="116" count="18" type="stmt"/>
        <line num="117" count="378" type="cond" truecount="4" falsecount="0"/>
        <line num="119" count="18" type="stmt"/>
        <line num="139" count="17" type="stmt"/>
        <line num="140" count="17" type="stmt"/>
        <line num="141" count="17" type="stmt"/>
        <line num="142" count="17" type="cond" truecount="1" falsecount="1"/>
        <line num="151" count="12" type="cond" truecount="3" falsecount="0"/>
        <line num="152" count="12" type="stmt"/>
        <line num="153" count="12" type="stmt"/>
        <line num="154" count="19" type="stmt"/>
        <line num="155" count="19" type="stmt"/>
        <line num="156" count="19" type="cond" truecount="2" falsecount="0"/>
        <line num="157" count="12" type="stmt"/>
        <line num="158" count="12" type="cond" truecount="1" falsecount="1"/>
        <line num="159" count="12" type="stmt"/>
        <line num="161" count="12" type="stmt"/>
        <line num="173" count="15" type="stmt"/>
        <line num="174" count="15" type="cond" truecount="3" falsecount="0"/>
        <line num="175" count="15" type="stmt"/>
        <line num="176" count="15" type="stmt"/>
        <line num="177" count="15" type="cond" truecount="2" falsecount="0"/>
        <line num="178" count="15" type="stmt"/>
        <line num="179" count="15" type="stmt"/>
        <line num="180" count="30" type="stmt"/>
        <line num="181" count="30" type="stmt"/>
        <line num="182" count="30" type="stmt"/>
        <line num="183" count="30" type="cond" truecount="2" falsecount="0"/>
        <line num="185" count="15" type="stmt"/>
        <line num="186" count="30" type="stmt"/>
        <line num="187" count="30" type="stmt"/>
        <line num="188" count="30" type="stmt"/>
        <line num="189" count="30" type="cond" truecount="2" falsecount="0"/>
        <line num="191" count="15" type="stmt"/>
        <line num="192" count="15" type="stmt"/>
        <line num="193" count="15" type="stmt"/>
        <line num="194" count="20" type="cond" truecount="2" falsecount="0"/>
        <line num="195" count="3" type="stmt"/>
        <line num="196" count="15" type="stmt"/>
        <line num="197" count="28" type="cond" truecount="2" falsecount="0"/>
        <line num="198" count="1" type="stmt"/>
        <line num="199" count="15" type="stmt"/>
        <line num="208" count="79" type="stmt"/>
        <line num="209" count="79" type="stmt"/>
        <line num="210" count="1659" type="cond" truecount="2" falsecount="0"/>
        <line num="211" count="1580" type="cond" truecount="2" falsecount="0"/>
        <line num="212" count="1580" type="cond" truecount="4" falsecount="0"/>
        <line num="213" count="1493" type="cond" truecount="4" falsecount="0"/>
        <line num="214" count="1140" type="cond" truecount="4" falsecount="0"/>
        <line num="216" count="79" type="stmt"/>
        <line num="228" count="72" type="cond" truecount="2" falsecount="0"/>
        <line num="229" count="19" type="stmt"/>
        <line num="231" count="53" type="stmt"/>
        <line num="232" count="53" type="stmt"/>
        <line num="233" count="388" type="stmt"/>
        <line num="234" count="388" type="cond" truecount="2" falsecount="0"/>
        <line num="235" count="85" type="cond" truecount="2" falsecount="0"/>
        <line num="237" count="303" type="stmt"/>
        <line num="240" count="53" type="stmt"/>
        <line num="257" count="19" type="cond" truecount="2" falsecount="0"/>
        <line num="258" count="153" type="stmt"/>
        <line num="259" count="18" type="stmt"/>
        <line num="260" count="18" type="stmt"/>
        <line num="261" count="18" type="stmt"/>
        <line num="262" count="18" type="stmt"/>
        <line num="263" count="126" type="stmt"/>
        <line num="264" count="126" type="stmt"/>
        <line num="265" count="126" type="stmt"/>
        <line num="266" count="126" type="cond" truecount="5" falsecount="0"/>
        <line num="267" count="85" type="stmt"/>
        <line num="268" count="85" type="stmt"/>
        <line num="270" count="41" type="cond" truecount="2" falsecount="0"/>
        <line num="272" count="41" type="cond" truecount="4" falsecount="0"/>
        <line num="273" count="6" type="stmt"/>
        <line num="275" count="41" type="stmt"/>
        <line num="276" count="41" type="stmt"/>
        <line num="277" count="41" type="stmt"/>
        <line num="279" count="18" type="cond" truecount="2" falsecount="0"/>
        <line num="280" count="18" type="cond" truecount="4" falsecount="0"/>
        <line num="281" count="2" type="stmt"/>
        <line num="283" count="18" type="stmt"/>
        <line num="284" count="18" type="stmt"/>
        <line num="293" count="60" type="stmt"/>
        <line num="294" count="60" type="stmt"/>
        <line num="295" count="60" type="stmt"/>
        <line num="296" count="60" type="cond" truecount="2" falsecount="0"/>
        <line num="297" count="25" type="cond" truecount="1" falsecount="1"/>
        <line num="298" count="25" type="stmt"/>
        <line num="307" count="1659" type="cond" truecount="4" falsecount="0"/>
        <line num="308" count="819" type="cond" truecount="2" falsecount="0"/>
        <line num="316" count="2" type="cond" truecount="1" falsecount="1"/>
        <line num="317" count="2" type="stmt"/>
      </file>
      <file name="ImportDialogHelpers.html.js" path="/Users/dleal/GitHub/panini-wc-2026-gsheet-tracker/build/ImportDialogHelpers.html.js">
        <metrics statements="32" coveredstatements="32" conditionals="59" coveredconditionals="37" methods="12" coveredmethods="12"/>
        <line num="19" count="1" type="stmt"/>
        <line num="29" count="9" type="cond" truecount="5" falsecount="0"/>
        <line num="31" count="6" type="stmt"/>
        <line num="32" count="9" type="cond" truecount="2" falsecount="0"/>
        <line num="33" count="20" type="stmt"/>
        <line num="36" count="9" type="stmt"/>
        <line num="48" count="5" type="cond" truecount="4" falsecount="0"/>
        <line num="49" count="5" type="cond" truecount="4" falsecount="0"/>
        <line num="50" count="5" type="cond" truecount="4" falsecount="0"/>
        <line num="57" count="1" type="stmt"/>
        <line num="64" count="3" type="stmt"/>
        <line num="65" count="3" type="cond" truecount="2" falsecount="0"/>
        <line num="66" count="2" type="stmt"/>
        <line num="67" count="2" type="stmt"/>
        <line num="74" count="2" type="cond" truecount="1" falsecount="1"/>
        <line num="75" count="2" type="stmt"/>
        <line num="76" count="2" type="cond" truecount="2" falsecount="0"/>
        <line num="77" count="1" type="stmt"/>
        <line num="78" count="1" type="stmt"/>
        <line num="80" count="1" type="stmt"/>
        <line num="81" count="1" type="stmt"/>
        <line num="88" count="1" type="cond" truecount="1" falsecount="1"/>
        <line num="89" count="1" type="cond" truecount="1" falsecount="1"/>
        <line num="94" count="2" type="stmt"/>
        <line num="95" count="4" type="cond" truecount="1" falsecount="1"/>
        <line num="102" count="2" type="cond" truecount="1" falsecount="3"/>
        <line num="103" count="2" type="cond" truecount="1" falsecount="1"/>
        <line num="104" count="2" type="cond" truecount="2" falsecount="0"/>
        <line num="105" count="2" type="cond" truecount="1" falsecount="1"/>
        <line num="109" count="1" type="stmt"/>
        <line num="120" count="1" type="cond" truecount="1" falsecount="1"/>
        <line num="121" count="1" type="stmt"/>
      </file>
      <file name="ImportService.js" path="/Users/dleal/GitHub/panini-wc-2026-gsheet-tracker/build/ImportService.js">
        <metrics statements="233" coveredstatements="212" conditionals="160" coveredconditionals="119" methods="53" coveredmethods="49"/>
        <line num="28" count="21" type="stmt"/>
        <line num="29" count="21" type="stmt"/>
        <line num="30" count="21" type="stmt"/>
        <line num="31" count="21" type="stmt"/>
        <line num="33" count="21" type="stmt"/>
        <line num="34" count="21" type="stmt"/>
        <line num="35" count="21" type="stmt"/>
        <line num="36" count="21" type="stmt"/>
        <line num="37" count="21" type="stmt"/>
        <line num="38" count="21" type="stmt"/>
        <line num="39" count="21" type="stmt"/>
        <line num="47" count="0" type="stmt"/>
        <line num="48" count="0" type="cond" truecount="0" falsecount="4"/>
        <line num="55" count="0" type="stmt"/>
        <line num="56" count="0" type="cond" truecount="0" falsecount="8"/>
        <line num="66" count="2" type="stmt"/>
        <line num="67" count="2" type="stmt"/>
        <line num="68" count="2" type="stmt"/>
        <line num="71" count="2" type="stmt"/>
        <line num="73" count="2" type="stmt"/>
        <line num="74" count="4" type="stmt"/>
        <line num="87" count="16" type="cond" truecount="2" falsecount="0"/>
        <line num="88" count="16" type="stmt"/>
        <line num="89" count="16" type="stmt"/>
        <line num="90" count="16" type="stmt"/>
        <line num="91" count="16" type="cond" truecount="2" falsecount="0"/>
        <line num="92" count="13" type="cond" truecount="2" falsecount="0"/>
        <line num="93" count="9" type="cond" truecount="2" falsecount="0"/>
        <line num="94" count="15" type="stmt"/>
        <line num="95" count="15" type="stmt"/>
        <line num="102" count="37" type="stmt"/>
        <line num="107" count="3" type="stmt"/>
        <line num="112" count="4" type="stmt"/>
        <line num="113" count="4" type="stmt"/>
        <line num="114" count="4" type="cond" truecount="1" falsecount="1"/>
        <line num="115" count="4" type="stmt"/>
        <line num="121" count="15" type="stmt"/>
        <line num="122" count="15" type="stmt"/>
        <line num="123" count="15" type="cond" truecount="1" falsecount="1"/>
        <line num="124" count="15" type="stmt"/>
        <line num="125" count="15" type="stmt"/>
        <line num="126" count="15" type="stmt"/>
        <line num="127" count="15" type="stmt"/>
        <line num="128" count="24" type="stmt"/>
        <line num="129" count="24" type="stmt"/>
        <line num="130" count="24" type="cond" truecount="3" falsecount="1"/>
        <line num="131" count="24" type="stmt"/>
        <line num="133" count="15" type="cond" truecount="2" falsecount="0"/>
        <line num="134" count="15" type="stmt"/>
        <line num="135" count="15" type="stmt"/>
        <line num="147" count="30" type="stmt"/>
        <line num="148" count="30" type="stmt"/>
        <line num="156" count="30" type="cond" truecount="2" falsecount="0"/>
        <line num="159" count="30" type="cond" truecount="2" falsecount="0"/>
        <line num="160" count="1" type="stmt"/>
        <line num="162" count="29" type="stmt"/>
        <line num="164" count="33" type="stmt"/>
        <line num="166" count="29" type="cond" truecount="1" falsecount="1"/>
        <line num="167" count="0" type="stmt"/>
        <line num="169" count="29" type="stmt"/>
        <line num="170" count="29" type="stmt"/>
        <line num="171" count="29" type="stmt"/>
        <line num="172" count="29" type="stmt"/>
        <line num="174" count="29" type="stmt"/>
        <line num="175" count="33" type="stmt"/>
        <line num="176" count="33" type="cond" truecount="4" falsecount="0"/>
        <line num="177" count="6" type="stmt"/>
        <line num="179" count="33" type="cond" truecount="2" falsecount="0"/>
        <line num="180" count="28" type="stmt"/>
        <line num="181" count="28" type="cond" truecount="2" falsecount="0"/>
        <line num="183" count="29" type="stmt"/>
        <line num="192" count="28" type="stmt"/>
        <line num="193" count="28" type="stmt"/>
        <line num="194" count="28" type="cond" truecount="1" falsecount="1"/>
        <line num="195" count="0" type="stmt"/>
        <line num="197" count="28" type="cond" truecount="2" falsecount="0"/>
        <line num="198" count="1" type="stmt"/>
        <line num="200" count="1" type="stmt"/>
        <line num="204" count="1" type="stmt"/>
        <line num="206" count="27" type="cond" truecount="1" falsecount="1"/>
        <line num="207" count="27" type="stmt"/>
        <line num="208" count="27" type="stmt"/>
        <line num="210" count="27" type="stmt"/>
        <line num="211" count="57" type="cond" truecount="3" falsecount="1"/>
        <line num="212" count="0" type="stmt"/>
        <line num="214" count="57" type="stmt"/>
        <line num="216" count="27" type="stmt"/>
        <line num="221" count="27" type="cond" truecount="3" falsecount="1"/>
        <line num="222" count="0" type="stmt"/>
        <line num="223" count="0" type="stmt"/>
        <line num="225" count="27" type="stmt"/>
        <line num="230" count="57" type="stmt"/>
        <line num="231" count="57" type="cond" truecount="1" falsecount="1"/>
        <line num="232" count="0" type="stmt"/>
        <line num="234" count="57" type="stmt"/>
        <line num="235" count="57" type="cond" truecount="2" falsecount="0"/>
        <line num="236" count="57" type="cond" truecount="2" falsecount="0"/>
        <line num="237" count="55" type="stmt"/>
        <line num="238" count="55" type="cond" truecount="1" falsecount="1"/>
        <line num="239" count="0" type="stmt"/>
        <line num="241" count="55" type="stmt"/>
        <line num="250" count="57" type="cond" truecount="5" falsecount="0"/>
        <line num="251" count="2" type="cond" truecount="1" falsecount="1"/>
        <line num="253" count="2" type="stmt"/>
        <line num="255" count="2" type="stmt"/>
        <line num="257" count="55" type="stmt"/>
        <line num="262" count="55" type="cond" truecount="4" falsecount="1"/>
        <line num="263" count="0" type="stmt"/>
        <line num="270" count="55" type="cond" truecount="1" falsecount="1"/>
        <line num="271" count="0" type="cond" truecount="0" falsecount="4"/>
        <line num="272" count="0" type="stmt"/>
        <line num="274" count="55" type="cond" truecount="2" falsecount="0"/>
        <line num="275" count="1" type="cond" truecount="1" falsecount="1"/>
        <line num="276" count="1" type="cond" truecount="1" falsecount="1"/>
        <line num="278" count="54" type="cond" truecount="2" falsecount="0"/>
        <line num="295" count="79" type="stmt"/>
        <line num="296" count="258" type="stmt"/>
        <line num="298" count="79" type="stmt"/>
        <line num="313" count="83" type="stmt"/>
        <line num="314" count="83" type="stmt"/>
        <line num="315" count="83" type="cond" truecount="2" falsecount="0"/>
        <line num="316" count="81" type="stmt"/>
        <line num="317" count="81" type="cond" truecount="1" falsecount="1"/>
        <line num="318" count="81" type="stmt"/>
        <line num="319" count="81" type="cond" truecount="1" falsecount="1"/>
        <line num="320" count="81" type="stmt"/>
        <line num="321" count="81" type="stmt"/>
        <line num="322" count="81" type="cond" truecount="1" falsecount="1"/>
        <line num="323" count="81" type="stmt"/>
        <line num="324" count="81" type="cond" truecount="2" falsecount="0"/>
        <line num="325" count="73" type="stmt"/>
        <line num="327" count="73" type="stmt"/>
        <line num="328" count="73" type="cond" truecount="2" falsecount="0"/>
        <line num="329" count="15" type="stmt"/>
        <line num="330" count="15" type="cond" truecount="2" falsecount="0"/>
        <line num="332" count="71" type="cond" truecount="1" falsecount="1"/>
        <line num="333" count="0" type="stmt"/>
        <line num="334" count="0" type="stmt"/>
        <line num="336" count="71" type="stmt"/>
        <line num="345" count="83" type="cond" truecount="2" falsecount="0"/>
        <line num="353" count="81" type="stmt"/>
        <line num="362" count="81" type="cond" truecount="1" falsecount="1"/>
        <line num="363" count="81" type="stmt"/>
        <line num="377" count="81" type="stmt"/>
        <line num="378" count="81" type="stmt"/>
        <line num="392" count="81" type="cond" truecount="4" falsecount="0"/>
        <line num="393" count="53" type="stmt"/>
        <line num="395" count="28" type="stmt"/>
        <line num="396" count="28" type="cond" truecount="4" falsecount="0"/>
        <line num="397" count="20" type="stmt"/>
        <line num="400" count="8" type="cond" truecount="2" falsecount="0"/>
        <line num="402" count="8" type="stmt"/>
        <line num="403" count="8" type="stmt"/>
        <line num="420" count="73" type="stmt"/>
        <line num="421" count="73" type="cond" truecount="2" falsecount="0"/>
        <line num="422" count="20" type="stmt"/>
        <line num="424" count="73" type="stmt"/>
        <line num="425" count="138" type="stmt"/>
        <line num="426" count="138" type="cond" truecount="2" falsecount="0"/>
        <line num="427" count="134" type="stmt"/>
        <line num="429" count="73" type="stmt"/>
        <line num="447" count="154" type="stmt"/>
        <line num="448" count="154" type="cond" truecount="2" falsecount="0"/>
        <line num="449" count="7" type="stmt"/>
        <line num="450" count="7" type="stmt"/>
        <line num="451" count="7" type="stmt"/>
        <line num="452" count="20" type="stmt"/>
        <line num="454" count="147" type="stmt"/>
        <line num="455" count="147" type="cond" truecount="2" falsecount="0"/>
        <line num="456" count="15" type="stmt"/>
        <line num="458" count="132" type="cond" truecount="2" falsecount="0"/>
        <line num="459" count="110" type="cond" truecount="2" falsecount="0"/>
        <line num="460" count="1" type="stmt"/>
        <line num="473" count="138" type="stmt"/>
        <line num="474" count="138" type="cond" truecount="2" falsecount="0"/>
        <line num="475" count="29" type="stmt"/>
        <line num="476" count="29" type="stmt"/>
        <line num="477" count="29" type="cond" truecount="2" falsecount="0"/>
        <line num="478" count="4" type="stmt"/>
        <line num="481" count="4" type="stmt"/>
        <line num="483" count="25" type="stmt"/>
        <line num="492" count="73" type="stmt"/>
        <line num="493" count="73" type="stmt"/>
        <line num="494" count="73" type="stmt"/>
        <line num="496" count="73" type="stmt"/>
        <line num="497" count="231" type="stmt"/>
        <line num="498" count="231" type="cond" truecount="1" falsecount="1"/>
        <line num="499" count="231" type="stmt"/>
        <line num="500" count="231" type="cond" truecount="2" falsecount="0"/>
        <line num="501" count="16" type="stmt"/>
        <line num="502" count="16" type="stmt"/>
        <line num="504" count="215" type="stmt"/>
        <line num="505" count="215" type="stmt"/>
        <line num="507" count="73" type="cond" truecount="2" falsecount="0"/>
        <line num="508" count="12" type="stmt"/>
        <line num="510" count="12" type="stmt"/>
        <line num="512" count="73" type="stmt"/>
        <line num="513" count="160" type="stmt"/>
        <line num="514" count="215" type="stmt"/>
        <line num="525" count="15" type="cond" truecount="2" falsecount="0"/>
        <line num="526" count="1" type="stmt"/>
        <line num="527" count="1" type="stmt"/>
        <line num="529" count="14" type="stmt"/>
        <line num="530" count="14" type="stmt"/>
        <line num="532" count="14" type="stmt"/>
        <line num="533" count="69" type="stmt"/>
        <line num="535" count="280" type="stmt"/>
        <line num="536" count="14" type="cond" truecount="2" falsecount="0"/>
        <line num="537" count="1" type="stmt"/>
        <line num="538" count="1" type="stmt"/>
        <line num="540" count="13" type="stmt"/>
        <line num="549" count="69" type="stmt"/>
        <line num="550" count="69" type="cond" truecount="1" falsecount="1"/>
        <line num="551" count="69" type="stmt"/>
        <line num="552" count="69" type="cond" truecount="1" falsecount="1"/>
        <line num="553" count="69" type="stmt"/>
        <line num="554" count="69" type="cond" truecount="2" falsecount="0"/>
        <line num="555" count="57" type="stmt"/>
        <line num="556" count="57" type="cond" truecount="1" falsecount="1"/>
        <line num="557" count="0" type="stmt"/>
        <line num="565" count="14" type="cond" truecount="2" falsecount="0"/>
        <line num="566" count="40" type="stmt"/>
        <line num="568" count="240" type="stmt"/>
        <line num="576" count="71" type="stmt"/>
        <line num="581" count="0" type="stmt"/>
        <line num="582" count="0" type="stmt"/>
        <line num="583" count="0" type="stmt"/>
        <line num="584" count="0" type="stmt"/>
        <line num="593" count="22" type="stmt"/>
        <line num="595" count="100" type="stmt"/>
        <line num="596" count="22" type="stmt"/>
        <line num="602" count="1" type="cond" truecount="1" falsecount="1"/>
        <line num="603" count="1" type="stmt"/>
      </file>
      <file name="QuickEntryDialogHelpers.html.js" path="/Users/dleal/GitHub/panini-wc-2026-gsheet-tracker/build/QuickEntryDialogHelpers.html.js">
        <metrics statements="105" coveredstatements="74" conditionals="78" coveredconditionals="52" methods="43" coveredmethods="32"/>
        <line num="16" count="1" type="stmt"/>
        <line num="28" count="1" type="stmt"/>
        <line num="30" count="1" type="cond" truecount="1" falsecount="1"/>
        <line num="32" count="1" type="stmt"/>
        <line num="41" count="0" type="stmt"/>
        <line num="52" count="0" type="stmt"/>
        <line num="62" count="1" type="cond" truecount="1" falsecount="1"/>
        <line num="63" count="0" type="stmt"/>
        <line num="69" count="1" type="stmt"/>
        <line num="70" count="1" type="stmt"/>
        <line num="71" count="1" type="stmt"/>
        <line num="72" count="1" type="stmt"/>
        <line num="83" count="1" type="cond" truecount="1" falsecount="1"/>
        <line num="84" count="1" type="cond" truecount="1" falsecount="1"/>
        <line num="85" count="1" type="cond" truecount="1" falsecount="1"/>
        <line num="87" count="1" type="stmt"/>
        <line num="102" count="7" type="cond" truecount="4" falsecount="0"/>
        <line num="104" count="5" type="stmt"/>
        <line num="105" count="4" type="stmt"/>
        <line num="106" count="4" type="stmt"/>
        <line num="107" count="3" type="stmt"/>
        <line num="108" count="2" type="stmt"/>
        <line num="119" count="4" type="stmt"/>
        <line num="120" count="4" type="stmt"/>
        <line num="123" count="4" type="stmt"/>
        <line num="125" count="4" type="stmt"/>
        <line num="140" count="8" type="stmt"/>
        <line num="141" count="8" type="stmt"/>
        <line num="143" count="8" type="cond" truecount="2" falsecount="0"/>
        <line num="144" count="6" type="stmt"/>
        <line num="147" count="2" type="stmt"/>
        <line num="162" count="8" type="cond" truecount="2" falsecount="0"/>
        <line num="164" count="6" type="cond" truecount="1" falsecount="1"/>
        <line num="165" count="6" type="cond" truecount="1" falsecount="1"/>
        <line num="167" count="6" type="stmt"/>
        <line num="169" count="6" type="cond" truecount="2" falsecount="0"/>
        <line num="179" count="5" type="cond" truecount="1" falsecount="1"/>
        <line num="192" count="6" type="stmt"/>
        <line num="194" count="6" type="cond" truecount="2" falsecount="0"/>
        <line num="195" count="7" type="stmt"/>
        <line num="198" count="6" type="cond" truecount="2" falsecount="0"/>
        <line num="199" count="3" type="stmt"/>
        <line num="202" count="6" type="cond" truecount="2" falsecount="0"/>
        <line num="203" count="2" type="stmt"/>
        <line num="207" count="6" type="cond" truecount="4" falsecount="0"/>
        <line num="208" count="2" type="stmt"/>
        <line num="211" count="4" type="stmt"/>
        <line num="226" count="6" type="stmt"/>
        <line num="227" count="6" type="stmt"/>
        <line num="228" count="6" type="stmt"/>
        <line num="229" count="6" type="stmt"/>
        <line num="231" count="6" type="stmt"/>
        <line num="247" count="13" type="stmt"/>
        <line num="256" count="6" type="cond" truecount="2" falsecount="0"/>
        <line num="257" count="5" type="stmt"/>
        <line num="259" count="5" type="stmt"/>
        <line num="275" count="3" type="stmt"/>
        <line num="276" count="3" type="stmt"/>
        <line num="279" count="3" type="cond" truecount="2" falsecount="0"/>
        <line num="280" count="1" type="stmt"/>
        <line num="281" count="1" type="stmt"/>
        <line num="283" count="3" type="cond" truecount="2" falsecount="0"/>
        <line num="284" count="2" type="stmt"/>
        <line num="286" count="1" type="stmt"/>
        <line num="289" count="3" type="stmt"/>
        <line num="298" count="3" type="stmt"/>
        <line num="300" count="3" type="stmt"/>
        <line num="314" count="4" type="cond" truecount="5" falsecount="0"/>
        <line num="315" count="2" type="stmt"/>
        <line num="318" count="2" type="stmt"/>
        <line num="319" count="3" type="cond" truecount="1" falsecount="1"/>
        <line num="320" count="3" type="stmt"/>
        <line num="323" count="3" type="stmt"/>
        <line num="334" count="5" type="stmt"/>
        <line num="347" count="0" type="stmt"/>
        <line num="353" count="0" type="stmt"/>
        <line num="354" count="0" type="stmt"/>
        <line num="357" count="0" type="cond" truecount="0" falsecount="4"/>
        <line num="358" count="0" type="stmt"/>
        <line num="359" count="0" type="stmt"/>
        <line num="369" count="0" type="cond" truecount="0" falsecount="2"/>
        <line num="371" count="0" type="cond" truecount="0" falsecount="5"/>
        <line num="372" count="0" type="stmt"/>
        <line num="373" count="0" type="stmt"/>
        <line num="374" count="0" type="stmt"/>
        <line num="377" count="0" type="stmt"/>
        <line num="379" count="0" type="stmt"/>
        <line num="380" count="0" type="cond" truecount="0" falsecount="2"/>
        <line num="381" count="0" type="stmt"/>
        <line num="383" count="0" type="stmt"/>
        <line num="386" count="0" type="stmt"/>
        <line num="395" count="0" type="cond" truecount="0" falsecount="2"/>
        <line num="396" count="0" type="stmt"/>
        <line num="397" count="0" type="stmt"/>
        <line num="407" count="0" type="stmt"/>
        <line num="409" count="0" type="stmt"/>
        <line num="410" count="0" type="stmt"/>
        <line num="411" count="0" type="stmt"/>
        <line num="412" count="0" type="stmt"/>
        <line num="413" count="0" type="stmt"/>
        <line num="414" count="0" type="stmt"/>
        <line num="416" count="0" type="stmt"/>
        <line num="420" count="1" type="stmt"/>
        <line num="438" count="1" type="cond" truecount="1" falsecount="1"/>
        <line num="439" count="1" type="stmt"/>
      </file>
      <file name="QuickEntryDialogRender.html.js" path="/Users/dleal/GitHub/panini-wc-2026-gsheet-tracker/build/QuickEntryDialogRender.html.js">
        <metrics statements="116" coveredstatements="84" conditionals="43" coveredconditionals="29" methods="20" coveredmethods="16"/>
        <line num="19" count="2" type="cond" truecount="2" falsecount="0"/>
        <line num="20" count="1" type="stmt"/>
        <line num="30" count="0" type="stmt"/>
        <line num="31" count="0" type="stmt"/>
        <line num="32" count="0" type="stmt"/>
        <line num="33" count="0" type="stmt"/>
        <line num="34" count="0" type="stmt"/>
        <line num="35" count="0" type="cond" truecount="0" falsecount="2"/>
        <line num="36" count="0" type="stmt"/>
        <line num="39" count="0" type="stmt"/>
        <line num="42" count="0" type="stmt"/>
        <line num="43" count="0" type="cond" truecount="0" falsecount="2"/>
        <line num="44" count="0" type="stmt"/>
        <line num="46" count="0" type="stmt"/>
        <line num="49" count="0" type="stmt"/>
        <line num="50" count="0" type="stmt"/>
        <line num="51" count="0" type="stmt"/>
        <line num="52" count="0" type="stmt"/>
        <line num="53" count="0" type="stmt"/>
        <line num="54" count="0" type="stmt"/>
        <line num="55" count="0" type="stmt"/>
        <line num="56" count="0" type="stmt"/>
        <line num="60" count="0" type="stmt"/>
        <line num="61" count="0" type="stmt"/>
        <line num="68" count="6" type="cond" truecount="2" falsecount="0"/>
        <line num="69" count="4" type="stmt"/>
        <line num="71" count="2" type="stmt"/>
        <line num="78" count="1" type="stmt"/>
        <line num="79" count="1" type="stmt"/>
        <line num="80" count="1" type="stmt"/>
        <line num="81" count="1" type="stmt"/>
        <line num="82" count="1" type="stmt"/>
        <line num="83" count="1" type="stmt"/>
        <line num="84" count="1" type="stmt"/>
        <line num="85" count="1" type="stmt"/>
        <line num="86" count="1" type="stmt"/>
        <line num="94" count="2" type="cond" truecount="2" falsecount="0"/>
        <line num="103" count="6" type="stmt"/>
        <line num="110" count="2" type="stmt"/>
        <line num="111" count="2" type="stmt"/>
        <line num="113" count="2" type="cond" truecount="1" falsecount="1"/>
        <line num="114" count="2" type="stmt"/>
        <line num="116" count="2" type="stmt"/>
        <line num="117" count="3" type="stmt"/>
        <line num="118" count="3" type="stmt"/>
        <line num="123" count="2" type="stmt"/>
        <line num="128" count="1" type="stmt"/>
        <line num="129" count="1" type="stmt"/>
        <line num="130" count="1" type="stmt"/>
        <line num="131" count="1" type="stmt"/>
        <line num="135" count="1" type="stmt"/>
        <line num="143" count="4" type="stmt"/>
        <line num="144" count="4" type="stmt"/>
        <line num="147" count="4" type="cond" truecount="4" falsecount="0"/>
        <line num="148" count="2" type="stmt"/>
        <line num="151" count="4" type="stmt"/>
        <line num="153" count="6" type="stmt"/>
        <line num="155" count="4" type="stmt"/>
        <line num="162" count="7" type="stmt"/>
        <line num="163" count="7" type="stmt"/>
        <line num="164" count="11" type="stmt"/>
        <line num="166" count="7" type="stmt"/>
        <line num="173" count="10" type="stmt"/>
        <line num="174" count="10" type="stmt"/>
        <line num="175" count="10" type="cond" truecount="2" falsecount="0"/>
        <line num="176" count="1" type="stmt"/>
        <line num="178" count="10" type="cond" truecount="1" falsecount="1"/>
        <line num="179" count="0" type="stmt"/>
        <line num="180" count="0" type="stmt"/>
        <line num="181" count="0" type="stmt"/>
        <line num="182" count="0" type="stmt"/>
        <line num="184" count="10" type="stmt"/>
        <line num="185" count="10" type="stmt"/>
        <line num="186" count="10" type="cond" truecount="2" falsecount="0"/>
        <line num="187" count="10" type="stmt"/>
        <line num="188" count="10" type="stmt"/>
        <line num="189" count="10" type="stmt"/>
        <line num="190" count="10" type="stmt"/>
        <line num="191" count="10" type="stmt"/>
        <line num="192" count="10" type="stmt"/>
        <line num="193" count="10" type="cond" truecount="2" falsecount="0"/>
        <line num="194" count="10" type="stmt"/>
        <line num="195" count="0" type="cond" truecount="0" falsecount="2"/>
        <line num="196" count="0" type="stmt"/>
        <line num="198" count="0" type="stmt"/>
        <line num="202" count="10" type="stmt"/>
        <line num="203" count="10" type="stmt"/>
        <line num="204" count="10" type="stmt"/>
        <line num="205" count="10" type="stmt"/>
        <line num="206" count="10" type="stmt"/>
        <line num="207" count="10" type="stmt"/>
        <line num="208" count="0" type="cond" truecount="0" falsecount="2"/>
        <line num="209" count="0" type="stmt"/>
        <line num="211" count="0" type="stmt"/>
        <line num="215" count="10" type="stmt"/>
        <line num="216" count="10" type="stmt"/>
        <line num="217" count="10" type="stmt"/>
        <line num="218" count="10" type="stmt"/>
        <line num="219" count="10" type="stmt"/>
        <line num="226" count="1" type="stmt"/>
        <line num="227" count="1" type="stmt"/>
        <line num="228" count="1" type="stmt"/>
        <line num="229" count="1" type="stmt"/>
        <line num="230" count="1" type="stmt"/>
        <line num="237" count="1" type="stmt"/>
        <line num="238" count="1" type="stmt"/>
        <line num="239" count="1" type="stmt"/>
        <line num="246" count="21" type="cond" truecount="2" falsecount="0"/>
        <line num="247" count="18" type="cond" truecount="2" falsecount="0"/>
        <line num="248" count="13" type="cond" truecount="2" falsecount="0"/>
        <line num="249" count="8" type="cond" truecount="2" falsecount="0"/>
        <line num="250" count="4" type="cond" truecount="2" falsecount="0"/>
        <line num="251" count="3" type="stmt"/>
        <line num="255" count="1" type="stmt"/>
        <line num="270" count="1" type="cond" truecount="1" falsecount="1"/>
        <line num="271" count="1" type="stmt"/>
      </file>
      <file name="QuickEntryService.js" path="/Users/dleal/GitHub/panini-wc-2026-gsheet-tracker/build/QuickEntryService.js">
        <metrics statements="72" coveredstatements="68" conditionals="48" coveredconditionals="44" methods="23" coveredmethods="22"/>
        <line num="26" count="30" type="stmt"/>
        <line num="27" count="30" type="stmt"/>
        <line num="28" count="30" type="stmt"/>
        <line num="33" count="1" type="stmt"/>
        <line num="34" count="1" type="stmt"/>
        <line num="36" count="1" type="stmt"/>
        <line num="46" count="0" type="stmt"/>
        <line num="47" count="0" type="stmt"/>
        <line num="49" count="0" type="stmt"/>
        <line num="58" count="2" type="stmt"/>
        <line num="63" count="3" type="stmt"/>
        <line num="64" count="3" type="stmt"/>
        <line num="65" count="3" type="stmt"/>
        <line num="67" count="3" type="stmt"/>
        <line num="80" count="3" type="stmt"/>
        <line num="81" count="60" type="stmt"/>
        <line num="82" count="60" type="stmt"/>
        <line num="88" count="62" type="stmt"/>
        <line num="100" count="67" type="cond" truecount="2" falsecount="0"/>
        <line num="101" count="23" type="stmt"/>
        <line num="103" count="44" type="cond" truecount="2" falsecount="0"/>
        <line num="104" count="4" type="stmt"/>
        <line num="106" count="40" type="cond" truecount="2" falsecount="0"/>
        <line num="107" count="3" type="stmt"/>
        <line num="110" count="37" type="stmt"/>
        <line num="115" count="66" type="cond" truecount="2" falsecount="0"/>
        <line num="116" count="5" type="stmt"/>
        <line num="118" count="61" type="cond" truecount="2" falsecount="0"/>
        <line num="119" count="5" type="stmt"/>
        <line num="122" count="56" type="stmt"/>
        <line num="127" count="69" type="cond" truecount="2" falsecount="0"/>
        <line num="128" count="5" type="stmt"/>
        <line num="130" count="64" type="cond" truecount="2" falsecount="0"/>
        <line num="131" count="4" type="stmt"/>
        <line num="133" count="60" type="cond" truecount="2" falsecount="0"/>
        <line num="134" count="4" type="stmt"/>
        <line num="136" count="56" type="cond" truecount="2" falsecount="0"/>
        <line num="137" count="1" type="stmt"/>
        <line num="139" count="55" type="cond" truecount="2" falsecount="0"/>
        <line num="140" count="1" type="stmt"/>
        <line num="143" count="54" type="stmt"/>
        <line num="148" count="8" type="cond" truecount="2" falsecount="0"/>
        <line num="149" count="2" type="stmt"/>
        <line num="152" count="6" type="stmt"/>
        <line num="157" count="11" type="stmt"/>
        <line num="159" count="11" type="stmt"/>
        <line num="160" count="170" type="stmt"/>
        <line num="163" count="11" type="stmt"/>
        <line num="168" count="5" type="stmt"/>
        <line num="169" count="63" type="stmt"/>
        <line num="170" count="63" type="stmt"/>
        <line num="171" count="63" type="stmt"/>
        <line num="172" count="5" type="cond" truecount="2" falsecount="0"/>
        <line num="174" count="5" type="stmt"/>
        <line num="185" count="2" type="cond" truecount="4" falsecount="0"/>
        <line num="186" count="1" type="stmt"/>
        <line num="189" count="1" type="stmt"/>
        <line num="194" count="1" type="cond" truecount="2" falsecount="0"/>
        <line num="195" count="1" type="cond" truecount="2" falsecount="0"/>
        <line num="196" count="1" type="cond" truecount="2" falsecount="0"/>
        <line num="198" count="1" type="stmt"/>
        <line num="200" count="1" type="cond" truecount="3" falsecount="1"/>
        <line num="201" count="0" type="cond" truecount="0" falsecount="2"/>
        <line num="204" count="1" type="stmt"/>
        <line num="213" count="3" type="cond" truecount="2" falsecount="0"/>
        <line num="215" count="3" type="cond" truecount="2" falsecount="0"/>
        <line num="216" count="1" type="stmt"/>
        <line num="219" count="2" type="stmt"/>
        <line num="224" count="3" type="cond" truecount="2" falsecount="0"/>
        <line num="225" count="1" type="stmt"/>
        <line num="232" count="1" type="cond" truecount="1" falsecount="1"/>
        <line num="233" count="1" type="stmt"/>
      </file>
    </package>
    <package name="test.utils">
      <metrics statements="108" coveredstatements="93" conditionals="27" coveredconditionals="23" methods="58" coveredmethods="45"/>
      <file name="testKernel.js" path="/Users/dleal/GitHub/panini-wc-2026-gsheet-tracker/test/utils/testKernel.js">
        <metrics statements="108" coveredstatements="93" conditionals="27" coveredconditionals="23" methods="58" coveredmethods="45"/>
        <line num="14" count="4" type="stmt"/>
        <line num="15" count="14" type="stmt"/>
        <line num="21" count="4" type="stmt"/>
        <line num="32" count="82" type="stmt"/>
        <line num="33" count="82" type="stmt"/>
        <line num="35" count="82" type="stmt"/>
        <line num="36" count="82" type="stmt"/>
        <line num="37" count="82" type="stmt"/>
        <line num="38" count="82" type="stmt"/>
        <line num="39" count="82" type="stmt"/>
        <line num="40" count="82" type="stmt"/>
        <line num="41" count="82" type="stmt"/>
        <line num="43" count="82" type="stmt"/>
        <line num="44" count="82" type="stmt"/>
        <line num="45" count="82" type="stmt"/>
        <line num="46" count="82" type="stmt"/>
        <line num="47" count="82" type="stmt"/>
        <line num="49" count="82" type="stmt"/>
        <line num="51" count="82" type="stmt"/>
        <line num="53" count="164" type="stmt"/>
        <line num="60" count="52" type="stmt"/>
        <line num="61" count="52" type="stmt"/>
        <line num="62" count="52" type="stmt"/>
        <line num="63" count="52" type="stmt"/>
        <line num="64" count="0" type="stmt"/>
        <line num="65" count="0" type="stmt"/>
        <line num="66" count="1" type="stmt"/>
        <line num="67" count="37" type="stmt"/>
        <line num="68" count="1" type="stmt"/>
        <line num="69" count="52" type="stmt"/>
        <line num="70" count="52" type="stmt"/>
        <line num="71" count="0" type="stmt"/>
        <line num="72" count="52" type="stmt"/>
        <line num="73" count="0" type="stmt"/>
        <line num="78" count="127" type="stmt"/>
        <line num="79" count="127" type="stmt"/>
        <line num="81" count="127" type="stmt"/>
        <line num="82" count="127" type="stmt"/>
        <line num="87" count="127" type="stmt"/>
        <line num="88" count="127" type="stmt"/>
        <line num="89" count="127" type="stmt"/>
        <line num="90" count="5969" type="stmt"/>
        <line num="91" count="127" type="stmt"/>
        <line num="92" count="5969" type="stmt"/>
        <line num="94" count="127" type="stmt"/>
        <line num="95" count="19" type="cond" truecount="5" falsecount="1"/>
        <line num="96" count="0" type="stmt"/>
        <line num="98" count="19" type="stmt"/>
        <line num="101" count="127" type="stmt"/>
        <line num="102" count="127" type="stmt"/>
        <line num="103" count="44" type="stmt"/>
        <line num="104" count="54" type="stmt"/>
        <line num="105" count="54" type="stmt"/>
        <line num="106" count="27" type="stmt"/>
        <line num="107" count="27" type="stmt"/>
        <line num="108" count="84" type="stmt"/>
        <line num="111" count="5969" type="stmt"/>
        <line num="112" count="127" type="stmt"/>
        <line num="115" count="5969" type="stmt"/>
        <line num="117" count="127" type="stmt"/>
        <line num="119" count="5969" type="stmt"/>
        <line num="121" count="127" type="stmt"/>
        <line num="122" count="5969" type="stmt"/>
        <line num="123" count="127" type="stmt"/>
        <line num="124" count="1" type="stmt"/>
        <line num="125" count="9" type="stmt"/>
        <line num="126" count="2" type="stmt"/>
        <line num="127" count="2" type="stmt"/>
        <line num="128" count="0" type="stmt"/>
        <line num="129" count="0" type="stmt"/>
        <line num="130" count="0" type="stmt"/>
        <line num="133" count="127" type="stmt"/>
        <line num="134" count="10" type="stmt"/>
        <line num="135" count="2" type="stmt"/>
        <line num="136" count="2" type="stmt"/>
        <line num="137" count="0" type="stmt"/>
        <line num="138" count="0" type="stmt"/>
        <line num="139" count="0" type="stmt"/>
        <line num="142" count="127" type="stmt"/>
        <line num="143" count="150" type="stmt"/>
        <line num="145" count="772" type="cond" truecount="2" falsecount="0"/>
        <line num="146" count="671" type="cond" truecount="2" falsecount="0"/>
        <line num="147" count="480" type="cond" truecount="2" falsecount="0"/>
        <line num="148" count="376" type="cond" truecount="2" falsecount="0"/>
        <line num="149" count="272" type="cond" truecount="2" falsecount="0"/>
        <line num="150" count="168" type="cond" truecount="2" falsecount="0"/>
        <line num="151" count="84" type="cond" truecount="1" falsecount="1"/>
        <line num="152" count="0" type="stmt"/>
        <line num="158" count="127" type="stmt"/>
        <line num="159" count="10" type="stmt"/>
        <line num="160" count="490" type="stmt"/>
        <line num="161" count="490" type="stmt"/>
        <line num="162" count="10290" type="stmt"/>
        <line num="163" count="10290" type="cond" truecount="4" falsecount="0"/>
        <line num="165" count="490" type="stmt"/>
        <line num="171" count="24892" type="cond" truecount="1" falsecount="1"/>
        <line num="172" count="508" type="stmt"/>
        <line num="173" count="50" type="stmt"/>
        <line num="174" count="40" type="stmt"/>
        <line num="175" count="85" type="stmt"/>
        <line num="176" count="85" type="stmt"/>
        <line num="177" count="0" type="stmt"/>
        <line num="178" count="0" type="stmt"/>
        <line num="179" count="0" type="stmt"/>
        <line num="184" count="127" type="stmt"/>
        <line num="185" count="127" type="stmt"/>
        <line num="186" count="127" type="stmt"/>
        <line num="189" count="4" type="stmt"/>
      </file>
    </package>
  </project>
</coverage>
