{"/Users/dleal/GitHub/panini-wc-2026-gsheet-tracker/build/Commons.js": {"path":"/Users/dleal/GitHub/panini-wc-2026-gsheet-tracker/build/Commons.js","statementMap":{"0":{"start":{"line":22,"column":4},"end":{"line":22,"column":43}},"1":{"start":{"line":23,"column":4},"end":{"line":23,"column":37}},"2":{"start":{"line":24,"column":4},"end":{"line":24,"column":37}},"3":{"start":{"line":25,"column":4},"end":{"line":25,"column":43}},"4":{"start":{"line":26,"column":4},"end":{"line":26,"column":45}},"5":{"start":{"line":27,"column":4},"end":{"line":27,"column":51}},"6":{"start":{"line":28,"column":4},"end":{"line":28,"column":33}},"7":{"start":{"line":29,"column":4},"end":{"line":29,"column":24}},"8":{"start":{"line":30,"column":4},"end":{"line":30,"column":25}},"9":{"start":{"line":31,"column":4},"end":{"line":31,"column":22}},"10":{"start":{"line":32,"column":4},"end":{"line":32,"column":75}},"11":{"start":{"line":34,"column":4},"end":{"line":34,"column":51}},"12":{"start":{"line":35,"column":4},"end":{"line":35,"column":30}},"13":{"start":{"line":36,"column":4},"end":{"line":36,"column":27}},"14":{"start":{"line":37,"column":4},"end":{"line":37,"column":27}},"15":{"start":{"line":38,"column":4},"end":{"line":38,"column":29}},"16":{"start":{"line":39,"column":4},"end":{"line":39,"column":30}},"17":{"start":{"line":40,"column":4},"end":{"line":40,"column":33}},"18":{"start":{"line":41,"column":4},"end":{"line":41,"column":25}},"19":{"start":{"line":42,"column":4},"end":{"line":42,"column":21}},"20":{"start":{"line":43,"column":4},"end":{"line":43,"column":24}},"21":{"start":{"line":44,"column":4},"end":{"line":44,"column":24}},"22":{"start":{"line":45,"column":4},"end":{"line":45,"column":23}},"23":{"start":{"line":46,"column":4},"end":{"line":46,"column":30}},"24":{"start":{"line":47,"column":4},"end":{"line":47,"column":26}},"25":{"start":{"line":48,"column":4},"end":{"line":48,"column":25}},"26":{"start":{"line":49,"column":4},"end":{"line":49,"column":26}},"27":{"start":{"line":56,"column":4},"end":{"line":59,"column":5}},"28":{"start":{"line":57,"column":6},"end":{"line":57,"column":77}},"29":{"start":{"line":58,"column":6},"end":{"line":58,"column":91}},"30":{"start":{"line":60,"column":4},"end":{"line":60,"column":30}},"31":{"start":{"line":65,"column":4},"end":{"line":68,"column":5}},"32":{"start":{"line":66,"column":6},"end":{"line":66,"column":84}},"33":{"start":{"line":67,"column":6},"end":{"line":67,"column":98}},"34":{"start":{"line":69,"column":4},"end":{"line":69,"column":33}},"35":{"start":{"line":80,"column":4},"end":{"line":87,"column":5}},"36":{"start":{"line":81,"column":6},"end":{"line":81,"column":71}},"37":{"start":{"line":82,"column":6},"end":{"line":82,"column":113}},"38":{"start":{"line":83,"column":6},"end":{"line":83,"column":47}},"39":{"start":{"line":84,"column":6},"end":{"line":84,"column":50}},"40":{"start":{"line":85,"column":6},"end":{"line":85,"column":50}},"41":{"start":{"line":86,"column":6},"end":{"line":86,"column":60}},"42":{"start":{"line":88,"column":4},"end":{"line":88,"column":27}},"43":{"start":{"line":93,"column":4},"end":{"line":96,"column":5}},"44":{"start":{"line":94,"column":6},"end":{"line":94,"column":67}},"45":{"start":{"line":95,"column":6},"end":{"line":95,"column":81}},"46":{"start":{"line":97,"column":4},"end":{"line":97,"column":25}},"47":{"start":{"line":102,"column":4},"end":{"line":105,"column":5}},"48":{"start":{"line":103,"column":6},"end":{"line":103,"column":78}},"49":{"start":{"line":104,"column":6},"end":{"line":104,"column":92}},"50":{"start":{"line":106,"column":4},"end":{"line":106,"column":30}},"51":{"start":{"line":111,"column":4},"end":{"line":114,"column":5}},"52":{"start":{"line":112,"column":6},"end":{"line":112,"column":76}},"53":{"start":{"line":113,"column":6},"end":{"line":113,"column":90}},"54":{"start":{"line":115,"column":4},"end":{"line":115,"column":29}},"55":{"start":{"line":120,"column":4},"end":{"line":123,"column":5}},"56":{"start":{"line":121,"column":6},"end":{"line":121,"column":71}},"57":{"start":{"line":122,"column":6},"end":{"line":122,"column":85}},"58":{"start":{"line":124,"column":4},"end":{"line":124,"column":27}},"59":{"start":{"line":129,"column":4},"end":{"line":131,"column":5}},"60":{"start":{"line":130,"column":6},"end":{"line":130,"column":51}},"61":{"start":{"line":132,"column":4},"end":{"line":132,"column":21}},"62":{"start":{"line":137,"column":4},"end":{"line":139,"column":5}},"63":{"start":{"line":138,"column":6},"end":{"line":138,"column":27}},"64":{"start":{"line":140,"column":4},"end":{"line":140,"column":24}},"65":{"start":{"line":145,"column":4},"end":{"line":147,"column":5}},"66":{"start":{"line":146,"column":6},"end":{"line":146,"column":27}},"67":{"start":{"line":148,"column":4},"end":{"line":148,"column":24}},"68":{"start":{"line":153,"column":4},"end":{"line":155,"column":5}},"69":{"start":{"line":154,"column":6},"end":{"line":154,"column":27}},"70":{"start":{"line":156,"column":4},"end":{"line":156,"column":23}},"71":{"start":{"line":161,"column":4},"end":{"line":163,"column":5}},"72":{"start":{"line":162,"column":6},"end":{"line":162,"column":27}},"73":{"start":{"line":164,"column":4},"end":{"line":164,"column":30}},"74":{"start":{"line":184,"column":4},"end":{"line":186,"column":5}},"75":{"start":{"line":185,"column":6},"end":{"line":185,"column":47}},"76":{"start":{"line":187,"column":4},"end":{"line":187,"column":26}},"77":{"start":{"line":198,"column":4},"end":{"line":204,"column":5}},"78":{"start":{"line":199,"column":21},"end":{"line":201,"column":24}},"79":{"start":{"line":200,"column":20},"end":{"line":200,"column":61}},"80":{"start":{"line":203,"column":6},"end":{"line":203,"column":51}},"81":{"start":{"line":205,"column":4},"end":{"line":205,"column":26}},"82":{"start":{"line":220,"column":34},"end":{"line":220,"column":73}},"83":{"start":{"line":221,"column":25},"end":{"line":221,"column":74}},"84":{"start":{"line":222,"column":24},"end":{"line":222,"column":71}},"85":{"start":{"line":223,"column":4},"end":{"line":223,"column":57}},"86":{"start":{"line":223,"column":36},"end":{"line":223,"column":56}},"87":{"start":{"line":236,"column":31},"end":{"line":236,"column":73}},"88":{"start":{"line":237,"column":34},"end":{"line":237,"column":73}},"89":{"start":{"line":238,"column":25},"end":{"line":238,"column":74}},"90":{"start":{"line":239,"column":24},"end":{"line":239,"column":71}},"91":{"start":{"line":241,"column":4},"end":{"line":243,"column":5}},"92":{"start":{"line":242,"column":6},"end":{"line":242,"column":73}},"93":{"start":{"line":244,"column":4},"end":{"line":244,"column":69}},"94":{"start":{"line":244,"column":32},"end":{"line":244,"column":48}},"95":{"start":{"line":263,"column":27},"end":{"line":263,"column":63}},"96":{"start":{"line":264,"column":4},"end":{"line":266,"column":6}},"97":{"start":{"line":265,"column":6},"end":{"line":265,"column":73}},"98":{"start":{"line":283,"column":4},"end":{"line":285,"column":5}},"99":{"start":{"line":284,"column":6},"end":{"line":284,"column":44}},"100":{"start":{"line":286,"column":4},"end":{"line":286,"column":25}},"101":{"start":{"line":291,"column":4},"end":{"line":293,"column":5}},"102":{"start":{"line":292,"column":6},"end":{"line":292,"column":62}},"103":{"start":{"line":294,"column":4},"end":{"line":298,"column":5}},"104":{"start":{"line":295,"column":6},"end":{"line":297,"column":7}},"105":{"start":{"line":299,"column":4},"end":{"line":303,"column":5}},"106":{"start":{"line":300,"column":6},"end":{"line":302,"column":7}},"107":{"start":{"line":316,"column":23},"end":{"line":316,"column":25}},"108":{"start":{"line":317,"column":4},"end":{"line":322,"column":6}},"109":{"start":{"line":318,"column":6},"end":{"line":321,"column":7}},"110":{"start":{"line":323,"column":4},"end":{"line":323,"column":21}},"111":{"start":{"line":340,"column":26},"end":{"line":340,"column":62}},"112":{"start":{"line":341,"column":24},"end":{"line":341,"column":57}},"113":{"start":{"line":342,"column":24},"end":{"line":342,"column":57}},"114":{"start":{"line":343,"column":23},"end":{"line":343,"column":65}},"115":{"start":{"line":344,"column":30},"end":{"line":344,"column":76}},"116":{"start":{"line":346,"column":4},"end":{"line":356,"column":22}},"117":{"start":{"line":348,"column":8},"end":{"line":354,"column":9}},"118":{"start":{"line":361,"column":24},"end":{"line":361,"column":72}},"119":{"start":{"line":362,"column":4},"end":{"line":364,"column":5}},"120":{"start":{"line":363,"column":6},"end":{"line":363,"column":17}},"121":{"start":{"line":365,"column":22},"end":{"line":365,"column":68}},"122":{"start":{"line":366,"column":24},"end":{"line":366,"column":62}},"123":{"start":{"line":368,"column":4},"end":{"line":374,"column":5}},"124":{"start":{"line":373,"column":44},"end":{"line":373,"column":64}},"125":{"start":{"line":379,"column":34},"end":{"line":379,"column":80}},"126":{"start":{"line":381,"column":4},"end":{"line":383,"column":5}},"127":{"start":{"line":382,"column":6},"end":{"line":382,"column":98}},"128":{"start":{"line":385,"column":4},"end":{"line":385,"column":32}},"129":{"start":{"line":390,"column":33},"end":{"line":390,"column":54}},"130":{"start":{"line":391,"column":4},"end":{"line":393,"column":5}},"131":{"start":{"line":392,"column":6},"end":{"line":392,"column":82}},"132":{"start":{"line":394,"column":4},"end":{"line":396,"column":5}},"133":{"start":{"line":395,"column":6},"end":{"line":395,"column":94}},"134":{"start":{"line":397,"column":4},"end":{"line":397,"column":31}},"135":{"start":{"line":402,"column":4},"end":{"line":409,"column":10}},"136":{"start":{"line":403,"column":6},"end":{"line":405,"column":7}},"137":{"start":{"line":404,"column":8},"end":{"line":404,"column":40}},"138":{"start":{"line":407,"column":6},"end":{"line":407,"column":46}},"139":{"start":{"line":408,"column":6},"end":{"line":408,"column":20}},"140":{"start":{"line":414,"column":34},"end":{"line":414,"column":73}},"141":{"start":{"line":415,"column":16},"end":{"line":415,"column":63}},"142":{"start":{"line":416,"column":18},"end":{"line":416,"column":96}},"143":{"start":{"line":417,"column":26},"end":{"line":417,"column":46}},"144":{"start":{"line":418,"column":26},"end":{"line":418,"column":47}},"145":{"start":{"line":420,"column":4},"end":{"line":423,"column":6}},"146":{"start":{"line":421,"column":28},"end":{"line":421,"column":77}},"147":{"start":{"line":422,"column":6},"end":{"line":422,"column":49}},"148":{"start":{"line":424,"column":4},"end":{"line":424,"column":36}},"149":{"start":{"line":429,"column":25},"end":{"line":429,"column":38}},"150":{"start":{"line":430,"column":4},"end":{"line":432,"column":5}},"151":{"start":{"line":431,"column":6},"end":{"line":431,"column":14}},"152":{"start":{"line":433,"column":4},"end":{"line":433,"column":23}},"153":{"start":{"line":440,"column":0},"end":{"line":444,"column":1}},"154":{"start":{"line":441,"column":2},"end":{"line":443,"column":3}}},"fnMap":{"0":{"name":"(anonymous_0)","decl":{"start":{"line":21,"column":2},"end":{"line":21,"column":3}},"loc":{"start":{"line":21,"column":16},"end":{"line":50,"column":3}},"line":21},"1":{"name":"(anonymous_1)","decl":{"start":{"line":55,"column":2},"end":{"line":55,"column":3}},"loc":{"start":{"line":55,"column":22},"end":{"line":61,"column":3}},"line":55},"2":{"name":"(anonymous_2)","decl":{"start":{"line":64,"column":2},"end":{"line":64,"column":3}},"loc":{"start":{"line":64,"column":25},"end":{"line":70,"column":3}},"line":64},"3":{"name":"(anonymous_3)","decl":{"start":{"line":79,"column":2},"end":{"line":79,"column":3}},"loc":{"start":{"line":79,"column":19},"end":{"line":89,"column":3}},"line":79},"4":{"name":"(anonymous_4)","decl":{"start":{"line":92,"column":2},"end":{"line":92,"column":3}},"loc":{"start":{"line":92,"column":17},"end":{"line":98,"column":3}},"line":92},"5":{"name":"(anonymous_5)","decl":{"start":{"line":101,"column":2},"end":{"line":101,"column":3}},"loc":{"start":{"line":101,"column":22},"end":{"line":107,"column":3}},"line":101},"6":{"name":"(anonymous_6)","decl":{"start":{"line":110,"column":2},"end":{"line":110,"column":3}},"loc":{"start":{"line":110,"column":21},"end":{"line":116,"column":3}},"line":110},"7":{"name":"(anonymous_7)","decl":{"start":{"line":119,"column":2},"end":{"line":119,"column":3}},"loc":{"start":{"line":119,"column":19},"end":{"line":125,"column":3}},"line":119},"8":{"name":"(anonymous_8)","decl":{"start":{"line":128,"column":2},"end":{"line":128,"column":3}},"loc":{"start":{"line":128,"column":13},"end":{"line":133,"column":3}},"line":128},"9":{"name":"(anonymous_9)","decl":{"start":{"line":136,"column":2},"end":{"line":136,"column":3}},"loc":{"start":{"line":136,"column":16},"end":{"line":141,"column":3}},"line":136},"10":{"name":"(anonymous_10)","decl":{"start":{"line":144,"column":2},"end":{"line":144,"column":3}},"loc":{"start":{"line":144,"column":16},"end":{"line":149,"column":3}},"line":144},"11":{"name":"(anonymous_11)","decl":{"start":{"line":152,"column":2},"end":{"line":152,"column":3}},"loc":{"start":{"line":152,"column":15},"end":{"line":157,"column":3}},"line":152},"12":{"name":"(anonymous_12)","decl":{"start":{"line":160,"column":2},"end":{"line":160,"column":3}},"loc":{"start":{"line":160,"column":22},"end":{"line":165,"column":3}},"line":160},"13":{"name":"(anonymous_13)","decl":{"start":{"line":183,"column":2},"end":{"line":183,"column":3}},"loc":{"start":{"line":183,"column":18},"end":{"line":188,"column":3}},"line":183},"14":{"name":"(anonymous_14)","decl":{"start":{"line":197,"column":2},"end":{"line":197,"column":3}},"loc":{"start":{"line":197,"column":18},"end":{"line":206,"column":3}},"line":197},"15":{"name":"(anonymous_15)","decl":{"start":{"line":200,"column":13},"end":{"line":200,"column":14}},"loc":{"start":{"line":200,"column":20},"end":{"line":200,"column":61}},"line":200},"16":{"name":"(anonymous_16)","decl":{"start":{"line":219,"column":2},"end":{"line":219,"column":3}},"loc":{"start":{"line":219,"column":32},"end":{"line":224,"column":3}},"line":219},"17":{"name":"(anonymous_17)","decl":{"start":{"line":223,"column":27},"end":{"line":223,"column":28}},"loc":{"start":{"line":223,"column":36},"end":{"line":223,"column":56}},"line":223},"18":{"name":"(anonymous_18)","decl":{"start":{"line":235,"column":2},"end":{"line":235,"column":3}},"loc":{"start":{"line":235,"column":46},"end":{"line":245,"column":3}},"line":235},"19":{"name":"(anonymous_19)","decl":{"start":{"line":244,"column":27},"end":{"line":244,"column":28}},"loc":{"start":{"line":244,"column":32},"end":{"line":244,"column":48}},"line":244},"20":{"name":"(anonymous_20)","decl":{"start":{"line":262,"column":2},"end":{"line":262,"column":3}},"loc":{"start":{"line":262,"column":31},"end":{"line":267,"column":3}},"line":262},"21":{"name":"(anonymous_21)","decl":{"start":{"line":264,"column":40},"end":{"line":264,"column":41}},"loc":{"start":{"line":264,"column":55},"end":{"line":266,"column":5}},"line":264},"22":{"name":"(anonymous_22)","decl":{"start":{"line":282,"column":2},"end":{"line":282,"column":3}},"loc":{"start":{"line":282,"column":17},"end":{"line":287,"column":3}},"line":282},"23":{"name":"(anonymous_23)","decl":{"start":{"line":290,"column":2},"end":{"line":290,"column":3}},"loc":{"start":{"line":290,"column":63},"end":{"line":304,"column":3}},"line":290},"24":{"name":"(anonymous_24)","decl":{"start":{"line":315,"column":2},"end":{"line":315,"column":3}},"loc":{"start":{"line":315,"column":21},"end":{"line":324,"column":3}},"line":315},"25":{"name":"(anonymous_25)","decl":{"start":{"line":317,"column":32},"end":{"line":317,"column":33}},"loc":{"start":{"line":317,"column":52},"end":{"line":322,"column":5}},"line":317},"26":{"name":"(anonymous_26)","decl":{"start":{"line":339,"column":2},"end":{"line":339,"column":3}},"loc":{"start":{"line":339,"column":19},"end":{"line":357,"column":3}},"line":339},"27":{"name":"(anonymous_27)","decl":{"start":{"line":347,"column":11},"end":{"line":347,"column":12}},"loc":{"start":{"line":347,"column":27},"end":{"line":355,"column":7}},"line":347},"28":{"name":"(anonymous_28)","decl":{"start":{"line":360,"column":2},"end":{"line":360,"column":3}},"loc":{"start":{"line":360,"column":79},"end":{"line":375,"column":3}},"line":360},"29":{"name":"(anonymous_29)","decl":{"start":{"line":373,"column":35},"end":{"line":373,"column":36}},"loc":{"start":{"line":373,"column":44},"end":{"line":373,"column":64}},"line":373},"30":{"name":"(anonymous_30)","decl":{"start":{"line":378,"column":2},"end":{"line":378,"column":3}},"loc":{"start":{"line":378,"column":37},"end":{"line":386,"column":3}},"line":378},"31":{"name":"(anonymous_31)","decl":{"start":{"line":389,"column":2},"end":{"line":389,"column":3}},"loc":{"start":{"line":389,"column":40},"end":{"line":398,"column":3}},"line":389},"32":{"name":"(anonymous_32)","decl":{"start":{"line":401,"column":2},"end":{"line":401,"column":3}},"loc":{"start":{"line":401,"column":34},"end":{"line":410,"column":3}},"line":401},"33":{"name":"(anonymous_33)","decl":{"start":{"line":402,"column":26},"end":{"line":402,"column":27}},"loc":{"start":{"line":402,"column":47},"end":{"line":409,"column":5}},"line":402},"34":{"name":"(anonymous_34)","decl":{"start":{"line":413,"column":2},"end":{"line":413,"column":3}},"loc":{"start":{"line":413,"column":45},"end":{"line":425,"column":3}},"line":413},"35":{"name":"(anonymous_35)","decl":{"start":{"line":420,"column":20},"end":{"line":420,"column":21}},"loc":{"start":{"line":420,"column":30},"end":{"line":423,"column":5}},"line":420},"36":{"name":"(anonymous_36)","decl":{"start":{"line":428,"column":2},"end":{"line":428,"column":3}},"loc":{"start":{"line":428,"column":18},"end":{"line":434,"column":3}},"line":428}},"branchMap":{"0":{"loc":{"start":{"line":56,"column":4},"end":{"line":59,"column":5}},"type":"if","locations":[{"start":{"line":56,"column":4},"end":{"line":59,"column":5}},{"start":{},"end":{}}],"line":56},"1":{"loc":{"start":{"line":65,"column":4},"end":{"line":68,"column":5}},"type":"if","locations":[{"start":{"line":65,"column":4},"end":{"line":68,"column":5}},{"start":{},"end":{}}],"line":65},"2":{"loc":{"start":{"line":80,"column":4},"end":{"line":87,"column":5}},"type":"if","locations":[{"start":{"line":80,"column":4},"end":{"line":87,"column":5}},{"start":{},"end":{}}],"line":80},"3":{"loc":{"start":{"line":93,"column":4},"end":{"line":96,"column":5}},"type":"if","locations":[{"start":{"line":93,"column":4},"end":{"line":96,"column":5}},{"start":{},"end":{}}],"line":93},"4":{"loc":{"start":{"line":102,"column":4},"end":{"line":105,"column":5}},"type":"if","locations":[{"start":{"line":102,"column":4},"end":{"line":105,"column":5}},{"start":{},"end":{}}],"line":102},"5":{"loc":{"start":{"line":111,"column":4},"end":{"line":114,"column":5}},"type":"if","locations":[{"start":{"line":111,"column":4},"end":{"line":114,"column":5}},{"start":{},"end":{}}],"line":111},"6":{"loc":{"start":{"line":120,"column":4},"end":{"line":123,"column":5}},"type":"if","locations":[{"start":{"line":120,"column":4},"end":{"line":123,"column":5}},{"start":{},"end":{}}],"line":120},"7":{"loc":{"start":{"line":129,"column":4},"end":{"line":131,"column":5}},"type":"if","locations":[{"start":{"line":129,"column":4},"end":{"line":131,"column":5}},{"start":{},"end":{}}],"line":129},"8":{"loc":{"start":{"line":137,"column":4},"end":{"line":139,"column":5}},"type":"if","locations":[{"start":{"line":137,"column":4},"end":{"line":139,"column":5}},{"start":{},"end":{}}],"line":137},"9":{"loc":{"start":{"line":145,"column":4},"end":{"line":147,"column":5}},"type":"if","locations":[{"start":{"line":145,"column":4},"end":{"line":147,"column":5}},{"start":{},"end":{}}],"line":145},"10":{"loc":{"start":{"line":153,"column":4},"end":{"line":155,"column":5}},"type":"if","locations":[{"start":{"line":153,"column":4},"end":{"line":155,"column":5}},{"start":{},"end":{}}],"line":153},"11":{"loc":{"start":{"line":161,"column":4},"end":{"line":163,"column":5}},"type":"if","locations":[{"start":{"line":161,"column":4},"end":{"line":163,"column":5}},{"start":{},"end":{}}],"line":161},"12":{"loc":{"start":{"line":184,"column":4},"end":{"line":186,"column":5}},"type":"if","locations":[{"start":{"line":184,"column":4},"end":{"line":186,"column":5}},{"start":{},"end":{}}],"line":184},"13":{"loc":{"start":{"line":198,"column":4},"end":{"line":204,"column":5}},"type":"if","locations":[{"start":{"line":198,"column":4},"end":{"line":204,"column":5}},{"start":{},"end":{}}],"line":198},"14":{"loc":{"start":{"line":200,"column":27},"end":{"line":200,"column":39}},"type":"binary-expr","locations":[{"start":{"line":200,"column":27},"end":{"line":200,"column":33}},{"start":{"line":200,"column":37},"end":{"line":200,"column":39}}],"line":200},"15":{"loc":{"start":{"line":241,"column":4},"end":{"line":243,"column":5}},"type":"if","locations":[{"start":{"line":241,"column":4},"end":{"line":243,"column":5}},{"start":{},"end":{}}],"line":241},"16":{"loc":{"start":{"line":283,"column":4},"end":{"line":285,"column":5}},"type":"if","locations":[{"start":{"line":283,"column":4},"end":{"line":285,"column":5}},{"start":{},"end":{}}],"line":283},"17":{"loc":{"start":{"line":291,"column":4},"end":{"line":293,"column":5}},"type":"if","locations":[{"start":{"line":291,"column":4},"end":{"line":293,"column":5}},{"start":{},"end":{}}],"line":291},"18":{"loc":{"start":{"line":294,"column":4},"end":{"line":298,"column":5}},"type":"if","locations":[{"start":{"line":294,"column":4},"end":{"line":298,"column":5}},{"start":{},"end":{}}],"line":294},"19":{"loc":{"start":{"line":299,"column":4},"end":{"line":303,"column":5}},"type":"if","locations":[{"start":{"line":299,"column":4},"end":{"line":303,"column":5}},{"start":{},"end":{}}],"line":299},"20":{"loc":{"start":{"line":361,"column":31},"end":{"line":361,"column":50}},"type":"binary-expr","locations":[{"start":{"line":361,"column":31},"end":{"line":361,"column":44}},{"start":{"line":361,"column":48},"end":{"line":361,"column":50}}],"line":361},"21":{"loc":{"start":{"line":362,"column":4},"end":{"line":364,"column":5}},"type":"if","locations":[{"start":{"line":362,"column":4},"end":{"line":364,"column":5}},{"start":{},"end":{}}],"line":362},"22":{"loc":{"start":{"line":365,"column":29},"end":{"line":365,"column":46}},"type":"binary-expr","locations":[{"start":{"line":365,"column":29},"end":{"line":365,"column":40}},{"start":{"line":365,"column":44},"end":{"line":365,"column":46}}],"line":365},"23":{"loc":{"start":{"line":366,"column":31},"end":{"line":366,"column":54}},"type":"binary-expr","locations":[{"start":{"line":366,"column":31},"end":{"line":366,"column":48}},{"start":{"line":366,"column":52},"end":{"line":366,"column":54}}],"line":366},"24":{"loc":{"start":{"line":372,"column":19},"end":{"line":372,"column":35}},"type":"binary-expr","locations":[{"start":{"line":372,"column":19},"end":{"line":372,"column":29}},{"start":{"line":372,"column":33},"end":{"line":372,"column":35}}],"line":372},"25":{"loc":{"start":{"line":373,"column":15},"end":{"line":373,"column":29}},"type":"binary-expr","locations":[{"start":{"line":373,"column":15},"end":{"line":373,"column":23}},{"start":{"line":373,"column":27},"end":{"line":373,"column":29}}],"line":373},"26":{"loc":{"start":{"line":379,"column":41},"end":{"line":379,"column":58}},"type":"binary-expr","locations":[{"start":{"line":379,"column":41},"end":{"line":379,"column":52}},{"start":{"line":379,"column":56},"end":{"line":379,"column":58}}],"line":379},"27":{"loc":{"start":{"line":381,"column":4},"end":{"line":383,"column":5}},"type":"if","locations":[{"start":{"line":381,"column":4},"end":{"line":383,"column":5}},{"start":{},"end":{}}],"line":381},"28":{"loc":{"start":{"line":391,"column":4},"end":{"line":393,"column":5}},"type":"if","locations":[{"start":{"line":391,"column":4},"end":{"line":393,"column":5}},{"start":{},"end":{}}],"line":391},"29":{"loc":{"start":{"line":394,"column":4},"end":{"line":396,"column":5}},"type":"if","locations":[{"start":{"line":394,"column":4},"end":{"line":396,"column":5}},{"start":{},"end":{}}],"line":394},"30":{"loc":{"start":{"line":394,"column":8},"end":{"line":394,"column":90}},"type":"binary-expr","locations":[{"start":{"line":394,"column":8},"end":{"line":394,"column":47}},{"start":{"line":394,"column":51},"end":{"line":394,"column":90}}],"line":394},"31":{"loc":{"start":{"line":403,"column":6},"end":{"line":405,"column":7}},"type":"if","locations":[{"start":{"line":403,"column":6},"end":{"line":405,"column":7}},{"start":{},"end":{}}],"line":403},"32":{"loc":{"start":{"line":430,"column":4},"end":{"line":432,"column":5}},"type":"if","locations":[{"start":{"line":430,"column":4},"end":{"line":432,"column":5}},{"start":{},"end":{}}],"line":430},"33":{"loc":{"start":{"line":430,"column":8},"end":{"line":430,"column":88}},"type":"binary-expr","locations":[{"start":{"line":430,"column":8},"end":{"line":430,"column":20}},{"start":{"line":430,"column":24},"end":{"line":430,"column":38}},{"start":{"line":430,"column":42},"end":{"line":430,"column":68}},{"start":{"line":430,"column":72},"end":{"line":430,"column":88}}],"line":430},"34":{"loc":{"start":{"line":440,"column":0},"end":{"line":444,"column":1}},"type":"if","locations":[{"start":{"line":440,"column":0},"end":{"line":444,"column":1}},{"start":{},"end":{}}],"line":440}},"s":{"0":75,"1":75,"2":75,"3":75,"4":75,"5":75,"6":75,"7":75,"8":75,"9":75,"10":75,"11":75,"12":75,"13":75,"14":75,"15":75,"16":75,"17":75,"18":75,"19":75,"20":75,"21":75,"22":75,"23":75,"24":75,"25":75,"26":75,"27":28,"28":20,"29":20,"30":27,"31":28,"32":23,"33":23,"34":27,"35":47,"36":28,"37":28,"38":27,"39":27,"40":27,"41":27,"42":46,"43":4,"44":3,"45":3,"46":3,"47":4,"48":3,"49":3,"50":3,"51":28,"52":23,"53":23,"54":27,"55":31,"56":23,"57":23,"58":30,"59":4,"60":2,"61":4,"62":24,"63":2,"64":24,"65":4,"66":2,"67":4,"68":3,"69":2,"70":3,"71":4,"72":2,"73":4,"74":30,"75":14,"76":30,"77":4,"78":3,"79":57,"80":3,"81":4,"82":7,"83":5,"84":5,"85":5,"86":72,"87":6,"88":5,"89":4,"90":4,"91":4,"92":2,"93":2,"94":42,"95":4,"96":4,"97":5,"98":30,"99":24,"100":30,"101":123,"102":0,"103":123,"104":1,"105":122,"106":6,"107":14,"108":14,"109":26,"110":14,"111":24,"112":24,"113":24,"114":24,"115":24,"116":24,"117":848,"118":848,"119":848,"120":804,"121":44,"122":44,"123":44,"124":693,"125":13,"126":13,"127":3,"128":10,"129":8,"130":8,"131":0,"132":8,"133":1,"134":7,"135":4,"136":7,"137":5,"138":7,"139":7,"140":1,"141":1,"142":1,"143":1,"144":1,"145":1,"146":2,"147":2,"148":1,"149":807,"150":807,"151":752,"152":55,"153":1,"154":1},"f":{"0":75,"1":28,"2":28,"3":47,"4":4,"5":4,"6":28,"7":31,"8":4,"9":24,"10":4,"11":3,"12":4,"13":30,"14":4,"15":57,"16":7,"17":72,"18":6,"19":42,"20":4,"21":5,"22":30,"23":123,"24":14,"25":26,"26":24,"27":848,"28":848,"29":693,"30":13,"31":8,"32":4,"33":7,"34":1,"35":2,"36":807},"b":{"0":[20,8],"1":[23,5],"2":[28,19],"3":[3,1],"4":[3,1],"5":[23,5],"6":[23,8],"7":[2,2],"8":[2,22],"9":[2,2],"10":[2,1],"11":[2,2],"12":[14,16],"13":[3,1],"14":[57,50],"15":[2,2],"16":[24,6],"17":[0,123],"18":[1,122],"19":[6,116],"20":[848,802],"21":[804,44],"22":[44,4],"23":[44,3],"24":[44,3],"25":[44,4],"26":[13,0],"27":[3,10],"28":[0,8],"29":[1,7],"30":[8,8],"31":[5,2],"32":[752,55],"33":[807,62,60,58],"34":[1,0]},"_coverageSchema":"1a1c01bbd47fc00a2c39e90264f33305004495a9","hash":"0b7db5113bfeb9444288d7371f90411287353cdc"}
,"/Users/dleal/GitHub/panini-wc-2026-gsheet-tracker/build/ExportDialogHelpers.html.js": {"path":"/Users/dleal/GitHub/panini-wc-2026-gsheet-tracker/build/ExportDialogHelpers.html.js","statementMap":{"0":{"start":{"line":26,"column":22},"end":{"line":26,"column":86}},"1":{"start":{"line":27,"column":19},"end":{"line":27,"column":51}},"2":{"start":{"line":28,"column":17},"end":{"line":28,"column":34}},"3":{"start":{"line":29,"column":15},"end":{"line":29,"column":58}},"4":{"start":{"line":30,"column":15},"end":{"line":30,"column":53}},"5":{"start":{"line":31,"column":15},"end":{"line":31,"column":54}},"6":{"start":{"line":32,"column":15},"end":{"line":32,"column":56}},"7":{"start":{"line":33,"column":15},"end":{"line":33,"column":56}},"8":{"start":{"line":35,"column":4},"end":{"line":35,"column":60}},"9":{"start":{"line":47,"column":20},"end":{"line":47,"column":69}},"10":{"start":{"line":48,"column":23},"end":{"line":49,"column":77}},"11":{"start":{"line":50,"column":22},"end":{"line":51,"column":75}},"12":{"start":{"line":53,"column":4},"end":{"line":57,"column":5}},"13":{"start":{"line":64,"column":4},"end":{"line":64,"column":27}},"14":{"start":{"line":71,"column":15},"end":{"line":71,"column":86}},"15":{"start":{"line":72,"column":4},"end":{"line":72,"column":23}},"16":{"start":{"line":72,"column":15},"end":{"line":72,"column":21}},"17":{"start":{"line":73,"column":4},"end":{"line":73,"column":46}},"18":{"start":{"line":74,"column":4},"end":{"line":74,"column":31}},"19":{"start":{"line":81,"column":16},"end":{"line":81,"column":41}},"20":{"start":{"line":83,"column":6},"end":{"line":88,"column":7}},"21":{"start":{"line":89,"column":4},"end":{"line":89,"column":76}},"22":{"start":{"line":89,"column":52},"end":{"line":89,"column":73}},"23":{"start":{"line":90,"column":4},"end":{"line":90,"column":60}},"24":{"start":{"line":90,"column":29},"end":{"line":90,"column":57}},"25":{"start":{"line":90,"column":37},"end":{"line":90,"column":57}},"26":{"start":{"line":97,"column":22},"end":{"line":97,"column":59}},"27":{"start":{"line":98,"column":4},"end":{"line":105,"column":5}},"28":{"start":{"line":99,"column":6},"end":{"line":99,"column":37}},"29":{"start":{"line":101,"column":27},"end":{"line":101,"column":58}},"30":{"start":{"line":102,"column":26},"end":{"line":102,"column":66}},"31":{"start":{"line":103,"column":6},"end":{"line":103,"column":27}},"32":{"start":{"line":104,"column":6},"end":{"line":104,"column":25}},"33":{"start":{"line":112,"column":16},"end":{"line":112,"column":41}},"34":{"start":{"line":113,"column":19},"end":{"line":113,"column":34}},"35":{"start":{"line":114,"column":25},"end":{"line":114,"column":56}},"36":{"start":{"line":116,"column":17},"end":{"line":118,"column":6}},"37":{"start":{"line":120,"column":16},"end":{"line":120,"column":44}},"38":{"start":{"line":122,"column":14},"end":{"line":122,"column":36}},"39":{"start":{"line":123,"column":4},"end":{"line":123,"column":16}},"40":{"start":{"line":124,"column":4},"end":{"line":124,"column":25}},"41":{"start":{"line":126,"column":4},"end":{"line":126,"column":27}},"42":{"start":{"line":127,"column":4},"end":{"line":127,"column":13}},"43":{"start":{"line":128,"column":4},"end":{"line":128,"column":27}},"44":{"start":{"line":130,"column":4},"end":{"line":132,"column":12}},"45":{"start":{"line":131,"column":6},"end":{"line":131,"column":33}},"46":{"start":{"line":136,"column":16},"end":{"line":144,"column":1}},"47":{"start":{"line":146,"column":0},"end":{"line":148,"column":1}},"48":{"start":{"line":147,"column":2},"end":{"line":147,"column":30}}},"fnMap":{"0":{"name":"buildExportFileName","decl":{"start":{"line":25,"column":11},"end":{"line":25,"column":30}},"loc":{"start":{"line":25,"column":63},"end":{"line":36,"column":3}},"line":25},"1":{"name":"getUIState","decl":{"start":{"line":46,"column":11},"end":{"line":46,"column":21}},"loc":{"start":{"line":46,"column":33},"end":{"line":58,"column":3}},"line":46},"2":{"name":"getPayload","decl":{"start":{"line":63,"column":11},"end":{"line":63,"column":21}},"loc":{"start":{"line":63,"column":33},"end":{"line":65,"column":3}},"line":63},"3":{"name":"setMessage","decl":{"start":{"line":70,"column":11},"end":{"line":70,"column":21}},"loc":{"start":{"line":70,"column":45},"end":{"line":75,"column":3}},"line":70},"4":{"name":"setBusy","decl":{"start":{"line":80,"column":11},"end":{"line":80,"column":18}},"loc":{"start":{"line":80,"column":38},"end":{"line":91,"column":3}},"line":80},"5":{"name":"(anonymous_5)","decl":{"start":{"line":89,"column":43},"end":{"line":89,"column":44}},"loc":{"start":{"line":89,"column":50},"end":{"line":89,"column":75}},"line":89},"6":{"name":"(anonymous_6)","decl":{"start":{"line":90,"column":21},"end":{"line":90,"column":22}},"loc":{"start":{"line":90,"column":27},"end":{"line":90,"column":59}},"line":90},"7":{"name":"copyToClipboard","decl":{"start":{"line":96,"column":17},"end":{"line":96,"column":32}},"loc":{"start":{"line":96,"column":50},"end":{"line":106,"column":3}},"line":96},"8":{"name":"triggerDownload","decl":{"start":{"line":111,"column":11},"end":{"line":111,"column":26}},"loc":{"start":{"line":111,"column":57},"end":{"line":133,"column":3}},"line":111},"9":{"name":"(anonymous_9)","decl":{"start":{"line":130,"column":17},"end":{"line":130,"column":18}},"loc":{"start":{"line":130,"column":23},"end":{"line":132,"column":5}},"line":130}},"branchMap":{"0":{"loc":{"start":{"line":25,"column":31},"end":{"line":25,"column":43}},"type":"default-arg","locations":[{"start":{"line":25,"column":38},"end":{"line":25,"column":43}}],"line":25},"1":{"loc":{"start":{"line":25,"column":45},"end":{"line":25,"column":61}},"type":"default-arg","locations":[{"start":{"line":25,"column":51},"end":{"line":25,"column":61}}],"line":25},"2":{"loc":{"start":{"line":27,"column":19},"end":{"line":27,"column":51}},"type":"binary-expr","locations":[{"start":{"line":27,"column":19},"end":{"line":27,"column":34}},{"start":{"line":27,"column":38},"end":{"line":27,"column":51}}],"line":27},"3":{"loc":{"start":{"line":46,"column":22},"end":{"line":46,"column":31}},"type":"default-arg","locations":[{"start":{"line":46,"column":29},"end":{"line":46,"column":31}}],"line":46},"4":{"loc":{"start":{"line":47,"column":20},"end":{"line":47,"column":69}},"type":"binary-expr","locations":[{"start":{"line":47,"column":20},"end":{"line":47,"column":45}},{"start":{"line":47,"column":49},"end":{"line":47,"column":69}}],"line":47},"5":{"loc":{"start":{"line":48,"column":23},"end":{"line":49,"column":77}},"type":"binary-expr","locations":[{"start":{"line":48,"column":23},"end":{"line":48,"column":46}},{"start":{"line":49,"column":7},"end":{"line":49,"column":76}}],"line":48},"6":{"loc":{"start":{"line":49,"column":7},"end":{"line":49,"column":76}},"type":"cond-expr","locations":[{"start":{"line":49,"column":51},"end":{"line":49,"column":69}},{"start":{"line":49,"column":72},"end":{"line":49,"column":76}}],"line":49},"7":{"loc":{"start":{"line":50,"column":22},"end":{"line":51,"column":75}},"type":"binary-expr","locations":[{"start":{"line":50,"column":22},"end":{"line":50,"column":44}},{"start":{"line":51,"column":7},"end":{"line":51,"column":74}}],"line":50},"8":{"loc":{"start":{"line":51,"column":7},"end":{"line":51,"column":74}},"type":"cond-expr","locations":[{"start":{"line":51,"column":50},"end":{"line":51,"column":67}},{"start":{"line":51,"column":70},"end":{"line":51,"column":74}}],"line":51},"9":{"loc":{"start":{"line":54,"column":20},"end":{"line":54,"column":53}},"type":"cond-expr","locations":[{"start":{"line":54,"column":30},"end":{"line":54,"column":45}},{"start":{"line":54,"column":48},"end":{"line":54,"column":53}}],"line":54},"10":{"loc":{"start":{"line":55,"column":18},"end":{"line":55,"column":57}},"type":"cond-expr","locations":[{"start":{"line":55,"column":31},"end":{"line":55,"column":49}},{"start":{"line":55,"column":52},"end":{"line":55,"column":57}}],"line":55},"11":{"loc":{"start":{"line":56,"column":17},"end":{"line":56,"column":54}},"type":"cond-expr","locations":[{"start":{"line":56,"column":29},"end":{"line":56,"column":46}},{"start":{"line":56,"column":49},"end":{"line":56,"column":54}}],"line":56},"12":{"loc":{"start":{"line":63,"column":22},"end":{"line":63,"column":31}},"type":"default-arg","locations":[{"start":{"line":63,"column":29},"end":{"line":63,"column":31}}],"line":63},"13":{"loc":{"start":{"line":70,"column":34},"end":{"line":70,"column":43}},"type":"default-arg","locations":[{"start":{"line":70,"column":41},"end":{"line":70,"column":43}}],"line":70},"14":{"loc":{"start":{"line":71,"column":15},"end":{"line":71,"column":86}},"type":"binary-expr","locations":[{"start":{"line":71,"column":15},"end":{"line":71,"column":29}},{"start":{"line":71,"column":34},"end":{"line":71,"column":85}}],"line":71},"15":{"loc":{"start":{"line":71,"column":34},"end":{"line":71,"column":85}},"type":"cond-expr","locations":[{"start":{"line":71,"column":69},"end":{"line":71,"column":78}},{"start":{"line":71,"column":81},"end":{"line":71,"column":85}}],"line":71},"16":{"loc":{"start":{"line":72,"column":4},"end":{"line":72,"column":23}},"type":"if","locations":[{"start":{"line":72,"column":4},"end":{"line":72,"column":23}},{"start":{},"end":{}}],"line":72},"17":{"loc":{"start":{"line":73,"column":30},"end":{"line":73,"column":44}},"type":"binary-expr","locations":[{"start":{"line":73,"column":30},"end":{"line":73,"column":34}},{"start":{"line":73,"column":38},"end":{"line":73,"column":44}}],"line":73},"18":{"loc":{"start":{"line":74,"column":21},"end":{"line":74,"column":31}},"type":"binary-expr","locations":[{"start":{"line":74,"column":21},"end":{"line":74,"column":25}},{"start":{"line":74,"column":29},"end":{"line":74,"column":31}}],"line":74},"19":{"loc":{"start":{"line":80,"column":27},"end":{"line":80,"column":36}},"type":"default-arg","locations":[{"start":{"line":80,"column":34},"end":{"line":80,"column":36}}],"line":80},"20":{"loc":{"start":{"line":81,"column":16},"end":{"line":81,"column":41}},"type":"binary-expr","locations":[{"start":{"line":81,"column":16},"end":{"line":81,"column":29}},{"start":{"line":81,"column":33},"end":{"line":81,"column":41}}],"line":81},"21":{"loc":{"start":{"line":83,"column":6},"end":{"line":88,"column":7}},"type":"binary-expr","locations":[{"start":{"line":83,"column":6},"end":{"line":83,"column":19}},{"start":{"line":84,"column":6},"end":{"line":88,"column":7}}],"line":83},"22":{"loc":{"start":{"line":85,"column":12},"end":{"line":85,"column":85}},"type":"cond-expr","locations":[{"start":{"line":85,"column":58},"end":{"line":85,"column":80}},{"start":{"line":85,"column":83},"end":{"line":85,"column":85}}],"line":85},"23":{"loc":{"start":{"line":86,"column":12},"end":{"line":86,"column":79}},"type":"cond-expr","locations":[{"start":{"line":86,"column":55},"end":{"line":86,"column":74}},{"start":{"line":86,"column":77},"end":{"line":86,"column":79}}],"line":86},"24":{"loc":{"start":{"line":87,"column":12},"end":{"line":87,"column":81}},"type":"cond-expr","locations":[{"start":{"line":87,"column":56},"end":{"line":87,"column":76}},{"start":{"line":87,"column":79},"end":{"line":87,"column":81}}],"line":87},"25":{"loc":{"start":{"line":90,"column":29},"end":{"line":90,"column":57}},"type":"if","locations":[{"start":{"line":90,"column":29},"end":{"line":90,"column":57}},{"start":{},"end":{}}],"line":90},"26":{"loc":{"start":{"line":96,"column":39},"end":{"line":96,"column":48}},"type":"default-arg","locations":[{"start":{"line":96,"column":46},"end":{"line":96,"column":48}}],"line":96},"27":{"loc":{"start":{"line":97,"column":22},"end":{"line":97,"column":59}},"type":"binary-expr","locations":[{"start":{"line":97,"column":22},"end":{"line":97,"column":36}},{"start":{"line":97,"column":40},"end":{"line":97,"column":59}}],"line":97},"28":{"loc":{"start":{"line":101,"column":27},"end":{"line":101,"column":58}},"type":"binary-expr","locations":[{"start":{"line":101,"column":27},"end":{"line":101,"column":44}},{"start":{"line":101,"column":48},"end":{"line":101,"column":58}}],"line":101},"29":{"loc":{"start":{"line":102,"column":26},"end":{"line":102,"column":66}},"type":"binary-expr","locations":[{"start":{"line":102,"column":26},"end":{"line":102,"column":42}},{"start":{"line":102,"column":46},"end":{"line":102,"column":66}}],"line":102},"30":{"loc":{"start":{"line":111,"column":46},"end":{"line":111,"column":55}},"type":"default-arg","locations":[{"start":{"line":111,"column":53},"end":{"line":111,"column":55}}],"line":111},"31":{"loc":{"start":{"line":112,"column":16},"end":{"line":112,"column":41}},"type":"binary-expr","locations":[{"start":{"line":112,"column":16},"end":{"line":112,"column":29}},{"start":{"line":112,"column":33},"end":{"line":112,"column":41}}],"line":112},"32":{"loc":{"start":{"line":113,"column":19},"end":{"line":113,"column":34}},"type":"binary-expr","locations":[{"start":{"line":113,"column":19},"end":{"line":113,"column":27}},{"start":{"line":113,"column":31},"end":{"line":113,"column":34}}],"line":113},"33":{"loc":{"start":{"line":114,"column":25},"end":{"line":114,"column":56}},"type":"binary-expr","locations":[{"start":{"line":114,"column":25},"end":{"line":114,"column":42}},{"start":{"line":114,"column":46},"end":{"line":114,"column":56}}],"line":114},"34":{"loc":{"start":{"line":146,"column":0},"end":{"line":148,"column":1}},"type":"if","locations":[{"start":{"line":146,"column":0},"end":{"line":148,"column":1}},{"start":{},"end":{}}],"line":146}},"s":{"0":4,"1":4,"2":4,"3":4,"4":4,"5":4,"6":4,"7":4,"8":4,"9":5,"10":5,"11":5,"12":5,"13":2,"14":2,"15":2,"16":0,"17":2,"18":2,"19":1,"20":1,"21":1,"22":2,"23":1,"24":4,"25":4,"26":2,"27":2,"28":2,"29":1,"30":1,"31":1,"32":1,"33":1,"34":1,"35":1,"36":1,"37":1,"38":1,"39":1,"40":1,"41":1,"42":1,"43":1,"44":1,"45":1,"46":1,"47":1,"48":1},"f":{"0":4,"1":5,"2":2,"3":2,"4":1,"5":2,"6":4,"7":2,"8":1,"9":1},"b":{"0":[0],"1":[2],"2":[4,0],"3":[3],"4":[5,5],"5":[5,5],"6":[0,5],"7":[5,5],"8":[0,5],"9":[4,1],"10":[0,5],"11":[0,5],"12":[2],"13":[0],"14":[2,0],"15":[0,0],"16":[0,2],"17":[2,1],"18":[2,0],"19":[0],"20":[1,0],"21":[1,0],"22":[0,0],"23":[0,0],"24":[0,0],"25":[4,0],"26":[0],"27":[2,0],"28":[1,0],"29":[1,0],"30":[0],"31":[1,0],"32":[1,0],"33":[1,0],"34":[1,0]},"_coverageSchema":"1a1c01bbd47fc00a2c39e90264f33305004495a9","hash":"64f9b677ce372f1b47b67e3bd3e61e3d7a40aaab"}
,"/Users/dleal/GitHub/panini-wc-2026-gsheet-tracker/build/ExportService.js": {"path":"/Users/dleal/GitHub/panini-wc-2026-gsheet-tracker/build/ExportService.js","statementMap":{"0":{"start":{"line":29,"column":4},"end":{"line":29,"column":44}},"1":{"start":{"line":30,"column":4},"end":{"line":30,"column":44}},"2":{"start":{"line":31,"column":4},"end":{"line":31,"column":44}},"3":{"start":{"line":32,"column":4},"end":{"line":32,"column":70}},"4":{"start":{"line":34,"column":4},"end":{"line":34,"column":55}},"5":{"start":{"line":35,"column":4},"end":{"line":35,"column":49}},"6":{"start":{"line":36,"column":4},"end":{"line":36,"column":55}},"7":{"start":{"line":37,"column":4},"end":{"line":37,"column":45}},"8":{"start":{"line":38,"column":4},"end":{"line":38,"column":37}},"9":{"start":{"line":39,"column":4},"end":{"line":39,"column":43}},"10":{"start":{"line":40,"column":4},"end":{"line":40,"column":55}},"11":{"start":{"line":41,"column":4},"end":{"line":41,"column":20}},"12":{"start":{"line":48,"column":20},"end":{"line":48,"column":39}},"13":{"start":{"line":49,"column":25},"end":{"line":49,"column":165}},"14":{"start":{"line":50,"column":22},"end":{"line":50,"column":59}},"15":{"start":{"line":51,"column":27},"end":{"line":51,"column":64}},"16":{"start":{"line":52,"column":19},"end":{"line":52,"column":101}},"17":{"start":{"line":53,"column":4},"end":{"line":53,"column":17}},"18":{"start":{"line":60,"column":20},"end":{"line":60,"column":39}},"19":{"start":{"line":61,"column":25},"end":{"line":61,"column":165}},"20":{"start":{"line":62,"column":23},"end":{"line":62,"column":61}},"21":{"start":{"line":63,"column":22},"end":{"line":63,"column":59}},"22":{"start":{"line":64,"column":27},"end":{"line":64,"column":64}},"23":{"start":{"line":65,"column":19},"end":{"line":65,"column":128}},"24":{"start":{"line":66,"column":4},"end":{"line":66,"column":17}},"25":{"start":{"line":74,"column":4},"end":{"line":76,"column":5}},"26":{"start":{"line":75,"column":6},"end":{"line":75,"column":35}},"27":{"start":{"line":77,"column":4},"end":{"line":77,"column":20}},"28":{"start":{"line":86,"column":26},"end":{"line":86,"column":57}},"29":{"start":{"line":87,"column":24},"end":{"line":87,"column":52}},"30":{"start":{"line":88,"column":23},"end":{"line":88,"column":49}},"31":{"start":{"line":89,"column":23},"end":{"line":89,"column":88}},"32":{"start":{"line":90,"column":17},"end":{"line":90,"column":19}},"33":{"start":{"line":91,"column":4},"end":{"line":100,"column":5}},"34":{"start":{"line":91,"column":17},"end":{"line":91,"column":18}},"35":{"start":{"line":92,"column":19},"end":{"line":92,"column":73}},"36":{"start":{"line":93,"column":6},"end":{"line":93,"column":29}},"37":{"start":{"line":93,"column":19},"end":{"line":93,"column":27}},"38":{"start":{"line":94,"column":6},"end":{"line":99,"column":8}},"39":{"start":{"line":101,"column":4},"end":{"line":101,"column":15}},"40":{"start":{"line":115,"column":23},"end":{"line":115,"column":71}},"41":{"start":{"line":116,"column":4},"end":{"line":118,"column":5}},"42":{"start":{"line":116,"column":17},"end":{"line":116,"column":33}},"43":{"start":{"line":117,"column":6},"end":{"line":117,"column":54}},"44":{"start":{"line":119,"column":4},"end":{"line":119,"column":21}},"45":{"start":{"line":139,"column":4},"end":{"line":139,"column":24}},"46":{"start":{"line":140,"column":4},"end":{"line":140,"column":25}},"47":{"start":{"line":141,"column":4},"end":{"line":141,"column":75}},"48":{"start":{"line":142,"column":4},"end":{"line":142,"column":47}},"49":{"start":{"line":151,"column":31},"end":{"line":151,"column":101}},"50":{"start":{"line":152,"column":18},"end":{"line":152,"column":20}},"51":{"start":{"line":153,"column":4},"end":{"line":160,"column":5}},"52":{"start":{"line":153,"column":17},"end":{"line":153,"column":18}},"53":{"start":{"line":154,"column":18},"end":{"line":154,"column":30}},"54":{"start":{"line":155,"column":20},"end":{"line":155,"column":62}},"55":{"start":{"line":156,"column":6},"end":{"line":156,"column":37}},"56":{"start":{"line":156,"column":27},"end":{"line":156,"column":35}},"57":{"start":{"line":157,"column":21},"end":{"line":157,"column":102}},"58":{"start":{"line":158,"column":6},"end":{"line":158,"column":38}},"59":{"start":{"line":158,"column":28},"end":{"line":158,"column":36}},"60":{"start":{"line":159,"column":6},"end":{"line":159,"column":72}},"61":{"start":{"line":161,"column":4},"end":{"line":161,"column":73}},"62":{"start":{"line":173,"column":21},"end":{"line":173,"column":89}},"63":{"start":{"line":174,"column":31},"end":{"line":174,"column":101}},"64":{"start":{"line":175,"column":24},"end":{"line":175,"column":26}},"65":{"start":{"line":176,"column":24},"end":{"line":176,"column":38}},"66":{"start":{"line":177,"column":4},"end":{"line":177,"column":63}},"67":{"start":{"line":177,"column":20},"end":{"line":177,"column":63}},"68":{"start":{"line":177,"column":47},"end":{"line":177,"column":62}},"69":{"start":{"line":178,"column":25},"end":{"line":178,"column":27}},"70":{"start":{"line":179,"column":4},"end":{"line":184,"column":5}},"71":{"start":{"line":179,"column":17},"end":{"line":179,"column":18}},"72":{"start":{"line":180,"column":18},"end":{"line":180,"column":30}},"73":{"start":{"line":181,"column":26},"end":{"line":181,"column":70}},"74":{"start":{"line":182,"column":27},"end":{"line":182,"column":115}},"75":{"start":{"line":183,"column":6},"end":{"line":183,"column":109}},"76":{"start":{"line":183,"column":31},"end":{"line":183,"column":109}},"77":{"start":{"line":185,"column":4},"end":{"line":190,"column":5}},"78":{"start":{"line":185,"column":17},"end":{"line":185,"column":18}},"79":{"start":{"line":186,"column":18},"end":{"line":186,"column":32}},"80":{"start":{"line":187,"column":27},"end":{"line":187,"column":71}},"81":{"start":{"line":188,"column":28},"end":{"line":188,"column":117}},"82":{"start":{"line":189,"column":6},"end":{"line":189,"column":112}},"83":{"start":{"line":189,"column":32},"end":{"line":189,"column":112}},"84":{"start":{"line":191,"column":18},"end":{"line":191,"column":20}},"85":{"start":{"line":192,"column":4},"end":{"line":192,"column":24}},"86":{"start":{"line":193,"column":4},"end":{"line":193,"column":28}},"87":{"start":{"line":194,"column":4},"end":{"line":195,"column":64}},"88":{"start":{"line":194,"column":28},"end":{"line":194,"column":99}},"89":{"start":{"line":194,"column":41},"end":{"line":194,"column":42}},"90":{"start":{"line":194,"column":73},"end":{"line":194,"column":99}},"91":{"start":{"line":195,"column":9},"end":{"line":195,"column":64}},"92":{"start":{"line":196,"column":4},"end":{"line":196,"column":29}},"93":{"start":{"line":197,"column":4},"end":{"line":198,"column":76}},"94":{"start":{"line":197,"column":29},"end":{"line":197,"column":102}},"95":{"start":{"line":197,"column":42},"end":{"line":197,"column":43}},"96":{"start":{"line":197,"column":75},"end":{"line":197,"column":102}},"97":{"start":{"line":198,"column":9},"end":{"line":198,"column":76}},"98":{"start":{"line":199,"column":4},"end":{"line":199,"column":101}},"99":{"start":{"line":208,"column":16},"end":{"line":208,"column":18}},"100":{"start":{"line":209,"column":4},"end":{"line":215,"column":5}},"101":{"start":{"line":209,"column":17},"end":{"line":209,"column":33}},"102":{"start":{"line":210,"column":6},"end":{"line":210,"column":63}},"103":{"start":{"line":210,"column":53},"end":{"line":210,"column":61}},"104":{"start":{"line":211,"column":16},"end":{"line":211,"column":42}},"105":{"start":{"line":212,"column":6},"end":{"line":214,"column":81}},"106":{"start":{"line":212,"column":38},"end":{"line":212,"column":72}},"107":{"start":{"line":213,"column":11},"end":{"line":214,"column":81}},"108":{"start":{"line":213,"column":46},"end":{"line":213,"column":80}},"109":{"start":{"line":214,"column":11},"end":{"line":214,"column":81}},"110":{"start":{"line":214,"column":45},"end":{"line":214,"column":79}},"111":{"start":{"line":216,"column":4},"end":{"line":216,"column":14}},"112":{"start":{"line":228,"column":4},"end":{"line":230,"column":5}},"113":{"start":{"line":229,"column":6},"end":{"line":229,"column":82}},"114":{"start":{"line":231,"column":16},"end":{"line":231,"column":18}},"115":{"start":{"line":232,"column":4},"end":{"line":239,"column":5}},"116":{"start":{"line":232,"column":17},"end":{"line":232,"column":18}},"117":{"start":{"line":233,"column":33},"end":{"line":233,"column":41}},"118":{"start":{"line":234,"column":6},"end":{"line":238,"column":7}},"119":{"start":{"line":235,"column":8},"end":{"line":235,"column":75}},"120":{"start":{"line":237,"column":8},"end":{"line":237,"column":33}},"121":{"start":{"line":240,"column":4},"end":{"line":240,"column":14}},"122":{"start":{"line":257,"column":4},"end":{"line":257,"column":36}},"123":{"start":{"line":257,"column":25},"end":{"line":257,"column":34}},"124":{"start":{"line":258,"column":4},"end":{"line":258,"column":60}},"125":{"start":{"line":258,"column":38},"end":{"line":258,"column":59}},"126":{"start":{"line":259,"column":19},"end":{"line":259,"column":21}},"127":{"start":{"line":260,"column":20},"end":{"line":260,"column":28}},"128":{"start":{"line":261,"column":18},"end":{"line":261,"column":26}},"129":{"start":{"line":262,"column":4},"end":{"line":278,"column":5}},"130":{"start":{"line":262,"column":17},"end":{"line":262,"column":18}},"131":{"start":{"line":263,"column":26},"end":{"line":263,"column":34}},"132":{"start":{"line":264,"column":28},"end":{"line":264,"column":71}},"133":{"start":{"line":265,"column":24},"end":{"line":265,"column":61}},"134":{"start":{"line":266,"column":6},"end":{"line":269,"column":7}},"135":{"start":{"line":267,"column":8},"end":{"line":267,"column":29}},"136":{"start":{"line":268,"column":8},"end":{"line":268,"column":16}},"137":{"start":{"line":270,"column":18},"end":{"line":271,"column":51}},"138":{"start":{"line":272,"column":6},"end":{"line":274,"column":7}},"139":{"start":{"line":273,"column":8},"end":{"line":273,"column":39}},"140":{"start":{"line":275,"column":6},"end":{"line":275,"column":24}},"141":{"start":{"line":276,"column":6},"end":{"line":276,"column":29}},"142":{"start":{"line":277,"column":6},"end":{"line":277,"column":27}},"143":{"start":{"line":279,"column":16},"end":{"line":279,"column":125}},"144":{"start":{"line":280,"column":4},"end":{"line":282,"column":5}},"145":{"start":{"line":281,"column":6},"end":{"line":281,"column":37}},"146":{"start":{"line":283,"column":4},"end":{"line":283,"column":22}},"147":{"start":{"line":284,"column":4},"end":{"line":284,"column":17}},"148":{"start":{"line":293,"column":17},"end":{"line":293,"column":25}},"149":{"start":{"line":294,"column":17},"end":{"line":294,"column":25}},"150":{"start":{"line":295,"column":21},"end":{"line":295,"column":59}},"151":{"start":{"line":296,"column":4},"end":{"line":296,"column":48}},"152":{"start":{"line":296,"column":31},"end":{"line":296,"column":46}},"153":{"start":{"line":297,"column":4},"end":{"line":297,"column":34}},"154":{"start":{"line":297,"column":17},"end":{"line":297,"column":32}},"155":{"start":{"line":298,"column":4},"end":{"line":298,"column":32}},"156":{"start":{"line":307,"column":4},"end":{"line":307,"column":83}},"157":{"start":{"line":307,"column":33},"end":{"line":307,"column":81}},"158":{"start":{"line":308,"column":4},"end":{"line":308,"column":52}},"159":{"start":{"line":316,"column":0},"end":{"line":321,"column":1}},"160":{"start":{"line":317,"column":2},"end":{"line":320,"column":3}}},"fnMap":{"0":{"name":"(anonymous_0)","decl":{"start":{"line":28,"column":2},"end":{"line":28,"column":3}},"loc":{"start":{"line":28,"column":16},"end":{"line":42,"column":3}},"line":28},"1":{"name":"(anonymous_1)","decl":{"start":{"line":47,"column":2},"end":{"line":47,"column":3}},"loc":{"start":{"line":47,"column":32},"end":{"line":54,"column":3}},"line":47},"2":{"name":"(anonymous_2)","decl":{"start":{"line":59,"column":2},"end":{"line":59,"column":3}},"loc":{"start":{"line":59,"column":35},"end":{"line":67,"column":3}},"line":59},"3":{"name":"(anonymous_3)","decl":{"start":{"line":73,"column":2},"end":{"line":73,"column":3}},"loc":{"start":{"line":73,"column":12},"end":{"line":78,"column":3}},"line":73},"4":{"name":"(anonymous_4)","decl":{"start":{"line":85,"column":2},"end":{"line":85,"column":3}},"loc":{"start":{"line":85,"column":15},"end":{"line":102,"column":3}},"line":85},"5":{"name":"(anonymous_5)","decl":{"start":{"line":114,"column":2},"end":{"line":114,"column":3}},"loc":{"start":{"line":114,"column":30},"end":{"line":120,"column":3}},"line":114},"6":{"name":"(anonymous_6)","decl":{"start":{"line":138,"column":2},"end":{"line":138,"column":3}},"loc":{"start":{"line":138,"column":20},"end":{"line":143,"column":3}},"line":138},"7":{"name":"(anonymous_7)","decl":{"start":{"line":150,"column":2},"end":{"line":150,"column":3}},"loc":{"start":{"line":150,"column":66},"end":{"line":162,"column":3}},"line":150},"8":{"name":"(anonymous_8)","decl":{"start":{"line":172,"column":2},"end":{"line":172,"column":3}},"loc":{"start":{"line":172,"column":89},"end":{"line":200,"column":3}},"line":172},"9":{"name":"(anonymous_9)","decl":{"start":{"line":177,"column":37},"end":{"line":177,"column":38}},"loc":{"start":{"line":177,"column":47},"end":{"line":177,"column":62}},"line":177},"10":{"name":"(anonymous_10)","decl":{"start":{"line":207,"column":2},"end":{"line":207,"column":3}},"loc":{"start":{"line":207,"column":35},"end":{"line":217,"column":3}},"line":207},"11":{"name":"(anonymous_11)","decl":{"start":{"line":227,"column":2},"end":{"line":227,"column":3}},"loc":{"start":{"line":227,"column":83},"end":{"line":241,"column":3}},"line":227},"12":{"name":"(anonymous_12)","decl":{"start":{"line":256,"column":2},"end":{"line":256,"column":3}},"loc":{"start":{"line":256,"column":64},"end":{"line":285,"column":3}},"line":256},"13":{"name":"(anonymous_13)","decl":{"start":{"line":258,"column":28},"end":{"line":258,"column":29}},"loc":{"start":{"line":258,"column":38},"end":{"line":258,"column":59}},"line":258},"14":{"name":"(anonymous_14)","decl":{"start":{"line":292,"column":2},"end":{"line":292,"column":3}},"loc":{"start":{"line":292,"column":59},"end":{"line":299,"column":3}},"line":292},"15":{"name":"(anonymous_15)","decl":{"start":{"line":306,"column":2},"end":{"line":306,"column":3}},"loc":{"start":{"line":306,"column":51},"end":{"line":309,"column":3}},"line":306}},"branchMap":{"0":{"loc":{"start":{"line":49,"column":25},"end":{"line":49,"column":165}},"type":"binary-expr","locations":[{"start":{"line":49,"column":25},"end":{"line":49,"column":32}},{"start":{"line":49,"column":36},"end":{"line":49,"column":64}},{"start":{"line":49,"column":68},"end":{"line":49,"column":98}},{"start":{"line":49,"column":102},"end":{"line":49,"column":134}},{"start":{"line":49,"column":138},"end":{"line":49,"column":165}}],"line":49},"1":{"loc":{"start":{"line":50,"column":22},"end":{"line":50,"column":59}},"type":"binary-expr","locations":[{"start":{"line":50,"column":22},"end":{"line":50,"column":29}},{"start":{"line":50,"column":33},"end":{"line":50,"column":59}}],"line":50},"2":{"loc":{"start":{"line":61,"column":25},"end":{"line":61,"column":165}},"type":"binary-expr","locations":[{"start":{"line":61,"column":25},"end":{"line":61,"column":32}},{"start":{"line":61,"column":36},"end":{"line":61,"column":64}},{"start":{"line":61,"column":68},"end":{"line":61,"column":98}},{"start":{"line":61,"column":102},"end":{"line":61,"column":134}},{"start":{"line":61,"column":138},"end":{"line":61,"column":165}}],"line":61},"3":{"loc":{"start":{"line":62,"column":23},"end":{"line":62,"column":61}},"type":"binary-expr","locations":[{"start":{"line":62,"column":23},"end":{"line":62,"column":30}},{"start":{"line":62,"column":34},"end":{"line":62,"column":61}}],"line":62},"4":{"loc":{"start":{"line":63,"column":22},"end":{"line":63,"column":59}},"type":"binary-expr","locations":[{"start":{"line":63,"column":22},"end":{"line":63,"column":29}},{"start":{"line":63,"column":33},"end":{"line":63,"column":59}}],"line":63},"5":{"loc":{"start":{"line":74,"column":4},"end":{"line":76,"column":5}},"type":"if","locations":[{"start":{"line":74,"column":4},"end":{"line":76,"column":5}},{"start":{},"end":{}}],"line":74},"6":{"loc":{"start":{"line":89,"column":23},"end":{"line":89,"column":88}},"type":"cond-expr","locations":[{"start":{"line":89,"column":45},"end":{"line":89,"column":83}},{"start":{"line":89,"column":86},"end":{"line":89,"column":88}}],"line":89},"7":{"loc":{"start":{"line":92,"column":26},"end":{"line":92,"column":51}},"type":"binary-expr","locations":[{"start":{"line":92,"column":26},"end":{"line":92,"column":45}},{"start":{"line":92,"column":49},"end":{"line":92,"column":51}}],"line":92},"8":{"loc":{"start":{"line":93,"column":6},"end":{"line":93,"column":29}},"type":"if","locations":[{"start":{"line":93,"column":6},"end":{"line":93,"column":29}},{"start":{},"end":{}}],"line":93},"9":{"loc":{"start":{"line":96,"column":21},"end":{"line":96,"column":60}},"type":"binary-expr","locations":[{"start":{"line":96,"column":21},"end":{"line":96,"column":34}},{"start":{"line":96,"column":38},"end":{"line":96,"column":54}},{"start":{"line":96,"column":58},"end":{"line":96,"column":60}}],"line":96},"10":{"loc":{"start":{"line":97,"column":14},"end":{"line":97,"column":60}},"type":"binary-expr","locations":[{"start":{"line":97,"column":14},"end":{"line":97,"column":55}},{"start":{"line":97,"column":59},"end":{"line":97,"column":60}}],"line":97},"11":{"loc":{"start":{"line":97,"column":21},"end":{"line":97,"column":54}},"type":"binary-expr","locations":[{"start":{"line":97,"column":21},"end":{"line":97,"column":34}},{"start":{"line":97,"column":38},"end":{"line":97,"column":54}}],"line":97},"12":{"loc":{"start":{"line":117,"column":22},"end":{"line":117,"column":54}},"type":"binary-expr","locations":[{"start":{"line":117,"column":22},"end":{"line":117,"column":49}},{"start":{"line":117,"column":53},"end":{"line":117,"column":54}}],"line":117},"13":{"loc":{"start":{"line":117,"column":29},"end":{"line":117,"column":48}},"type":"binary-expr","locations":[{"start":{"line":117,"column":29},"end":{"line":117,"column":35}},{"start":{"line":117,"column":39},"end":{"line":117,"column":48}}],"line":117},"14":{"loc":{"start":{"line":142,"column":16},"end":{"line":142,"column":47}},"type":"cond-expr","locations":[{"start":{"line":142,"column":38},"end":{"line":142,"column":42}},{"start":{"line":142,"column":45},"end":{"line":142,"column":47}}],"line":142},"15":{"loc":{"start":{"line":150,"column":16},"end":{"line":150,"column":64}},"type":"default-arg","locations":[{"start":{"line":150,"column":62},"end":{"line":150,"column":64}}],"line":150},"16":{"loc":{"start":{"line":150,"column":18},"end":{"line":150,"column":38}},"type":"default-arg","locations":[{"start":{"line":150,"column":33},"end":{"line":150,"column":38}}],"line":150},"17":{"loc":{"start":{"line":150,"column":40},"end":{"line":150,"column":57}},"type":"default-arg","locations":[{"start":{"line":150,"column":52},"end":{"line":150,"column":57}}],"line":150},"18":{"loc":{"start":{"line":151,"column":31},"end":{"line":151,"column":101}},"type":"binary-expr","locations":[{"start":{"line":151,"column":31},"end":{"line":151,"column":52}},{"start":{"line":151,"column":56},"end":{"line":151,"column":79}},{"start":{"line":151,"column":83},"end":{"line":151,"column":101}}],"line":151},"19":{"loc":{"start":{"line":156,"column":6},"end":{"line":156,"column":37}},"type":"if","locations":[{"start":{"line":156,"column":6},"end":{"line":156,"column":37}},{"start":{},"end":{}}],"line":156},"20":{"loc":{"start":{"line":158,"column":6},"end":{"line":158,"column":38}},"type":"if","locations":[{"start":{"line":158,"column":6},"end":{"line":158,"column":38}},{"start":{},"end":{}}],"line":158},"21":{"loc":{"start":{"line":172,"column":19},"end":{"line":172,"column":87}},"type":"default-arg","locations":[{"start":{"line":172,"column":85},"end":{"line":172,"column":87}}],"line":172},"22":{"loc":{"start":{"line":172,"column":21},"end":{"line":172,"column":41}},"type":"default-arg","locations":[{"start":{"line":172,"column":36},"end":{"line":172,"column":41}}],"line":172},"23":{"loc":{"start":{"line":172,"column":43},"end":{"line":172,"column":60}},"type":"default-arg","locations":[{"start":{"line":172,"column":55},"end":{"line":172,"column":60}}],"line":172},"24":{"loc":{"start":{"line":172,"column":62},"end":{"line":172,"column":80}},"type":"default-arg","locations":[{"start":{"line":172,"column":75},"end":{"line":172,"column":80}}],"line":172},"25":{"loc":{"start":{"line":174,"column":31},"end":{"line":174,"column":101}},"type":"binary-expr","locations":[{"start":{"line":174,"column":31},"end":{"line":174,"column":52}},{"start":{"line":174,"column":56},"end":{"line":174,"column":79}},{"start":{"line":174,"column":83},"end":{"line":174,"column":101}}],"line":174},"26":{"loc":{"start":{"line":177,"column":4},"end":{"line":177,"column":63}},"type":"if","locations":[{"start":{"line":177,"column":4},"end":{"line":177,"column":63}},{"start":{},"end":{}}],"line":177},"27":{"loc":{"start":{"line":183,"column":6},"end":{"line":183,"column":109}},"type":"if","locations":[{"start":{"line":183,"column":6},"end":{"line":183,"column":109}},{"start":{},"end":{}}],"line":183},"28":{"loc":{"start":{"line":189,"column":6},"end":{"line":189,"column":112}},"type":"if","locations":[{"start":{"line":189,"column":6},"end":{"line":189,"column":112}},{"start":{},"end":{}}],"line":189},"29":{"loc":{"start":{"line":194,"column":4},"end":{"line":195,"column":64}},"type":"if","locations":[{"start":{"line":194,"column":4},"end":{"line":195,"column":64}},{"start":{"line":195,"column":9},"end":{"line":195,"column":64}}],"line":194},"30":{"loc":{"start":{"line":197,"column":4},"end":{"line":198,"column":76}},"type":"if","locations":[{"start":{"line":197,"column":4},"end":{"line":198,"column":76}},{"start":{"line":198,"column":9},"end":{"line":198,"column":76}}],"line":197},"31":{"loc":{"start":{"line":210,"column":6},"end":{"line":210,"column":63}},"type":"if","locations":[{"start":{"line":210,"column":6},"end":{"line":210,"column":63}},{"start":{},"end":{}}],"line":210},"32":{"loc":{"start":{"line":211,"column":23},"end":{"line":211,"column":41}},"type":"binary-expr","locations":[{"start":{"line":211,"column":23},"end":{"line":211,"column":36}},{"start":{"line":211,"column":40},"end":{"line":211,"column":41}}],"line":211},"33":{"loc":{"start":{"line":212,"column":6},"end":{"line":214,"column":81}},"type":"if","locations":[{"start":{"line":212,"column":6},"end":{"line":214,"column":81}},{"start":{"line":213,"column":11},"end":{"line":214,"column":81}}],"line":212},"34":{"loc":{"start":{"line":212,"column":10},"end":{"line":212,"column":34}},"type":"binary-expr","locations":[{"start":{"line":212,"column":10},"end":{"line":212,"column":24}},{"start":{"line":212,"column":28},"end":{"line":212,"column":34}}],"line":212},"35":{"loc":{"start":{"line":213,"column":11},"end":{"line":214,"column":81}},"type":"if","locations":[{"start":{"line":213,"column":11},"end":{"line":214,"column":81}},{"start":{"line":214,"column":11},"end":{"line":214,"column":81}}],"line":213},"36":{"loc":{"start":{"line":213,"column":15},"end":{"line":213,"column":42}},"type":"binary-expr","locations":[{"start":{"line":213,"column":15},"end":{"line":213,"column":31}},{"start":{"line":213,"column":35},"end":{"line":213,"column":42}}],"line":213},"37":{"loc":{"start":{"line":214,"column":11},"end":{"line":214,"column":81}},"type":"if","locations":[{"start":{"line":214,"column":11},"end":{"line":214,"column":81}},{"start":{},"end":{}}],"line":214},"38":{"loc":{"start":{"line":214,"column":15},"end":{"line":214,"column":41}},"type":"binary-expr","locations":[{"start":{"line":214,"column":15},"end":{"line":214,"column":31}},{"start":{"line":214,"column":35},"end":{"line":214,"column":41}}],"line":214},"39":{"loc":{"start":{"line":227,"column":31},"end":{"line":227,"column":81}},"type":"default-arg","locations":[{"start":{"line":227,"column":79},"end":{"line":227,"column":81}}],"line":227},"40":{"loc":{"start":{"line":227,"column":33},"end":{"line":227,"column":55}},"type":"default-arg","locations":[{"start":{"line":227,"column":50},"end":{"line":227,"column":55}}],"line":227},"41":{"loc":{"start":{"line":227,"column":57},"end":{"line":227,"column":74}},"type":"default-arg","locations":[{"start":{"line":227,"column":69},"end":{"line":227,"column":74}}],"line":227},"42":{"loc":{"start":{"line":228,"column":4},"end":{"line":230,"column":5}},"type":"if","locations":[{"start":{"line":228,"column":4},"end":{"line":230,"column":5}},{"start":{},"end":{}}],"line":228},"43":{"loc":{"start":{"line":234,"column":6},"end":{"line":238,"column":7}},"type":"if","locations":[{"start":{"line":234,"column":6},"end":{"line":238,"column":7}},{"start":{"line":236,"column":13},"end":{"line":238,"column":7}}],"line":234},"44":{"loc":{"start":{"line":235,"column":17},"end":{"line":235,"column":74}},"type":"cond-expr","locations":[{"start":{"line":235,"column":34},"end":{"line":235,"column":56}},{"start":{"line":235,"column":59},"end":{"line":235,"column":74}}],"line":235},"45":{"loc":{"start":{"line":256,"column":31},"end":{"line":256,"column":62}},"type":"default-arg","locations":[{"start":{"line":256,"column":60},"end":{"line":256,"column":62}}],"line":256},"46":{"loc":{"start":{"line":256,"column":33},"end":{"line":256,"column":55}},"type":"default-arg","locations":[{"start":{"line":256,"column":50},"end":{"line":256,"column":55}}],"line":256},"47":{"loc":{"start":{"line":257,"column":4},"end":{"line":257,"column":36}},"type":"if","locations":[{"start":{"line":257,"column":4},"end":{"line":257,"column":36}},{"start":{},"end":{}}],"line":257},"48":{"loc":{"start":{"line":266,"column":6},"end":{"line":269,"column":7}},"type":"if","locations":[{"start":{"line":266,"column":6},"end":{"line":269,"column":7}},{"start":{},"end":{}}],"line":266},"49":{"loc":{"start":{"line":266,"column":10},"end":{"line":266,"column":57}},"type":"binary-expr","locations":[{"start":{"line":266,"column":10},"end":{"line":266,"column":23}},{"start":{"line":266,"column":28},"end":{"line":266,"column":43}},{"start":{"line":266,"column":47},"end":{"line":266,"column":56}}],"line":266},"50":{"loc":{"start":{"line":270,"column":18},"end":{"line":271,"column":51}},"type":"cond-expr","locations":[{"start":{"line":270,"column":58},"end":{"line":270,"column":83}},{"start":{"line":271,"column":10},"end":{"line":271,"column":51}}],"line":270},"51":{"loc":{"start":{"line":272,"column":6},"end":{"line":274,"column":7}},"type":"if","locations":[{"start":{"line":272,"column":6},"end":{"line":274,"column":7}},{"start":{},"end":{}}],"line":272},"52":{"loc":{"start":{"line":272,"column":10},"end":{"line":272,"column":47}},"type":"binary-expr","locations":[{"start":{"line":272,"column":10},"end":{"line":272,"column":24}},{"start":{"line":272,"column":28},"end":{"line":272,"column":47}}],"line":272},"53":{"loc":{"start":{"line":279,"column":16},"end":{"line":279,"column":125}},"type":"cond-expr","locations":[{"start":{"line":279,"column":56},"end":{"line":279,"column":81}},{"start":{"line":279,"column":84},"end":{"line":279,"column":125}}],"line":279},"54":{"loc":{"start":{"line":280,"column":4},"end":{"line":282,"column":5}},"type":"if","locations":[{"start":{"line":280,"column":4},"end":{"line":282,"column":5}},{"start":{},"end":{}}],"line":280},"55":{"loc":{"start":{"line":280,"column":8},"end":{"line":280,"column":45}},"type":"binary-expr","locations":[{"start":{"line":280,"column":8},"end":{"line":280,"column":22}},{"start":{"line":280,"column":26},"end":{"line":280,"column":45}}],"line":280},"56":{"loc":{"start":{"line":296,"column":4},"end":{"line":296,"column":48}},"type":"if","locations":[{"start":{"line":296,"column":4},"end":{"line":296,"column":48}},{"start":{},"end":{}}],"line":296},"57":{"loc":{"start":{"line":297,"column":4},"end":{"line":297,"column":34}},"type":"if","locations":[{"start":{"line":297,"column":4},"end":{"line":297,"column":34}},{"start":{},"end":{}}],"line":297},"58":{"loc":{"start":{"line":307,"column":4},"end":{"line":307,"column":83}},"type":"if","locations":[{"start":{"line":307,"column":4},"end":{"line":307,"column":83}},{"start":{},"end":{}}],"line":307},"59":{"loc":{"start":{"line":307,"column":40},"end":{"line":307,"column":81}},"type":"binary-expr","locations":[{"start":{"line":307,"column":40},"end":{"line":307,"column":58}},{"start":{"line":307,"column":62},"end":{"line":307,"column":81}}],"line":307},"60":{"loc":{"start":{"line":308,"column":11},"end":{"line":308,"column":52}},"type":"binary-expr","locations":[{"start":{"line":308,"column":11},"end":{"line":308,"column":29}},{"start":{"line":308,"column":33},"end":{"line":308,"column":52}}],"line":308},"61":{"loc":{"start":{"line":316,"column":0},"end":{"line":321,"column":1}},"type":"if","locations":[{"start":{"line":316,"column":0},"end":{"line":321,"column":1}},{"start":{},"end":{}}],"line":316}},"s":{"0":31,"1":31,"2":31,"3":31,"4":31,"5":31,"6":31,"7":31,"8":31,"9":31,"10":31,"11":31,"12":6,"13":6,"14":6,"15":6,"16":6,"17":6,"18":3,"19":3,"20":3,"21":3,"22":3,"23":3,"24":3,"25":9,"26":9,"27":9,"28":9,"29":9,"30":9,"31":9,"32":9,"33":9,"34":9,"35":441,"36":441,"37":423,"38":18,"39":9,"40":18,"41":18,"42":18,"43":378,"44":18,"45":17,"46":17,"47":17,"48":17,"49":12,"50":12,"51":12,"52":12,"53":19,"54":19,"55":19,"56":7,"57":12,"58":12,"59":0,"60":12,"61":12,"62":15,"63":15,"64":15,"65":15,"66":15,"67":6,"68":6,"69":15,"70":15,"71":15,"72":30,"73":30,"74":30,"75":30,"76":20,"77":15,"78":15,"79":30,"80":30,"81":30,"82":30,"83":28,"84":15,"85":15,"86":15,"87":15,"88":12,"89":12,"90":20,"91":3,"92":15,"93":15,"94":14,"95":14,"96":28,"97":1,"98":15,"99":79,"100":79,"101":79,"102":1659,"103":79,"104":1580,"105":1580,"106":87,"107":1493,"108":353,"109":1140,"110":92,"111":79,"112":72,"113":19,"114":53,"115":53,"116":53,"117":388,"118":388,"119":85,"120":303,"121":53,"122":19,"123":1,"124":18,"125":153,"126":18,"127":18,"128":18,"129":18,"130":18,"131":126,"132":126,"133":126,"134":126,"135":85,"136":85,"137":41,"138":41,"139":6,"140":41,"141":41,"142":41,"143":18,"144":18,"145":2,"146":18,"147":18,"148":60,"149":60,"150":60,"151":60,"152":35,"153":25,"154":0,"155":25,"156":1659,"157":840,"158":819,"159":2,"160":2},"f":{"0":31,"1":6,"2":3,"3":9,"4":9,"5":18,"6":17,"7":12,"8":15,"9":6,"10":79,"11":72,"12":19,"13":153,"14":60,"15":1659},"b":{"0":[6,6,4,2,2],"1":[6,6],"2":[3,3,1,1,1],"3":[3,3],"4":[3,3],"5":[9,0],"6":[9,0],"7":[441,423],"8":[423,18],"9":[18,18,0],"10":[18,9],"11":[18,18],"12":[378,360],"13":[378,378],"14":[17,0],"15":[0],"16":[0],"17":[0],"18":[12,7,7],"19":[7,12],"20":[0,12],"21":[0],"22":[0],"23":[0],"24":[0],"25":[15,10,10],"26":[6,9],"27":[20,10],"28":[28,2],"29":[12,3],"30":[14,1],"31":[79,1580],"32":[1580,999],"33":[87,1493],"34":[1580,380],"35":[353,1140],"36":[1493,600],"37":[92,1048],"38":[1140,600],"39":[0],"40":[0],"41":[0],"42":[19,53],"43":[85,303],"44":[27,58],"45":[0],"46":[0],"47":[1,18],"48":[85,41],"49":[126,94,18],"50":[29,12],"51":[6,35],"52":[41,15],"53":[7,11],"54":[2,16],"55":[18,3],"56":[35,25],"57":[0,25],"58":[840,819],"59":[840,840],"60":[819,780],"61":[2,0]},"_coverageSchema":"1a1c01bbd47fc00a2c39e90264f33305004495a9","hash":"5ea8ec2325817439e20e3e8f920a38e8bfe35781"}
,"/Users/dleal/GitHub/panini-wc-2026-gsheet-tracker/build/ImportDialogHelpers.html.js": {"path":"/Users/dleal/GitHub/panini-wc-2026-gsheet-tracker/build/ImportDialogHelpers.html.js","statementMap":{"0":{"start":{"line":19,"column":4},"end":{"line":22,"column":5}},"1":{"start":{"line":29,"column":4},"end":{"line":29,"column":75}},"2":{"start":{"line":29,"column":66},"end":{"line":29,"column":75}},"3":{"start":{"line":31,"column":4},"end":{"line":37,"column":17}},"4":{"start":{"line":32,"column":26},"end":{"line":34,"column":19}},"5":{"start":{"line":33,"column":21},"end":{"line":33,"column":51}},"6":{"start":{"line":36,"column":6},"end":{"line":36,"column":48}},"7":{"start":{"line":48,"column":19},"end":{"line":48,"column":90}},"8":{"start":{"line":49,"column":19},"end":{"line":49,"column":90}},"9":{"start":{"line":50,"column":4},"end":{"line":50,"column":87}},"10":{"start":{"line":57,"column":4},"end":{"line":57,"column":27}},"11":{"start":{"line":64,"column":15},"end":{"line":64,"column":29}},"12":{"start":{"line":65,"column":4},"end":{"line":65,"column":19}},"13":{"start":{"line":65,"column":13},"end":{"line":65,"column":19}},"14":{"start":{"line":66,"column":4},"end":{"line":66,"column":29}},"15":{"start":{"line":67,"column":4},"end":{"line":67,"column":23}},"16":{"start":{"line":74,"column":15},"end":{"line":74,"column":42}},"17":{"start":{"line":75,"column":17},"end":{"line":75,"column":42}},"18":{"start":{"line":76,"column":4},"end":{"line":79,"column":5}},"19":{"start":{"line":77,"column":6},"end":{"line":77,"column":37}},"20":{"start":{"line":78,"column":6},"end":{"line":78,"column":12}},"21":{"start":{"line":80,"column":4},"end":{"line":80,"column":25}},"22":{"start":{"line":81,"column":4},"end":{"line":81,"column":30}},"23":{"start":{"line":88,"column":16},"end":{"line":88,"column":41}},"24":{"start":{"line":89,"column":21},"end":{"line":93,"column":5}},"25":{"start":{"line":94,"column":4},"end":{"line":94,"column":76}},"26":{"start":{"line":94,"column":52},"end":{"line":94,"column":73}},"27":{"start":{"line":95,"column":4},"end":{"line":95,"column":60}},"28":{"start":{"line":95,"column":29},"end":{"line":95,"column":57}},"29":{"start":{"line":95,"column":37},"end":{"line":95,"column":57}},"30":{"start":{"line":102,"column":15},"end":{"line":102,"column":86}},"31":{"start":{"line":103,"column":4},"end":{"line":103,"column":23}},"32":{"start":{"line":103,"column":15},"end":{"line":103,"column":21}},"33":{"start":{"line":104,"column":4},"end":{"line":104,"column":46}},"34":{"start":{"line":105,"column":4},"end":{"line":105,"column":31}},"35":{"start":{"line":109,"column":16},"end":{"line":118,"column":1}},"36":{"start":{"line":120,"column":0},"end":{"line":122,"column":1}},"37":{"start":{"line":121,"column":2},"end":{"line":121,"column":30}}},"fnMap":{"0":{"name":"getPayloadFromState","decl":{"start":{"line":18,"column":11},"end":{"line":18,"column":30}},"loc":{"start":{"line":18,"column":38},"end":{"line":23,"column":3}},"line":18},"1":{"name":"renderPreviewData","decl":{"start":{"line":28,"column":11},"end":{"line":28,"column":28}},"loc":{"start":{"line":28,"column":37},"end":{"line":38,"column":3}},"line":28},"2":{"name":"(anonymous_2)","decl":{"start":{"line":31,"column":32},"end":{"line":31,"column":33}},"loc":{"start":{"line":31,"column":43},"end":{"line":37,"column":5}},"line":31},"3":{"name":"(anonymous_3)","decl":{"start":{"line":33,"column":13},"end":{"line":33,"column":14}},"loc":{"start":{"line":33,"column":21},"end":{"line":33,"column":51}},"line":33},"4":{"name":"getUIState","decl":{"start":{"line":47,"column":11},"end":{"line":47,"column":21}},"loc":{"start":{"line":47,"column":33},"end":{"line":51,"column":3}},"line":47},"5":{"name":"getPayload","decl":{"start":{"line":56,"column":11},"end":{"line":56,"column":21}},"loc":{"start":{"line":56,"column":33},"end":{"line":58,"column":3}},"line":56},"6":{"name":"clearPreview","decl":{"start":{"line":63,"column":11},"end":{"line":63,"column":23}},"loc":{"start":{"line":63,"column":35},"end":{"line":68,"column":3}},"line":63},"7":{"name":"renderPreview","decl":{"start":{"line":73,"column":11},"end":{"line":73,"column":24}},"loc":{"start":{"line":73,"column":44},"end":{"line":82,"column":3}},"line":73},"8":{"name":"setBusy","decl":{"start":{"line":87,"column":11},"end":{"line":87,"column":18}},"loc":{"start":{"line":87,"column":38},"end":{"line":96,"column":3}},"line":87},"9":{"name":"(anonymous_9)","decl":{"start":{"line":94,"column":43},"end":{"line":94,"column":44}},"loc":{"start":{"line":94,"column":50},"end":{"line":94,"column":75}},"line":94},"10":{"name":"(anonymous_10)","decl":{"start":{"line":95,"column":21},"end":{"line":95,"column":22}},"loc":{"start":{"line":95,"column":27},"end":{"line":95,"column":59}},"line":95},"11":{"name":"setMessage","decl":{"start":{"line":101,"column":11},"end":{"line":101,"column":21}},"loc":{"start":{"line":101,"column":45},"end":{"line":106,"column":3}},"line":101}},"branchMap":{"0":{"loc":{"start":{"line":20,"column":12},"end":{"line":20,"column":28}},"type":"binary-expr","locations":[{"start":{"line":20,"column":12},"end":{"line":20,"column":22}},{"start":{"line":20,"column":26},"end":{"line":20,"column":28}}],"line":20},"1":{"loc":{"start":{"line":21,"column":12},"end":{"line":21,"column":34}},"type":"binary-expr","locations":[{"start":{"line":21,"column":12},"end":{"line":21,"column":22}},{"start":{"line":21,"column":26},"end":{"line":21,"column":34}}],"line":21},"2":{"loc":{"start":{"line":29,"column":4},"end":{"line":29,"column":75}},"type":"if","locations":[{"start":{"line":29,"column":4},"end":{"line":29,"column":75}},{"start":{},"end":{}}],"line":29},"3":{"loc":{"start":{"line":29,"column":8},"end":{"line":29,"column":64}},"type":"binary-expr","locations":[{"start":{"line":29,"column":8},"end":{"line":29,"column":15}},{"start":{"line":29,"column":19},"end":{"line":29,"column":36}},{"start":{"line":29,"column":40},"end":{"line":29,"column":64}}],"line":29},"4":{"loc":{"start":{"line":32,"column":27},"end":{"line":32,"column":49}},"type":"binary-expr","locations":[{"start":{"line":32,"column":27},"end":{"line":32,"column":43}},{"start":{"line":32,"column":47},"end":{"line":32,"column":49}}],"line":32},"5":{"loc":{"start":{"line":47,"column":22},"end":{"line":47,"column":31}},"type":"default-arg","locations":[{"start":{"line":47,"column":29},"end":{"line":47,"column":31}}],"line":47},"6":{"loc":{"start":{"line":48,"column":19},"end":{"line":48,"column":90}},"type":"binary-expr","locations":[{"start":{"line":48,"column":19},"end":{"line":48,"column":33}},{"start":{"line":48,"column":38},"end":{"line":48,"column":89}}],"line":48},"7":{"loc":{"start":{"line":48,"column":38},"end":{"line":48,"column":89}},"type":"cond-expr"
[...]
ne":108,"column":28},"end":{"line":108,"column":37}},"59":{"start":{"line":111,"column":22},"end":{"line":111,"column":111}},"60":{"start":{"line":111,"column":104},"end":{"line":111,"column":108}},"61":{"start":{"line":112,"column":24},"end":{"line":116,"column":4}},"62":{"start":{"line":115,"column":50},"end":{"line":115,"column":54}},"63":{"start":{"line":117,"column":28},"end":{"line":120,"column":4}},"64":{"start":{"line":119,"column":50},"end":{"line":119,"column":54}},"65":{"start":{"line":121,"column":20},"end":{"line":121,"column":46}},"66":{"start":{"line":122,"column":25},"end":{"line":122,"column":96}},"67":{"start":{"line":122,"column":90},"end":{"line":122,"column":94}},"68":{"start":{"line":123,"column":25},"end":{"line":132,"column":3}},"69":{"start":{"line":124,"column":29},"end":{"line":124,"column":43}},"70":{"start":{"line":125,"column":36},"end":{"line":125,"column":50}},"71":{"start":{"line":126,"column":30},"end":{"line":126,"column":51}},"72":{"start":{"line":127,"column":33},"end":{"line":127,"column":34}},"73":{"start":{"line":128,"column":26},"end":{"line":128,"column":27}},"74":{"start":{"line":129,"column":29},"end":{"line":129,"column":30}},"75":{"start":{"line":130,"column":28},"end":{"line":130,"column":37}},"76":{"start":{"line":133,"column":20},"end":{"line":141,"column":3}},"77":{"start":{"line":134,"column":29},"end":{"line":134,"column":73}},"78":{"start":{"line":135,"column":30},"end":{"line":135,"column":60}},"79":{"start":{"line":136,"column":33},"end":{"line":136,"column":34}},"80":{"start":{"line":137,"column":26},"end":{"line":137,"column":27}},"81":{"start":{"line":138,"column":29},"end":{"line":138,"column":30}},"82":{"start":{"line":139,"column":28},"end":{"line":139,"column":37}},"83":{"start":{"line":142,"column":2},"end":{"line":155,"column":3}},"84":{"start":{"line":143,"column":33},"end":{"line":154,"column":5}},"85":{"start":{"line":145,"column":8},"end":{"line":145,"column":55}},"86":{"start":{"line":145,"column":34},"end":{"line":145,"column":55}},"87":{"start":{"line":146,"column":8},"end":{"line":146,"column":49}},"88":{"start":{"line":146,"column":31},"end":{"line":146,"column":49}},"89":{"start":{"line":147,"column":8},"end":{"line":147,"column":49}},"90":{"start":{"line":147,"column":31},"end":{"line":147,"column":49}},"91":{"start":{"line":148,"column":8},"end":{"line":148,"column":54}},"92":{"start":{"line":148,"column":34},"end":{"line":148,"column":54}},"93":{"start":{"line":149,"column":8},"end":{"line":149,"column":62}},"94":{"start":{"line":149,"column":38},"end":{"line":149,"column":62}},"95":{"start":{"line":150,"column":8},"end":{"line":150,"column":56}},"96":{"start":{"line":150,"column":35},"end":{"line":150,"column":56}},"97":{"start":{"line":151,"column":8},"end":{"line":151,"column":45}},"98":{"start":{"line":151,"column":29},"end":{"line":151,"column":45}},"99":{"start":{"line":152,"column":8},"end":{"line":152,"column":48}},"100":{"start":{"line":158,"column":30},"end":{"line":167,"column":3}},"101":{"start":{"line":159,"column":4},"end":{"line":166,"column":6}},"102":{"start":{"line":160,"column":17},"end":{"line":160,"column":18}},"103":{"start":{"line":161,"column":6},"end":{"line":164,"column":7}},"104":{"start":{"line":161,"column":19},"end":{"line":161,"column":20}},"105":{"start":{"line":162,"column":18},"end":{"line":162,"column":32}},"106":{"start":{"line":163,"column":8},"end":{"line":163,"column":48}},"107":{"start":{"line":163,"column":42},"end":{"line":163,"column":48}},"108":{"start":{"line":165,"column":6},"end":{"line":165,"column":19}},"109":{"start":{"line":171,"column":23},"end":{"line":171,"column":68}},"110":{"start":{"line":171,"column":40},"end":{"line":171,"column":66}},"111":{"start":{"line":172,"column":4},"end":{"line":181,"column":5}},"112":{"start":{"line":173,"column":31},"end":{"line":173,"column":41}},"113":{"start":{"line":174,"column":38},"end":{"line":174,"column":48}},"114":{"start":{"line":175,"column":32},"end":{"line":175,"column":49}},"115":{"start":{"line":176,"column":35},"end":{"line":176,"column":36}},"116":{"start":{"line":177,"column":28},"end":{"line":177,"column":29}},"117":{"start":{"line":178,"column":31},"end":{"line":178,"column":32}},"118":{"start":{"line":179,"column":30},"end":{"line":179,"column":39}},"119":{"start":{"line":184,"column":2},"end":{"line":184,"column":36}},"120":{"start":{"line":185,"column":2},"end":{"line":185,"column":36}},"121":{"start":{"line":186,"column":2},"end":{"line":186,"column":38}},"122":{"start":{"line":189,"column":0},"end":{"line":191,"column":1}}},"fnMap":{"0":{"name":"(anonymous_0)","decl":{"start":{"line":15,"column":21},"end":{"line":15,"column":22}},"loc":{"start":{"line":15,"column":27},"end":{"line":15,"column":46}},"line":15},"1":{"name":"(anonymous_1)","decl":{"start":{"line":31,"column":2},"end":{"line":31,"column":3}},"loc":{"start":{"line":31,"column":17},"end":{"line":58,"column":3}},"line":31},"2":{"name":"(anonymous_2)","decl":{"start":{"line":53,"column":26},"end":{"line":53,"column":27}},"loc":{"start":{"line":53,"column":40},"end":{"line":56,"column":9}},"line":53},"3":{"name":"(anonymous_3)","decl":{"start":{"line":60,"column":2},"end":{"line":60,"column":3}},"loc":{"start":{"line":60,"column":23},"end":{"line":60,"column":53}},"line":60},"4":{"name":"(anonymous_4)","decl":{"start":{"line":61,"column":2},"end":{"line":61,"column":3}},"loc":{"start":{"line":61,"column":20},"end":{"line":61,"column":47}},"line":61},"5":{"name":"(anonymous_5)","decl":{"start":{"line":62,"column":2},"end":{"line":62,"column":3}},"loc":{"start":{"line":62,"column":18},"end":{"line":62,"column":43}},"line":62},"6":{"name":"(anonymous_6)","decl":{"start":{"line":63,"column":2},"end":{"line":63,"column":3}},"loc":{"start":{"line":63,"column":23},"end":{"line":63,"column":53}},"line":63},"7":{"name":"(anonymous_7)","decl":{"start":{"line":64,"column":2},"end":{"line":64,"column":3}},"loc":{"start":{"line":64,"column":22},"end":{"line":64,"column":51}},"line":64},"8":{"name":"(anonymous_8)","decl":{"start":{"line":65,"column":2},"end":{"line":65,"column":3}},"loc":{"start":{"line":65,"column":26},"end":{"line":65,"column":59}},"line":65},"9":{"name":"(anonymous_9)","decl":{"start":{"line":66,"column":2},"end":{"line":66,"column":3}},"loc":{"start":{"line":66,"column":18},"end":{"line":66,"column":48}},"line":66},"10":{"name":"(anonymous_10)","decl":{"start":{"line":67,"column":2},"end":{"line":67,"column":3}},"loc":{"start":{"line":67,"column":19},"end":{"line":67,"column":45}},"line":67},"11":{"name":"(anonymous_11)","decl":{"start":{"line":68,"column":2},"end":{"line":68,"column":3}},"loc":{"start":{"line":68,"column":19},"end":{"line":68,"column":50}},"line":68},"12":{"name":"(anonymous_12)","decl":{"start":{"line":69,"column":2},"end":{"line":69,"column":3}},"loc":{"start":{"line":69,"column":14},"end":{"line":69,"column":35}},"line":69},"13":{"name":"(anonymous_13)","decl":{"start":{"line":70,"column":2},"end":{"line":70,"column":3}},"loc":{"start":{"line":70,"column":17},"end":{"line":70,"column":41}},"line":70},"14":{"name":"(anonymous_14)","decl":{"start":{"line":71,"column":2},"end":{"line":71,"column":3}},"loc":{"start":{"line":71,"column":16},"end":{"line":71,"column":39}},"line":71},"15":{"name":"(anonymous_15)","decl":{"start":{"line":72,"column":2},"end":{"line":72,"column":3}},"loc":{"start":{"line":72,"column":23},"end":{"line":72,"column":53}},"line":72},"16":{"name":"(anonymous_16)","decl":{"start":{"line":73,"column":2},"end":{"line":73,"column":3}},"loc":{"start":{"line":73,"column":25},"end":{"line":73,"column":40}},"line":73},"17":{"name":"initTestKernel","decl":{"start":{"line":77,"column":9},"end":{"line":77,"column":23}},"loc":{"start":{"line":77,"column":27},"end":{"line":83,"column":1}},"line":77},"18":{"name":"initializeSpreadsheetAppMock","decl":{"start":{"line":86,"column":9},"end":{"line":86,"column":37}},"loc":{"start":{"line":86,"column":41},"end":{"line":187,"column":1}},"line":86},"19":{"name":"(anonymous_19)","decl":{"start":{"line":90,"column":85},"end":{"line":90,"column":86}},"loc":{"start":{"line":90,"column":91},"end":{"line":90,"column":95}},"line":90},"20":{"name":"(anonymous_20)","decl":{"start":{"line":92,"column":55},"end":{"line":92,"column":56}},"loc":{"start":{"line":92,"column":61},"end":{"line":92,"column":79}},"line":92},"21":{"name":"(anonymous_21)","decl":{"start":{"line":94,"column":31},"end":{"line":94,"column":32}},"loc":{"start":{"line":94,"column":63},"end":{"line":99,"column":3}},"line":94},"22":{"name":"(anonymous_22)","decl":{"start":{"line":103,"column":23},"end":{"line":103,"column":24}},"loc":{"start":{"line":103,"column":29},"end":{"line":103,"column":41}},"line":103},"23":{"name":"(anonymous_23)","decl":{"start":{"line":104,"column":24},"end":{"line":104,"column":25}},"loc":{"start":{"line":104,"column":30},"end":{"line":104,"column":49}},"line":104},"24":{"name":"(anonymous_24)","decl":{"start":{"line":105,"column":27},"end":{"line":105,"column":28}},"loc":{"start":{"line":105,"column":33},"end":{"line":105,"column":35}},"line":105},"25":{"name":"(anonymous_25)","decl":{"start":{"line":106,"column":20},"end":{"line":106,"column":21}},"loc":{"start":{"line":106,"column":26},"end":{"line":106,"column":27}},"line":106},"26":{"name":"(anonymous_26)","decl":{"start":{"line":107,"column":23},"end":{"line":107,"column":24}},"loc":{"start":{"line":107,"column":29},"end":{"line":107,"column":30}},"line":107},"27":{"name":"(anonymous_27)","decl":{"start":{"line":108,"column":22},"end":{"line":108,"column":23}},"loc":{"start":{"line":108,"column":28},"end":{"line":108,"column":37}},"line":108},"28":{"name":"(anonymous_28)","decl":{"start":{"line":111,"column":98},"end":{"line":111,"column":99}},"loc":{"start":{"line":111,"column":104},"end":{"line":111,"column":108}},"line":111},"29":{"name":"(anonymous_29)","decl":{"start":{"line":115,"column":44},"end":{"line":115,"column":45}},"loc":{"start":{"line":115,"column":50},"end":{"line":115,"column":54}},"line":115},"30":{"name":"(anonymous_30)","decl":{"start":{"line":119,"column":44},"end":{"line":119,"column":45}},"loc":{"start":{"line":119,"column":50},"end":{"line":119,"column":54}},"line":119},"31":{"name":"(anonymous_31)","decl":{"start":{"line":122,"column":84},"end":{"line":122,"column":85}},"loc":{"start":{"line":122,"column":90},"end":{"line":122,"column":94}},"line":122},"32":{"name":"(anonymous_32)","decl":{"start":{"line":124,"column":23},"end":{"line":124,"column":24}},"loc":{"start":{"line":124,"column":29},"end":{"line":124,"column":43}},"line":124},"33":{"name":"(anonymous_33)","decl":{"start":{"line":125,"column":30},"end":{"line":125,"column":31}},"loc":{"start":{"line":125,"column":36},"end":{"line":125,"column":50}},"line":125},"34":{"name":"(anonymous_34)","decl":{"start":{"line":126,"column":24},"end":{"line":126,"column":25}},"loc":{"start":{"line":126,"column":30},"end":{"line":126,"column":51}},"line":126},"35":{"name":"(anonymous_35)","decl":{"start":{"line":127,"column":27},"end":{"line":127,"column":28}},"loc":{"start":{"line":127,"column":33},"end":{"line":127,"column":34}},"line":127},"36":{"name":"(anonymous_36)","decl":{"start":{"line":128,"column":20},"end":{"line":128,"column":21}},"loc":{"start":{"line":128,"column":26},"end":{"line":128,"column":27}},"line":128},"37":{"name":"(anonymous_37)","decl":{"start":{"line":129,"column":23},"end":{"line":129,"column":24}},"loc":{"start":{"line":129,"column":29},"end":{"line":129,"column":30}},"line":129},"38":{"name":"(anonymous_38)","decl":{"start":{"line":130,"column":22},"end":{"line":130,"column":23}},"loc":{"start":{"line":130,"column":28},"end":{"line":130,"column":37}},"line":130},"39":{"name":"(anonymous_39)","decl":{"start":{"line":134,"column":23},"end":{"line":134,"column":24}},"loc":{"start":{"line":134,"column":29},"end":{"line":134,"column":73}},"line":134},"40":{"name":"(anonymous_40)","decl":{"start":{"line":135,"column":24},"end":{"line":135,"column":25}},"loc":{"start":{"line":135,"column":30},"end":{"line":135,"column":60}},"line":135},"41":{"name":"(anonymous_41)","decl":{"start":{"line":136,"column":27},"end":{"line":136,"column":28}},"loc":{"start":{"line":136,"column":33},"end":{"line":136,"column":34}},"line":136},"42":{"name":"(anonymous_42)","decl":{"start":{"line":137,"column":20},"end":{"line":137,"column":21}},"loc":{"start":{"line":137,"column":26},"end":{"line":137,"column":27}},"line":137},"43":{"name":"(anonymous_43)","decl":{"start":{"line":138,"column":23},"end":{"line":138,"column":24}},"loc":{"start":{"line":138,"column":29},"end":{"line":138,"column":30}},"line":138},"44":{"name":"(anonymous_44)","decl":{"start":{"line":139,"column":22},"end":{"line":139,"column":23}},"loc":{"start":{"line":139,"column":28},"end":{"line":139,"column":37}},"line":139},"45":{"name":"(anonymous_45)","decl":{"start":{"line":143,"column":26},"end":{"line":143,"column":27}},"loc":{"start":{"line":143,"column":33},"end":{"line":154,"column":5}},"line":143},"46":{"name":"(anonymous_46)","decl":{"start":{"line":144,"column":22},"end":{"line":144,"column":23}},"loc":{"start":{"line":144,"column":32},"end":{"line":153,"column":7}},"line":144},"47":{"name":"(anonymous_47)","decl":{"start":{"line":158,"column":30},"end":{"line":158,"column":31}},"loc":{"start":{"line":158,"column":48},"end":{"line":167,"column":3}},"line":158},"48":{"name":"(anonymous_48)","decl":{"start":{"line":159,"column":28},"end":{"line":159,"column":29}},"loc":{"start":{"line":159,"column":35},"end":{"line":166,"column":5}},"line":159},"49":{"name":"createNamedRangeMock","decl":{"start":{"line":170,"column":11},"end":{"line":170,"column":31}},"loc":{"start":{"line":170,"column":62},"end":{"line":182,"column":3}},"line":170},"50":{"name":"(anonymous_50)","decl":{"start":{"line":171,"column":34},"end":{"line":171,"column":35}},"loc":{"start":{"line":171,"column":40},"end":{"line":171,"column":66}},"line":171},"51":{"name":"(anonymous_51)","decl":{"start":{"line":173,"column":25},"end":{"line":173,"column":26}},"loc":{"start":{"line":173,"column":31},"end":{"line":173,"column":41}},"line":173},"52":{"name":"(anonymous_52)","decl":{"start":{"line":174,"column":32},"end":{"line":174,"column":33}},"loc":{"start":{"line":174,"column":38},"end":{"line":174,"column":48}},"line":174},"53":{"name":"(anonymous_53)","decl":{"start":{"line":175,"column":26},"end":{"line":175,"column":27}},"loc":{"start":{"line":175,"column":32},"end":{"line":175,"column":49}},"line":175},"54":{"name":"(anonymous_54)","decl":{"start":{"line":176,"column":29},"end":{"line":176,"column":30}},"loc":{"start":{"line":176,"column":35},"end":{"line":176,"column":36}},"line":176},"55":{"name":"(anonymous_55)","decl":{"start":{"line":177,"column":22},"end":{"line":177,"column":23}},"loc":{"start":{"line":177,"column":28},"end":{"line":177,"column":29}},"line":177},"56":{"name":"(anonymous_56)","decl":{"start":{"line":178,"column":25},"end":{"line":178,"column":26}},"loc":{"start":{"line":178,"column":31},"end":{"line":178,"column":32}},"line":178},"57":{"name":"(anonymous_57)","decl":{"start":{"line":179,"column":24},"end":{"line":179,"column":25}},"loc":{"start":{"line":179,"column":30},"end":{"line":179,"column":39}},"line":179}},"branchMap":{"0":{"loc":{"start":{"line":95,"column":4},"end":{"line":97,"column":5}},"type":"if","locations":[{"start":{"line":95,"column":4},"end":{"line":97,"column":5}},{"start":{},"end":{}}],"line":95},"1":{"loc":{"start":{"line":95,"column":8},"end":{"line":95,"column":72}},"type":"binary-expr","locations":[{"start":{"line":95,"column":8},"end":{"line":95,"column":19}},{"start":{"line":95,"column":23},"end":{"line":95,"column":34}},{"start":{"line":95,"column":38},"end":{"line":95,"column":53}},{"start":{"line":95,"column":57},"end":{"line":95,"column":72}}],"line":95},"2":{"loc":{"start":{"line":145,"column":8},"end":{"line":145,"column":55}},"type":"if","locations":[{"start":{"line":145,"column":8},"end":{"line":145,"column":55}},{"start":{},"end":{}}],"line":145},"3":{"loc":{"start":{"line":146,"column":8},"end":{"line":146,"column":49}},"type":"if","locations":[{"start":{"line":146,"column":8},"end":{"line":146,"column":49}},{"start":{},"end":{}}],"line":146},"4":{"loc":{"start":{"line":147,"column":8},"end":{"line":147,"column":49}},"type":"if","locations":[{"start":{"line":147,"column":8},"end":{"line":147,"column":49}},{"start":{},"end":{}}],"line":147},"5":{"loc":{"start":{"line":148,"column":8},"end":{"line":148,"column":54}},"type":"if","locations":[{"start":{"line":148,"column":8},"end":{"line":148,"column":54}},{"start":{},"end":{}}],"line":148},"6":{"loc":{"start":{"line":149,"column":8},"end":{"line":149,"column":62}},"type":"if","locations":[{"start":{"line":149,"column":8},"end":{"line":149,"column":62}},{"start":{},"end":{}}],"line":149},"7":{"loc":{"start":{"line":150,"column":8},"end":{"line":150,"column":56}},"type":"if","locations":[{"start":{"line":150,"column":8},"end":{"line":150,"column":56}},{"start":{},"end":{}}],"line":150},"8":{"loc":{"start":{"line":151,"column":8},"end":{"line":151,"column":45}},"type":"if","locations":[{"start":{"line":151,"column":8},"end":{"line":151,"column":45}},{"start":{},"end":{}}],"line":151},"9":{"loc":{"start":{"line":163,"column":8},"end":{"line":163,"column":48}},"type":"if","locations":[{"start":{"line":163,"column":8},"end":{"line":163,"column":48}},{"start":{},"end":{}}],"line":163},"10":{"loc":{"start":{"line":163,"column":12},"end":{"line":163,"column":40}},"type":"binary-expr","locations":[{"start":{"line":163,"column":12},"end":{"line":163,"column":28}},{"start":{"line":163,"column":33},"end":{"line":163,"column":39}}],"line":163},"11":{"loc":{"start":{"line":170,"column":33},"end":{"line":170,"column":60}},"type":"default-arg","locations":[{"start":{"line":170,"column":42},"end":{"line":170,"column":60}}],"line":170},"12":{"loc":{"start":{"line":171,"column":40},"end":{"line":171,"column":66}},"type":"cond-expr","locations":[{"start":{"line":171,"column":59},"end":{"line":171,"column":60}},{"start":{"line":171,"column":63},"end":{"line":171,"column":66}}],"line":171}},"s":{"0":4,"1":14,"2":4,"3":82,"4":82,"5":82,"6":82,"7":82,"8":82,"9":82,"10":82,"11":82,"12":82,"13":82,"14":82,"15":82,"16":82,"17":82,"18":82,"19":164,"20":52,"21":52,"22":52,"23":52,"24":0,"25":0,"26":1,"27":37,"28":1,"29":52,"30":52,"31":0,"32":52,"33":0,"34":127,"35":127,"36":127,"37":127,"38":127,"39":127,"40":127,"41":127,"42":127,"43":127,"44":5969,"45":127,"46":5969,"47":127,"48":19,"49":0,"50":19,"51":127,"52":127,"53":44,"54":54,"55":54,"56":27,"57":27,"58":84,"59":127,"60":5969,"61":127,"62":5969,"63":127,"64":5969,"65":127,"66":127,"67":5969,"68":127,"69":1,"70":9,"71":2,"72":2,"73":0,"74":0,"75":0,"76":127,"77":10,"78":2,"79":2,"80":0,"81":0,"82":0,"83":127,"84":150,"85":772,"86":101,"87":671,"88":191,"89":480,"90":104,"91":376,"92":104,"93":272,"94":104,"95":168,"96":84,"97":84,"98":84,"99":0,"100":127,"101":10,"102":490,"103":490,"104":490,"105":10290,"106":10290,"107":20,"108":490,"109":508,"110":24892,"111":508,"112":50,"113":40,"114":85,"115":85,"116":0,"117":0,"118":0,"119":127,"120":127,"121":127,"122":4},"f":{"0":14,"1":82,"2":164,"3":52,"4":52,"5":52,"6":52,"7":0,"8":0,"9":1,"10":37,"11":1,"12":52,"13":52,"14":0,"15":52,"16":0,"17":127,"18":127,"19":5969,"20":5969,"21":19,"22":44,"23":54,"24":54,"25":27,"26":27,"27":84,"28":5969,"29":5969,"30":5969,"31":5969,"32":1,"33":9,"34":2,"35":2,"36":0,"37":0,"38":0,"39":10,"40":2,"41":2,"42":0,"43":0,"44":0,"45":150,"46":772,"47":10,"48":490,"49":508,"50":24892,"51":50,"52":40,"53":85,"54":85,"55":0,"56":0,"57":0},"b":{"0":[0,19],"1":[19,19,19,19],"2":[101,671],"3":[191,480],"4":[104,376],"5":[104,272],"6":[104,168],"7":[84,84],"8":[84,0],"9":[20,10270],"10":[10290,10290],"11":[0],"12":[24892,0]},"_coverageSchema":"1a1c01bbd47fc00a2c39e90264f33305004495a9","hash":"d98e3145903f49e2b116e4ac9624b09b9f65999d"}
}
