TN:
SF:build/Commons.js
FN:21,(anonymous_0)
FN:55,(anonymous_1)
FN:64,(anonymous_2)
FN:79,(anonymous_3)
FN:92,(anonymous_4)
FN:101,(anonymous_5)
FN:110,(anonymous_6)
FN:119,(anonymous_7)
FN:128,(anonymous_8)
FN:136,(anonymous_9)
FN:144,(anonymous_10)
FN:152,(anonymous_11)
FN:160,(anonymous_12)
FN:183,(anonymous_13)
FN:197,(anonymous_14)
FN:200,(anonymous_15)
FN:219,(anonymous_16)
FN:223,(anonymous_17)
FN:235,(anonymous_18)
FN:244,(anonymous_19)
FN:262,(anonymous_20)
FN:264,(anonymous_21)
FN:282,(anonymous_22)
FN:290,(anonymous_23)
FN:315,(anonymous_24)
FN:317,(anonymous_25)
FN:339,(anonymous_26)
FN:347,(anonymous_27)
FN:360,(anonymous_28)
FN:373,(anonymous_29)
FN:378,(anonymous_30)
FN:389,(anonymous_31)
FN:401,(anonymous_32)
FN:402,(anonymous_33)
FN:413,(anonymous_34)
FN:420,(anonymous_35)
FN:428,(anonymous_36)
FNF:37
FNH:37
FNDA:75,(anonymous_0)
FNDA:28,(anonymous_1)
FNDA:28,(anonymous_2)
FNDA:47,(anonymous_3)
FNDA:4,(anonymous_4)
FNDA:4,(anonymous_5)
FNDA:28,(anonymous_6)
FNDA:31,(anonymous_7)
FNDA:4,(anonymous_8)
FNDA:24,(anonymous_9)
FNDA:4,(anonymous_10)
FNDA:3,(anonymous_11)
FNDA:4,(anonymous_12)
FNDA:30,(anonymous_13)
FNDA:4,(anonymous_14)
FNDA:57,(anonymous_15)
FNDA:7,(anonymous_16)
FNDA:72,(anonymous_17)
FNDA:6,(anonymous_18)
FNDA:42,(anonymous_19)
FNDA:4,(anonymous_20)
FNDA:5,(anonymous_21)
FNDA:30,(anonymous_22)
FNDA:123,(anonymous_23)
FNDA:14,(anonymous_24)
FNDA:26,(anonymous_25)
FNDA:24,(anonymous_26)
FNDA:848,(anonymous_27)
FNDA:848,(anonymous_28)
FNDA:693,(anonymous_29)
FNDA:13,(anonymous_30)
FNDA:8,(anonymous_31)
FNDA:4,(anonymous_32)
FNDA:7,(anonymous_33)
FNDA:1,(anonymous_34)
FNDA:2,(anonymous_35)
FNDA:807,(anonymous_36)
DA:22,75
DA:23,75
DA:24,75
DA:25,75
DA:26,75
DA:27,75
DA:28,75
DA:29,75
DA:30,75
DA:31,75
DA:32,75
DA:34,75
DA:35,75
DA:36,75
DA:37,75
DA:38,75
DA:39,75
DA:40,75
DA:41,75
DA:42,75
DA:43,75
DA:44,75
DA:45,75
DA:46,75
DA:47,75
DA:48,75
DA:49,75
DA:56,28
DA:57,20
DA:58,20
DA:60,27
DA:65,28
DA:66,23
DA:67,23
DA:69,27
DA:80,47
DA:81,28
DA:82,28
DA:83,27
DA:84,27
DA:85,27
DA:86,27
DA:88,46
DA:93,4
DA:94,3
DA:95,3
DA:97,3
DA:102,4
DA:103,3
DA:104,3
DA:106,3
DA:111,28
DA:112,23
DA:113,23
DA:115,27
DA:120,31
DA:121,23
DA:122,23
DA:124,30
DA:129,4
DA:130,2
DA:132,4
DA:137,24
DA:138,2
DA:140,24
DA:145,4
DA:146,2
DA:148,4
DA:153,3
DA:154,2
DA:156,3
DA:161,4
DA:162,2
DA:164,4
DA:184,30
DA:185,14
DA:187,30
DA:198,4
DA:199,3
DA:200,57
DA:203,3
DA:205,4
DA:220,7
DA:221,5
DA:222,5
DA:223,72
DA:236,6
DA:237,5
DA:238,4
DA:239,4
DA:241,4
DA:242,2
DA:244,42
DA:263,4
DA:264,4
DA:265,5
DA:283,30
DA:284,24
DA:286,30
DA:291,123
DA:292,0
DA:294,123
DA:295,1
DA:299,122
DA:300,6
DA:316,14
DA:317,14
DA:318,26
DA:323,14
DA:340,24
DA:341,24
DA:342,24
DA:343,24
DA:344,24
DA:346,24
DA:348,848
DA:361,848
DA:362,848
DA:363,804
DA:365,44
DA:366,44
DA:368,44
DA:373,693
DA:379,13
DA:381,13
DA:382,3
DA:385,10
DA:390,8
DA:391,8
DA:392,0
DA:394,8
DA:395,1
DA:397,7
DA:402,4
DA:403,7
DA:404,5
DA:407,7
DA:408,7
DA:414,1
DA:415,1
DA:416,1
DA:417,1
DA:418,1
DA:420,1
DA:421,2
DA:422,2
DA:424,1
DA:429,807
DA:430,807
DA:431,752
DA:433,55
DA:440,1
DA:441,1
LF:153
LH:151
BRDA:56,0,0,20
BRDA:56,0,1,8
BRDA:65,1,0,23
BRDA:65,1,1,5
BRDA:80,2,0,28
BRDA:80,2,1,19
BRDA:93,3,0,3
BRDA:93,3,1,1
BRDA:102,4,0,3
BRDA:102,4,1,1
BRDA:111,5,0,23
BRDA:111,5,1,5
BRDA:120,6,0,23
BRDA:120,6,1,8
BRDA:129,7,0,2
BRDA:129,7,1,2
BRDA:137,8,0,2
BRDA:137,8,1,22
BRDA:145,9,0,2
BRDA:145,9,1,2
BRDA:153,10,0,2
BRDA:153,10,1,1
BRDA:161,11,0,2
BRDA:161,11,1,2
BRDA:184,12,0,14
BRDA:184,12,1,16
BRDA:198,13,0,3
BRDA:198,13,1,1
BRDA:200,14,0,57
BRDA:200,14,1,50
BRDA:241,15,0,2
BRDA:241,15,1,2
BRDA:283,16,0,24
BRDA:283,16,1,6
BRDA:291,17,0,0
BRDA:291,17,1,123
BRDA:294,18,0,1
BRDA:294,18,1,122
BRDA:299,19,0,6
BRDA:299,19,1,116
BRDA:361,20,0,848
BRDA:361,20,1,802
BRDA:362,21,0,804
BRDA:362,21,1,44
BRDA:365,22,0,44
BRDA:365,22,1,4
BRDA:366,23,0,44
BRDA:366,23,1,3
BRDA:372,24,0,44
BRDA:372,24,1,3
BRDA:373,25,0,44
BRDA:373,25,1,4
BRDA:379,26,0,13
BRDA:379,26,1,0
BRDA:381,27,0,3
BRDA:381,27,1,10
BRDA:391,28,0,0
BRDA:391,28,1,8
BRDA:394,29,0,1
BRDA:394,29,1,7
BRDA:394,30,0,8
BRDA:394,30,1,8
BRDA:403,31,0,5
BRDA:403,31,1,2
BRDA:430,32,0,752
BRDA:430,32,1,55
BRDA:430,33,0,807
BRDA:430,33,1,62
BRDA:430,33,2,60
BRDA:430,33,3,58
BRDA:440,34,0,1
BRDA:440,34,1,0
BRF:72
BRH:68
end_of_record
TN:
SF:build/ExportDialogHelpers.html.js
FN:25,buildExportFileName
FN:46,getUIState
FN:63,getPayload
FN:70,setMessage
FN:80,setBusy
FN:89,(anonymous_5)
FN:90,(anonymous_6)
FN:96,copyToClipboard
FN:111,triggerDownload
FN:130,(anonymous_9)
FNF:10
FNH:10
FNDA:4,buildExportFileName
FNDA:5,getUIState
FNDA:2,getPayload
FNDA:2,setMessage
FNDA:1,setBusy
FNDA:2,(anonymous_5)
FNDA:4,(anonymous_6)
FNDA:2,copyToClipboard
FNDA:1,triggerDownload
FNDA:1,(anonymous_9)
DA:26,4
DA:27,4
DA:28,4
DA:29,4
DA:30,4
DA:31,4
DA:32,4
DA:33,4
DA:35,4
DA:47,5
DA:48,5
DA:50,5
DA:53,5
DA:64,2
DA:71,2
DA:72,2
DA:73,2
DA:74,2
DA:81,1
DA:83,1
DA:89,2
DA:90,4
DA:97,2
DA:98,2
DA:99,2
DA:101,1
DA:102,1
DA:103,1
DA:104,1
DA:112,1
DA:113,1
DA:114,1
DA:116,1
DA:120,1
DA:122,1
DA:123,1
DA:124,1
DA:126,1
DA:127,1
DA:128,1
DA:130,1
DA:131,1
DA:136,1
DA:146,1
DA:147,1
LF:45
LH:45
BRDA:25,0,0,0
BRDA:25,1,0,2
BRDA:27,2,0,4
BRDA:27,2,1,0
BRDA:46,3,0,3
BRDA:47,4,0,5
BRDA:47,4,1,5
BRDA:48,5,0,5
BRDA:48,5,1,5
BRDA:49,6,0,0
BRDA:49,6,1,5
BRDA:50,7,0,5
BRDA:50,7,1,5
BRDA:51,8,0,0
BRDA:51,8,1,5
BRDA:54,9,0,4
BRDA:54,9,1,1
BRDA:55,10,0,0
BRDA:55,10,1,5
BRDA:56,11,0,0
BRDA:56,11,1,5
BRDA:63,12,0,2
BRDA:70,13,0,0
BRDA:71,14,0,2
BRDA:71,14,1,0
BRDA:71,15,0,0
BRDA:71,15,1,0
BRDA:72,16,0,0
BRDA:72,16,1,2
BRDA:73,17,0,2
BRDA:73,17,1,1
BRDA:74,18,0,2
BRDA:74,18,1,0
BRDA:80,19,0,0
BRDA:81,20,0,1
BRDA:81,20,1,0
BRDA:83,21,0,1
BRDA:83,21,1,0
BRDA:85,22,0,0
BRDA:85,22,1,0
BRDA:86,23,0,0
BRDA:86,23,1,0
BRDA:87,24,0,0
BRDA:87,24,1,0
BRDA:90,25,0,4
BRDA:90,25,1,0
BRDA:96,26,0,0
BRDA:97,27,0,2
BRDA:97,27,1,0
BRDA:101,28,0,1
BRDA:101,28,1,0
BRDA:102,29,0,1
BRDA:102,29,1,0
BRDA:111,30,0,0
BRDA:112,31,0,1
BRDA:112,31,1,0
BRDA:113,32,0,1
BRDA:113,32,1,0
BRDA:114,33,0,1
BRDA:114,33,1,0
BRDA:146,34,0,1
BRDA:146,34,1,0
BRF:62
BRH:31
end_of_record
TN:
SF:build/ExportService.js
FN:28,(anonymous_0)
FN:47,(anonymous_1)
FN:59,(anonymous_2)
FN:73,(anonymous_3)
FN:85,(anonymous_4)
FN:114,(anonymous_5)
FN:138,(anonymous_6)
FN:150,(anonymous_7)
FN:172,(anonymous_8)
FN:177,(anonymous_9)
FN:207,(anonymous_10)
FN:227,(anonymous_11)
FN:256,(anonymous_12)
FN:258,(anonymous_13)
FN:292,(anonymous_14)
FN:306,(anonymous_15)
FNF:16
FNH:16
FNDA:31,(anonymous_0)
FNDA:6,(anonymous_1)
FNDA:3,(anonymous_2)
FNDA:9,(anonymous_3)
FNDA:9,(anonymous_4)
FNDA:18,(anonymous_5)
FNDA:17,(anonymous_6)
FNDA:12,(anonymous_7)
FNDA:15,(anonymous_8)
FNDA:6,(anonymous_9)
FNDA:79,(anonymous_10)
FNDA:72,(anonymous_11)
FNDA:19,(anonymous_12)
FNDA:153,(anonymous_13)
FNDA:60,(anonymous_14)
FNDA:1659,(anonymous_15)
DA:29,31
DA:30,31
DA:31,31
DA:32,31
DA:34,31
DA:35,31
DA:36,31
DA:37,31
DA:38,31
DA:39,31
DA:40,31
DA:41,31
DA:48,6
DA:49,6
DA:50,6
DA:51,6
DA:52,6
DA:53,6
DA:60,3
DA:61,3
DA:62,3
DA:63,3
DA:64,3
DA:65,3
DA:66,3
DA:74,9
DA:75,9
DA:77,9
DA:86,9
DA:87,9
DA:88,9
DA:89,9
DA:90,9
DA:91,9
DA:92,441
DA:93,441
DA:94,18
DA:101,9
DA:115,18
DA:116,18
DA:117,378
DA:119,18
DA:139,17
DA:140,17
DA:141,17
DA:142,17
DA:151,12
DA:152,12
DA:153,12
DA:154,19
DA:155,19
DA:156,19
DA:157,12
DA:158,12
DA:159,12
DA:161,12
DA:173,15
DA:174,15
DA:175,15
DA:176,15
DA:177,15
DA:178,15
DA:179,15
DA:180,30
DA:181,30
DA:182,30
DA:183,30
DA:185,15
DA:186,30
DA:187,30
DA:188,30
DA:189,30
DA:191,15
DA:192,15
DA:193,15
DA:194,20
DA:195,3
DA:196,15
DA:197,28
DA:198,1
DA:199,15
DA:208,79
DA:209,79
DA:210,1659
DA:211,1580
DA:212,1580
DA:213,1493
DA:214,1140
DA:216,79
DA:228,72
DA:229,19
DA:231,53
DA:232,53
DA:233,388
DA:234,388
DA:235,85
DA:237,303
DA:240,53
DA:257,19
DA:258,153
DA:259,18
DA:260,18
DA:261,18
DA:262,18
DA:263,126
DA:264,126
DA:265,126
DA:266,126
DA:267,85
DA:268,85
DA:270,41
DA:272,41
DA:273,6
DA:275,41
DA:276,41
DA:277,41
DA:279,18
DA:280,18
DA:281,2
DA:283,18
DA:284,18
DA:293,60
DA:294,60
DA:295,60
DA:296,60
DA:297,25
DA:298,25
DA:307,1659
DA:308,819
DA:316,2
DA:317,2
LF:131
LH:131
BRDA:49,0,0,6
BRDA:49,0,1,6
BRDA:49,0,2,4
BRDA:49,0,3,2
BRDA:49,0,4,2
BRDA:50,1,0,6
BRDA:50,1,1,6
BRDA:61,2,0,3
BRDA:61,2,1,3
BRDA:61,2,2,1
BRDA:61,2,3,1
BRDA:61,2,4,1
BRDA:62,3,0,3
BRDA:62,3,1,3
BRDA:63,4,0,3
BRDA:63,4,1,3
BRDA:74,5,0,9
BRDA:74,5,1,0
BRDA:89,6,0,9
BRDA:89,6,1,0
BRDA:92,7,0,441
BRDA:92,7,1,423
BRDA:93,8,0,423
BRDA:93,8,1,18
BRDA:96,9,0,18
BRDA:96,9,1,18
BRDA:96,9,2,0
BRDA:97,10,0,18
BRDA:97,10,1,9
BRDA:97,11,0,18
BRDA:97,11,1,18
BRDA:117,12,0,378
BRDA:117,12,1,360
BRDA:117,13,0,378
BRDA:117,13,1,378
BRDA:142,14,0,17
BRDA:142,14,1,0
BRDA:150,15,0,0
BRDA:150,16,0,0
BRDA:150,17,0,0
BRDA:151,18,0,12
BRDA:151,18,1,7
BRDA:151,18,2,7
BRDA:156,19,0,7
BRDA:156,19,1,12
BRDA:158,20,0,0
BRDA:158,20,1,12
BRDA:172,21,0,0
BRDA:172,22,0,0
BRDA:172,23,0,0
BRDA:172,24,0,0
BRDA:174,25,0,15
BRDA:174,25,1,10
BRDA:174,25,2,10
BRDA:177,26,0,6
BRDA:177,26,1,9
BRDA:183,27,0,20
BRDA:183,27,1,10
BRDA:189,28,0,28
BRDA:189,28,1,2
BRDA:194,29,0,12
BRDA:194,29,1,3
BRDA:197,30,0,14
BRDA:197,30,1,1
BRDA:210,31,0,79
BRDA:210,31,1,1580
BRDA:211,32,0,1580
BRDA:211,32,1,999
BRDA:212,33,0,87
BRDA:212,33,1,1493
BRDA:212,34,0,1580
BRDA:212,34,1,380
BRDA:213,35,0,353
BRDA:213,35,1,1140
BRDA:213,36,0,1493
BRDA:213,36,1,600
BRDA:214,37,0,92
BRDA:214,37,1,1048
BRDA:214,38,0,1140
BRDA:214,38,1,600
BRDA:227,39,0,0
BRDA:227,40,0,0
BRDA:227,41,0,0
BRDA:228,42,0,19
BRDA:228,42,1,53
BRDA:234,43,0,85
BRDA:234,43,1,303
BRDA:235,44,0,27
BRDA:235,44,1,58
BRDA:256,45,0,0
BRDA:256,46,0,0
BRDA:257,47,0,1
BRDA:257,47,1,18
BRDA:266,48,0,85
BRDA:266,48,1,41
BRDA:266,49,0,126
BRDA:266,49,1,94
BRDA:266,49,2,18
BRDA:270,50,0,29
BRDA:270,50,1,12
BRDA:272,51,0,6
BRDA:272,51,1,35
BRDA:272,52,0,41
BRDA:272,52,1,15
BRDA:279,53,0,7
BRDA:279,53,1,11
BRDA:280,54,0,2
BRDA:280,54,1,16
BRDA:280,55,0,18
BRDA:280,55,1,3
BRDA:296,56,0,35
BRDA:296,56,1,25
BRDA:297,57,0,0
BRDA:297,57,1,25
BRDA:307,58,0,840
BRDA:307,58,1,819
BRDA:307,59,0,840
BRDA:307,59,1,840
BRDA:308,60,0,819
BRDA:308,60,1,780
BRDA:316,61,0,2
BRDA:316,61,1,0
BRF:122
BRH:103
end_of_record
TN:
SF:build/ImportDialogHelpers.html.js
FN:18,getPayloadFromState
FN:28,renderPreviewData
FN:31,(anonymous_2)
FN:33,(anonymous_3)
FN:47,getUIState
FN:56,getPayload
FN:63,clearPreview
FN:73,renderPreview
FN:87,setBusy
FN:94,(anonymous_9)
FN:95,(anonymous_10)
FN:101,setMessage
FNF:12
FNH:12
FNDA:1,getPayloadFromState
FNDA:9,renderPreviewData
FNDA:9,(anonymous_2)
FNDA:20,(anonymous_3)
FNDA:5,getUIState
FNDA:1,getPayload
FNDA:3,clearPreview
FNDA:2,renderPreview
FNDA:1,setBusy
FNDA:2,(anonymous_9)
FNDA:4,(anonymous_10)
FNDA:2,setMessage
DA:19,1
DA:29,9
DA:31,6
DA:32,9
DA:33,20
DA:36,9
DA:48,5
DA:49,5
DA:50,5
DA:57,1
DA:64,3
DA:65,3
DA:66,2
DA:67,2
DA:74,2
DA:75,2
DA:76,2
DA:77,1
DA:78,1
DA:80,1
DA:81,1
DA:88,1
DA:89,1
DA:94,2
DA:95,4
DA:102,2
DA:103,2
DA:104,2
DA:105,2
DA:109,1
DA:120,1
DA:121,1
LF:32
LH:32
BRDA:20,0,0,1
BRDA:20,0,1,0
BRDA:21,1,0,1
BRDA:21,1,1,0
BRDA:29,2,0,3
BRDA:29,2,1,6
BRDA:29,3,0,9
BRDA:29,3,1,7
BRDA:29,3,2,7
BRDA:32,4,0,9
BRDA:32,4,1,1
BRDA:47,5,0,4
BRDA:48,6,0,5
BRDA:48,6,1,5
BRDA:48,7,0,4
BRDA:48,7,1,1
BRDA:49,8,0,5
BRDA:49,8,1,5
BRDA:49,9,0,4
BRDA:49,9,1,1
BRDA:50,10,0,3
BRDA:50,10,1,2
BRDA:50,11,0,3
BRDA:50,11,1,2
BRDA:56,12,0,1
BRDA:63,13,0,0
BRDA:65,14,0,1
BRDA:65,14,1,2
BRDA:73,15,0,0
BRDA:74,16,0,2
BRDA:74,16,1,0
BRDA:76,17,0,1
BRDA:76,17,1,1
BRDA:87,18,0,0
BRDA:88,19,0,1
BRDA:88,19,1,0
BRDA:89,20,0,1
BRDA:89,20,1,0
BRDA:90,21,0,0
BRDA:90,21,1,0
BRDA:91,22,0,0
BRDA:91,22,1,0
BRDA:92,23,0,0
BRDA:92,23,1,0
BRDA:95,24,0,4
BRDA:95,24,1,0
BRDA:101,25,0,0
BRDA:102,26,0,2
BRDA:102,26,1,0
BRDA:102,27,0,0
BRDA:102,27,1,0
BRDA:103,28,0,0
BRDA:103,28,1,2
BRDA:104,29,0,2
BRDA:104,29,1,1
BRDA:105,30,0,2
BRDA:105,30,1,0
BRDA:120,31,0,1
BRDA:120,31,1,0
BRF:59
BRH:37
end_of_record
TN:
SF:build/ImportService.js
FN:27,(anonymous_0)
FN:46,(anonymous_1)
FN:54,(anonymous_2)
FN:65,(anonymous_3)
FN:71,(anonymous_4)
FN:73,(anonymous_5)
FN:74,(anonymous_6)
FN:86,(anonymous_7)
FN:101,(anonymous_8)
FN:106,(anonymous_9)
FN:111,(anonymous_10)
FN:112,(anonymous_11)
FN:120,(anonymous_12)
FN:121,(anonymous_13)
FN:127,(anonymous_14)
FN:146,(anonymous_15)
FN:155,(anonymous_16)
FN:164,(anonymous_17)
FN:174,(anonymous_18)
FN:191,(anonymous_19)
FN:220,(anonymous_20)
FN:229,(anonymous_21)
FN:249,(anonymous_22)
FN:261,(anonymous_23)
FN:268,(anonymous_24)
FN:294,(anonymous_25)
FN:296,(anonymous_26)
FN:312,(anonymous_27)
FN:344,(anonymous_28)
FN:352,(anonymous_29)
FN:361,(anonymous_30)
FN:376,(anonymous_31)
FN:391,(anonymous_32)
FN:419,(anonymous_33)
FN:446,(anonymous_34)
FN:452,(anonymous_35)
FN:472,(anonymous_36)
FN:491,(anonymous_37)
FN:508,(anonymous_38)
FN:513,(anonymous_39)
FN:514,(anonymous_40)
FN:524,(anonymous_41)
FN:532,(anonymous_42)
FN:533,(anonymous_43)
FN:535,(anonymous_44)
FN:548,(anonymous_45)
FN:564,(anonymous_46)
FN:566,(anonymous_47)
FN:568,(anonymous_48)
FN:575,(anonymous_49)
FN:580,(anonymous_50)
FN:581,(anonymous_51)
FN:592,(anonymous_52)
FNF:53
FNH:49
FNDA:21,(anonymous_0)
FNDA:0,(anonymous_1)
FNDA:0,(anonymous_2)
FNDA:2,(anonymous_3)
FNDA:2,(anonymous_4)
FNDA:2,(anonymous_5)
FNDA:4,(anonymous_6)
FNDA:16,(anonymous_7)
FNDA:37,(anonymous_8)
FNDA:3,(anonymous_9)
FNDA:4,(anonymous_10)
FNDA:4,(anonymous_11)
FNDA:15,(anonymous_12)
FNDA:15,(anonymous_13)
FNDA:24,(anonymous_14)
FNDA:30,(anonymous_15)
FNDA:30,(anonymous_16)
FNDA:33,(anonymous_17)
FNDA:33,(anonymous_18)
FNDA:28,(anonymous_19)
FNDA:27,(anonymous_20)
FNDA:57,(anonymous_21)
FNDA:57,(anonymous_22)
FNDA:55,(anonymous_23)
FNDA:55,(anonymous_24)
FNDA:79,(anonymous_25)
FNDA:258,(anonymous_26)
FNDA:83,(anonymous_27)
FNDA:83,(anonymous_28)
FNDA:81,(anonymous_29)
FNDA:81,(anonymous_30)
FNDA:81,(anonymous_31)
FNDA:81,(anonymous_32)
FNDA:73,(anonymous_33)
FNDA:154,(anonymous_34)
FNDA:20,(anonymous_35)
FNDA:138,(anonymous_36)
FNDA:73,(anonymous_37)
FNDA:3,(anonymous_38)
FNDA:160,(anonymous_39)
FNDA:215,(anonymous_40)
FNDA:15,(anonymous_41)
FNDA:69,(anonymous_42)
FNDA:69,(anonymous_43)
FNDA:280,(anonymous_44)
FNDA:69,(anonymous_45)
FNDA:14,(anonymous_46)
FNDA:40,(anonymous_47)
FNDA:240,(anonymous_48)
FNDA:71,(anonymous_49)
FNDA:0,(anonymous_50)
FNDA:0,(anonymous_51)
FNDA:22,(anonymous_52)
DA:28,21
DA:29,21
DA:30,21
DA:31,21
DA:33,21
DA:34,21
DA:35,21
DA:36,21
DA:37,21
DA:38,21
DA:39,21
DA:47,0
DA:48,0
DA:55,0
DA:56,0
DA:66,2
DA:67,2
DA:68,2
DA:71,2
DA:73,2
DA:74,4
DA:87,16
DA:88,16
DA:89,16
DA:90,16
DA:91,16
DA:92,13
DA:93,9
DA:94,15
DA:95,15
DA:102,37
DA:107,3
DA:112,4
DA:113,4
DA:114,4
DA:115,4
DA:121,15
DA:122,15
DA:123,15
DA:124,15
DA:125,15
DA:126,15
DA:127,15
DA:128,24
DA:129,24
DA:130,24
DA:131,24
DA:133,15
DA:134,15
DA:135,15
DA:147,30
DA:148,30
DA:156,30
DA:159,30
DA:160,1
DA:162,29
DA:164,33
DA:166,29
DA:167,0
DA:169,29
DA:170,29
DA:171,29
DA:172,29
DA:174,29
DA:175,33
DA:176,33
DA:177,6
DA:179,33
DA:180,28
DA:181,28
DA:183,29
DA:192,28
DA:193,28
DA:194,28
DA:195,0
DA:197,28
DA:198,1
DA:200,1
DA:204,1
DA:206,27
DA:207,27
DA:208,27
DA:210,27
DA:211,57
DA:212,0
DA:214,57
DA:216,27
DA:221,27
DA:222,0
DA:223,0
DA:225,27
DA:230,57
DA:231,57
DA:232,0
DA:234,57
DA:235,57
DA:236,57
DA:237,55
DA:238,55
DA:239,0
DA:241,55
DA:250,57
DA:251,2
DA:253,2
DA:255,2
DA:257,55
DA:262,55
DA:263,0
DA:270,55
DA:271,0
DA:272,0
DA:274,55
DA:275,1
DA:276,1
DA:278,54
DA:295,79
DA:296,258
DA:298,79
DA:313,83
DA:314,83
DA:315,83
DA:316,81
DA:317,81
DA:318,81
DA:319,81
DA:320,81
DA:321,81
DA:322,81
DA:323,81
DA:324,81
DA:325,73
DA:327,73
DA:328,73
DA:329,15
DA:330,15
DA:332,71
DA:333,0
DA:334,0
DA:336,71
DA:345,83
DA:353,81
DA:362,81
DA:363,81
DA:377,81
DA:378,81
DA:392,81
DA:393,53
DA:395,28
DA:396,28
DA:397,20
DA:400,8
DA:402,8
DA:403,8
DA:420,73
DA:421,73
DA:422,20
DA:424,73
DA:425,138
DA:426,138
DA:427,134
DA:429,73
DA:447,154
DA:448,154
DA:449,7
DA:450,7
DA:451,7
DA:452,20
DA:454,147
DA:455,147
DA:456,15
DA:458,132
DA:459,110
DA:460,1
DA:473,138
DA:474,138
DA:475,29
DA:476,29
DA:477,29
DA:478,4
DA:481,4
DA:483,25
DA:492,73
DA:493,73
DA:494,73
DA:496,73
DA:497,231
DA:498,231
DA:499,231
DA:500,231
DA:501,16
DA:502,16
DA:504,215
DA:505,215
DA:507,73
DA:508,12
DA:510,12
DA:512,73
DA:513,160
DA:514,215
DA:525,15
DA:526,1
DA:527,1
DA:529,14
DA:530,14
DA:532,14
DA:533,69
DA:535,280
DA:536,14
DA:537,1
DA:538,1
DA:540,13
DA:549,69
DA:550,69
DA:551,69
DA:552,69
DA:553,69
DA:554,69
DA:555,57
DA:556,57
DA:557,0
DA:565,14
DA:566,40
DA:568,240
DA:576,71
DA:581,0
DA:582,0
DA:583,0
DA:584,0
DA:593,22
DA:595,100
DA:596,22
DA:602,1
DA:603,1
LF:233
LH:212
BRDA:48,0,0,0
BRDA:48,0,1,0
BRDA:48,1,0,0
BRDA:48,1,1,0
BRDA:56,2,0,0
BRDA:56,2,1,0
BRDA:56,3,0,0
BRDA:56,3,1,0
BRDA:56,4,0,0
BRDA:56,4,1,0
BRDA:56,5,0,0
BRDA:56,5,1,0
BRDA:87,6,0,16
BRDA:87,6,1,7
BRDA:91,7,0,3
BRDA:91,7,1,13
BRDA:92,8,0,4
BRDA:92,8,1,9
BRDA:93,9,0,1
BRDA:93,9,1,8
BRDA:114,10,0,0
BRDA:114,10,1,4
BRDA:123,11,0,0
BRDA:123,11,1,15
BRDA:130,12,0,0
BRDA:130,12,1,24
BRDA:130,13,0,24
BRDA:130,13,1,24
BRDA:133,14,0,11
BRDA:133,14,1,4
BRDA:156,15,0,30
BRDA:156,15,1,1
BRDA:159,16,0,1
BRDA:159,16,1,29
BRDA:166,17,0,0
BRDA:166,17,1,29
BRDA:176,18,0,6
BRDA:176,18,1,27
BRDA:176,19,0,33
BRDA:176,19,1,33
BRDA:179,20,0,5
BRDA:179,20,1,28
BRDA:181,21,0,27
BRDA:181,21,1,1
BRDA:194,22,0,0
BRDA:194,22,1,28
BRDA:197,23,0,1
BRDA:197,23,1,27
BRDA:206,24,0,0
BRDA:206,24,1,27
BRDA:211,25,0,0
BRDA:211,25,1,57
BRDA:211,26,0,57
BRDA:211,26,1,57
BRDA:221,27,0,0
BRDA:221,27,1,27
BRDA:221,28,0,27
BRDA:221,28,1,27
BRDA:231,29,0,0
BRDA:231,29,1,57
BRDA:235,30,0,6
BRDA:235,30,1,51
BRDA:236,31,0,2
BRDA:236,31,1,55
BRDA:238,32,0,0
BRDA:238,32,1,55
BRDA:250,33,0,2
BRDA:250,33,1,55
BRDA:250,34,0,57
BRDA:250,34,1,57
BRDA:250,34,2,57
BRDA:251,35,0,0
BRDA:251,35,1,2
BRDA:262,36,0,0
BRDA:262,36,1,55
BRDA:262,37,0,55
BRDA:262,37,1,6
BRDA:262,37,2,6
BRDA:270,38,0,0
BRDA:270,38,1,55
BRDA:271,39,0,0
BRDA:271,39,1,0
BRDA:271,40,0,0
BRDA:271,40,1,0
BRDA:274,41,0,1
BRDA:274,41,1,54
BRDA:275,42,0,0
BRDA:275,42,1,1
BRDA:276,43,0,0
BRDA:276,43,1,1
BRDA:278,44,0,6
BRDA:278,44,1,48
BRDA:315,45,0,2
BRDA:315,45,1,81
BRDA:317,46,0,0
BRDA:317,46,1,81
BRDA:319,47,0,0
BRDA:319,47,1,81
BRDA:322,48,0,0
BRDA:322,48,1,81
BRDA:324,49,0,8
BRDA:324,49,1,73
BRDA:328,50,0,15
BRDA:328,50,1,58
BRDA:330,51,0,2
BRDA:330,51,1,13
BRDA:332,52,0,0
BRDA:332,52,1,71
BRDA:345,53,0,83
BRDA:345,53,1,2
BRDA:362,54,0,0
BRDA:362,54,1,81
BRDA:392,55,0,53
BRDA:392,55,1,28
BRDA:392,56,0,81
BRDA:392,56,1,55
BRDA:396,57,0,20
BRDA:396,57,1,8
BRDA:396,58,0,28
BRDA:396,58,1,22
BRDA:400,59,0,4
BRDA:400,59,1,4
BRDA:421,60,0,20
BRDA:421,60,1,53
BRDA:426,61,0,4
BRDA:426,61,1,134
BRDA:448,62,0,7
BRDA:448,62,1,147
BRDA:455,63,0,15
BRDA:455,63,1,132
BRDA:458,64,0,22
BRDA:458,64,1,110
BRDA:459,65,0,109
BRDA:459,65,1,1
BRDA:474,66,0,109
BRDA:474,66,1,29
BRDA:477,67,0,4
BRDA:477,67,1,25
BRDA:498,68,0,0
BRDA:498,68,1,231
BRDA:500,69,0,16
BRDA:500,69,1,215
BRDA:507,70,0,12
BRDA:507,70,1,61
BRDA:525,71,0,1
BRDA:525,71,1,14
BRDA:536,72,0,1
BRDA:536,72,1,13
BRDA:550,73,0,0
BRDA:550,73,1,69
BRDA:552,74,0,0
BRDA:552,74,1,69
BRDA:554,75,0,12
BRDA:554,75,1,57
BRDA:556,76,0,57
BRDA:556,76,1,0
BRDA:565,77,0,2
BRDA:565,77,1,12
BRDA:602,78,0,1
BRDA:602,78,1,0
BRF:160
BRH:119
end_of_record
TN:
SF:build/QuickEntryDialogHelpers.html.js
FN:27,applyLayout
FN:40,getUIState
FN:51,buildGroupOption
FN:61,buildEmptyState
FN:82,setMessage
FN:101,getVisibleCountries
FN:105,(anonymous_6)
FN:106,(anonymous_7)
FN:107,(anonymous_8)
FN:108,(anonymous_9)
FN:118,applyPendingCountryUpdates
FN:119,(anonymous_11)
FN:139,applyPendingStickerUpdate
FN:161,matchesTeamSearch
FN:178,matchesGroupFilter
FN:191,filterCountryStickers
FN:195,(anonymous_16)
FN:199,(anonymous_17)
FN:203,(anonymous_18)
FN:225,buildCountrySummary
FN:227,(anonymous_20)
FN:228,(anonymous_21)
FN:229,(anonymous_22)
FN:246,buildPendingKey
FN:255,getPendingUpdates
FN:256,(anonymous_25)
FN:274,queueStickerChange
FN:280,(anonymous_27)
FN:281,(anonymous_28)
FN:297,updatePendingChangesMessage
FN:313,renderPreviewData
FN:318,(anonymous_31)
FN:320,(anonymous_32)
FN:333,getPayloadFromState
FN:346,setBusy
FN:353,(anonymous_35)
FN:359,(anonymous_36)
FN:368,renderPreview
FN:379,(anonymous_38)
FN:381,(anonymous_39)
FN:394,clearPreview
FN:406,buildExportFileName
FN:407,(anonymous_42)
FNF:43
FNH:32
FNDA:1,applyLayout
FNDA:0,getUIState
FNDA:0,buildGroupOption
FNDA:1,buildEmptyState
FNDA:1,setMessage
FNDA:7,getVisibleCountries
FNDA:4,(anonymous_6)
FNDA:4,(anonymous_7)
FNDA:3,(anonymous_8)
FNDA:2,(anonymous_9)
FNDA:4,applyPendingCountryUpdates
FNDA:4,(anonymous_11)
FNDA:8,applyPendingStickerUpdate
FNDA:8,matchesTeamSearch
FNDA:5,matchesGroupFilter
FNDA:6,filterCountryStickers
FNDA:7,(anonymous_16)
FNDA:3,(anonymous_17)
FNDA:2,(anonymous_18)
FNDA:6,buildCountrySummary
FNDA:6,(anonymous_20)
FNDA:6,(anonymous_21)
FNDA:6,(anonymous_22)
FNDA:13,buildPendingKey
FNDA:6,getPendingUpdates
FNDA:5,(anonymous_25)
FNDA:3,queueStickerChange
FNDA:1,(anonymous_27)
FNDA:1,(anonymous_28)
FNDA:3,updatePendingChangesMessage
FNDA:4,renderPreviewData
FNDA:3,(anonymous_31)
FNDA:3,(anonymous_32)
FNDA:5,getPayloadFromState
FNDA:0,setBusy
FNDA:0,(anonymous_35)
FNDA:0,(anonymous_36)
FNDA:0,renderPreview
FNDA:0,(anonymous_38)
FNDA:0,(anonymous_39)
FNDA:0,clearPreview
FNDA:0,buildExportFileName
FNDA:0,(anonymous_42)
DA:16,1
DA:28,1
DA:30,1
DA:32,1
DA:41,0
DA:52,0
DA:62,1
DA:63,0
DA:69,1
DA:70,1
DA:71,1
DA:72,1
DA:83,1
DA:84,1
DA:85,1
DA:87,1
DA:102,7
DA:104,5
DA:105,4
DA:106,4
DA:107,3
DA:108,2
DA:119,4
DA:120,4
DA:123,4
DA:125,4
DA:140,8
DA:141,8
DA:143,8
DA:144,6
DA:147,2
DA:162,8
DA:164,6
DA:165,6
DA:167,6
DA:169,6
DA:179,5
DA:192,6
DA:194,6
DA:195,7
DA:198,6
DA:199,3
DA:202,6
DA:203,2
DA:207,6
DA:208,2
DA:211,4
DA:226,6
DA:227,6
DA:228,6
DA:229,6
DA:231,6
DA:247,13
DA:256,6
DA:257,5
DA:259,5
DA:275,3
DA:276,3
DA:279,3
DA:280,1
DA:281,1
DA:283,3
DA:284,2
DA:286,1
DA:289,3
DA:298,3
DA:300,3
DA:314,4
DA:315,2
DA:318,2
DA:319,3
DA:320,3
DA:323,3
DA:334,5
DA:347,0
DA:353,0
DA:354,0
DA:357,0
DA:358,0
DA:359,0
DA:369,0
DA:371,0
DA:372,0
DA:373,0
DA:374,0
DA:377,0
DA:379,0
DA:380,0
DA:381,0
DA:383,0
DA:386,0
DA:395,0
DA:396,0
DA:397,0
DA:407,0
DA:409,0
DA:410,0
DA:411,0
DA:412,0
DA:413,0
DA:414,0
DA:416,0
DA:420,1
DA:438,1
DA:439,1
LF:105
LH:74
BRDA:30,0,0,0
BRDA:30,0,1,1
BRDA:62,1,0,0
BRDA:62,1,1,1
BRDA:83,2,0,1
BRDA:83,2,1,0
BRDA:84,3,0,1
BRDA:84,3,1,0
BRDA:85,4,0,1
BRDA:85,4,1,0
BRDA:102,5,0,2
BRDA:102,5,1,5
BRDA:102,6,0,7
BRDA:102,6,1,6
BRDA:143,7,0,6
BRDA:143,7,1,2
BRDA:162,8,0,2
BRDA:162,8,1,6
BRDA:164,9,0,6
BRDA:164,9,1,0
BRDA:165,10,0,6
BRDA:165,10,1,0
BRDA:169,11,0,6
BRDA:169,11,1,3
BRDA:179,12,0,0
BRDA:179,12,1,5
BRDA:194,13,0,4
BRDA:194,13,1,2
BRDA:198,14,0,1
BRDA:198,14,1,5
BRDA:202,15,0,1
BRDA:202,15,1,5
BRDA:207,16,0,2
BRDA:207,16,1,4
BRDA:207,17,0,6
BRDA:207,17,1,6
BRDA:236,18,0,5
BRDA:236,18,1,1
BRDA:256,19,0,6
BRDA:256,19,1,2
BRDA:279,20,0,3
BRDA:279,20,1,2
BRDA:283,21,0,2
BRDA:283,21,1,1
BRDA:301,22,0,1
BRDA:301,22,1,2
BRDA:302,23,0,1
BRDA:302,23,1,2
BRDA:314,24,0,2
BRDA:314,24,1,2
BRDA:314,25,0,4
BRDA:314,25,1,3
BRDA:314,25,2,3
BRDA:319,26,0,3
BRDA:319,26,1,0
BRDA:333,27,0,1
BRDA:335,28,0,5
BRDA:335,28,1,4
BRDA:336,29,0,5
BRDA:336,29,1,4
BRDA:357,30,0,0
BRDA:357,30,1,0
BRDA:357,31,0,0
BRDA:357,31,1,0
BRDA:369,32,0,0
BRDA:369,32,1,0
BRDA:371,33,0,0
BRDA:371,33,1,0
BRDA:371,34,0,0
BRDA:371,34,1,0
BRDA:371,34,2,0
BRDA:380,35,0,0
BRDA:380,35,1,0
BRDA:395,36,0,0
BRDA:395,36,1,0
BRDA:406,37,0,0
BRDA:438,38,0,1
BRDA:438,38,1,0
BRF:78
BRH:52
end_of_record
TN:
SF:build/QuickEntryDialogRender.html.js
FN:18,getStickerCountClass
FN:28,buildCountrySection
FN:28,(anonymous_2)
FN:67,buildCountryHeaderText
FN:77,buildSummaryItem
FN:92,buildStickerGrid
FN:102,usesCompactGrid
FN:109,buildAlbumStickerGrid
FN:116,(anonymous_8)
FN:127,buildCompactStickerGrid
FN:130,(anonymous_10)
FN:142,buildStickerRow
FN:151,(anonymous_12)
FN:161,chunkStickers
FN:172,buildStickerCard
FN:194,(anonymous_15)
FN:207,(anonymous_16)
FN:225,buildCountryFlag
FN:236,buildCountryTitleText
FN:245,getStickerColorClass
FNF:20
FNH:16
FNDA:2,getStickerCountClass
FNDA:0,buildCountrySection
FNDA:0,(anonymous_2)
FNDA:6,buildCountryHeaderText
FNDA:1,buildSummaryItem
FNDA:2,buildStickerGrid
FNDA:6,usesCompactGrid
FNDA:2,buildAlbumStickerGrid
FNDA:3,(anonymous_8)
FNDA:1,buildCompactStickerGrid
FNDA:1,(anonymous_10)
FNDA:4,buildStickerRow
FNDA:6,(anonymous_12)
FNDA:7,chunkStickers
FNDA:10,buildStickerCard
FNDA:0,(anonymous_15)
FNDA:0,(anonymous_16)
FNDA:1,buildCountryFlag
FNDA:1,buildCountryTitleText
FNDA:21,getStickerColorClass
DA:19,2
DA:20,1
DA:30,0
DA:31,0
DA:32,0
DA:33,0
DA:34,0
DA:35,0
DA:36,0
DA:39,0
DA:42,0
DA:43,0
DA:44,0
DA:46,0
DA:49,0
DA:50,0
DA:51,0
DA:52,0
DA:53,0
DA:54,0
DA:55,0
DA:56,0
DA:60,0
DA:61,0
DA:68,6
DA:69,4
DA:71,2
DA:78,1
DA:79,1
DA:80,1
DA:81,1
DA:82,1
DA:83,1
DA:84,1
DA:85,1
DA:86,1
DA:94,2
DA:103,6
DA:110,2
DA:111,2
DA:113,2
DA:114,2
DA:116,2
DA:117,3
DA:118,3
DA:123,2
DA:128,1
DA:129,1
DA:130,1
DA:131,1
DA:135,1
DA:143,4
DA:144,4
DA:147,4
DA:148,2
DA:151,4
DA:153,6
DA:155,4
DA:162,7
DA:163,7
DA:164,11
DA:166,7
DA:173,10
DA:174,10
DA:175,10
DA:176,1
DA:178,10
DA:179,0
DA:180,0
DA:181,0
DA:182,0
DA:184,10
DA:185,10
DA:186,10
DA:187,10
DA:188,10
DA:189,10
DA:190,10
DA:191,10
DA:192,10
DA:193,10
DA:194,10
DA:195,0
DA:196,0
DA:198,0
DA:202,10
DA:203,10
DA:204,10
DA:205,10
DA:206,10
DA:207,10
DA:208,0
DA:209,0
DA:211,0
DA:215,10
DA:216,10
DA:217,10
DA:218,10
DA:219,10
DA:226,1
DA:227,1
DA:228,1
DA:229,1
DA:230,1
DA:237,1
DA:238,1
DA:239,1
DA:246,21
DA:247,18
DA:248,13
DA:249,8
DA:250,4
DA:251,3
DA:255,1
DA:270,1
DA:271,1
LF:116
LH:84
BRDA:19,0,0,1
BRDA:19,0,1,1
BRDA:28,1,0,0
BRDA:28,2,0,0
BRDA:28,3,0,0
BRDA:35,4,0,0
BRDA:35,4,1,0
BRDA:43,5,0,0
BRDA:43,5,1,0
BRDA:68,6,0,4
BRDA:68,6,1,2
BRDA:94,7,0,1
BRDA:94,7,1,1
BRDA:113,8,0,2
BRDA:113,8,1,0
BRDA:147,9,0,2
BRDA:147,9,1,2
BRDA:147,10,0,4
BRDA:147,10,1,2
BRDA:175,11,0,1
BRDA:175,11,1,9
BRDA:178,12,0,0
BRDA:178,12,1,10
BRDA:186,13,0,10
BRDA:186,13,1,10
BRDA:193,14,0,10
BRDA:193,14,1,10
BRDA:195,15,0,0
BRDA:195,15,1,0
BRDA:208,16,0,0
BRDA:208,16,1,0
BRDA:246,17,0,3
BRDA:246,17,1,18
BRDA:247,18,0,5
BRDA:247,18,1,13
BRDA:248,19,0,5
BRDA:248,19,1,8
BRDA:249,20,0,4
BRDA:249,20,1,4
BRDA:250,21,0,1
BRDA:250,21,1,3
BRDA:270,22,0,1
BRDA:270,22,1,0
BRF:43
BRH:29
end_of_record
TN:
SF:build/QuickEntryService.js
FN:25,(anonymous_0)
FN:32,(anonymous_1)
FN:45,(anonymous_2)
FN:57,(anonymous_3)
FN:58,(anonymous_4)
FN:62,(anonymous_5)
FN:79,(anonymous_6)
FN:80,(anonymous_7)
FN:87,(anonymous_8)
FN:99,(anonymous_9)
FN:114,(anonymous_10)
FN:126,(anonymous_11)
FN:147,(anonymous_12)
FN:156,(anonymous_13)
FN:167,(anonymous_14)
FN:169,(anonymous_15)
FN:170,(anonymous_16)
FN:171,(anonymous_17)
FN:184,(anonymous_18)
FN:189,(anonymous_19)
FN:193,(anonymous_20)
FN:212,(anonymous_21)
FN:223,(anonymous_22)
FNF:23
FNH:22
FNDA:30,(anonymous_0)
FNDA:1,(anonymous_1)
FNDA:0,(anonymous_2)
FNDA:1,(anonymous_3)
FNDA:2,(anonymous_4)
FNDA:3,(anonymous_5)
FNDA:3,(anonymous_6)
FNDA:60,(anonymous_7)
FNDA:62,(anonymous_8)
FNDA:67,(anonymous_9)
FNDA:66,(anonymous_10)
FNDA:69,(anonymous_11)
FNDA:8,(anonymous_12)
FNDA:11,(anonymous_13)
FNDA:5,(anonymous_14)
FNDA:63,(anonymous_15)
FNDA:63,(anonymous_16)
FNDA:63,(anonymous_17)
FNDA:2,(anonymous_18)
FNDA:1,(anonymous_19)
FNDA:1,(anonymous_20)
FNDA:3,(anonymous_21)
FNDA:3,(anonymous_22)
DA:26,30
DA:27,30
DA:28,30
DA:33,1
DA:34,1
DA:36,1
DA:46,0
DA:47,0
DA:49,0
DA:58,2
DA:63,3
DA:64,3
DA:65,3
DA:67,3
DA:80,3
DA:81,60
DA:82,60
DA:88,62
DA:100,67
DA:101,23
DA:103,44
DA:104,4
DA:106,40
DA:107,3
DA:110,37
DA:115,66
DA:116,5
DA:118,61
DA:119,5
DA:122,56
DA:127,69
DA:128,5
DA:130,64
DA:131,4
DA:133,60
DA:134,4
DA:136,56
DA:137,1
DA:139,55
DA:140,1
DA:143,54
DA:148,8
DA:149,2
DA:152,6
DA:157,11
DA:159,11
DA:160,170
DA:163,11
DA:168,5
DA:169,63
DA:170,63
DA:171,63
DA:172,5
DA:174,5
DA:185,2
DA:186,1
DA:189,1
DA:194,1
DA:195,1
DA:196,1
DA:198,1
DA:200,1
DA:201,0
DA:204,1
DA:213,3
DA:215,3
DA:216,1
DA:219,2
DA:224,3
DA:225,1
DA:232,1
DA:233,1
LF:72
LH:68
BRDA:100,0,0,23
BRDA:100,0,1,44
BRDA:103,1,0,4
BRDA:103,1,1,40
BRDA:106,2,0,3
BRDA:106,2,1,37
BRDA:115,3,0,5
BRDA:115,3,1,61
BRDA:118,4,0,5
BRDA:118,4,1,56
BRDA:127,5,0,5
BRDA:127,5,1,64
BRDA:130,6,0,4
BRDA:130,6,1,60
BRDA:133,7,0,4
BRDA:133,7,1,56
BRDA:136,8,0,1
BRDA:136,8,1,55
BRDA:139,9,0,1
BRDA:139,9,1,54
BRDA:148,10,0,2
BRDA:148,10,1,6
BRDA:172,11,0,1
BRDA:172,11,1,4
BRDA:185,12,0,1
BRDA:185,12,1,1
BRDA:185,13,0,2
BRDA:185,13,1,2
BRDA:194,14,0,1
BRDA:194,14,1,1
BRDA:195,15,0,1
BRDA:195,15,1,1
BRDA:196,16,0,1
BRDA:196,16,1,1
BRDA:200,17,0,0
BRDA:200,17,1,1
BRDA:200,18,0,1
BRDA:200,18,1,1
BRDA:201,19,0,0
BRDA:201,19,1,0
BRDA:213,20,0,3
BRDA:213,20,1,1
BRDA:215,21,0,1
BRDA:215,21,1,2
BRDA:224,22,0,1
BRDA:224,22,1,2
BRDA:232,23,0,1
BRDA:232,23,1,0
BRF:48
BRH:44
end_of_record
TN:
SF:test/utils/testKernel.js
FN:15,(anonymous_0)
FN:31,(anonymous_1)
FN:53,(anonymous_2)
FN:60,(anonymous_3)
FN:61,(anonymous_4)
FN:62,(anonymous_5)
FN:63,(anonymous_6)
FN:64,(anonymous_7)
FN:65,(anonymous_8)
FN:66,(anonymous_9)
FN:67,(anonymous_10)
FN:68,(anonymous_11)
FN:69,(anonymous_12)
FN:70,(anonymous_13)
FN:71,(anonymous_14)
FN:72,(anonymous_15)
FN:73,(anonymous_16)
FN:77,initTestKernel
FN:86,initializeSpreadsheetAppMock
FN:90,(anonymous_19)
FN:92,(anonymous_20)
FN:94,(anonymous_21)
FN:103,(anonymous_22)
FN:104,(anonymous_23)
FN:105,(anonymous_24)
FN:106,(anonymous_25)
FN:107,(anonymous_26)
FN:108,(anonymous_27)
FN:111,(anonymous_28)
FN:115,(anonymous_29)
FN:119,(anonymous_30)
FN:122,(anonymous_31)
FN:124,(anonymous_32)
FN:125,(anonymous_33)
FN:126,(anonymous_34)
FN:127,(anonymous_35)
FN:128,(anonymous_36)
FN:129,(anonymous_37)
FN:130,(anonymous_38)
FN:134,(anonymous_39)
FN:135,(anonymous_40)
FN:136,(anonymous_41)
FN:137,(anonymous_42)
FN:138,(anonymous_43)
FN:139,(anonymous_44)
FN:143,(anonymous_45)
FN:144,(anonymous_46)
FN:158,(anonymous_47)
FN:159,(anonymous_48)
FN:170,createNamedRangeMock
FN:171,(anonymous_50)
FN:173,(anonymous_51)
FN:174,(anonymous_52)
FN:175,(anonymous_53)
FN:176,(anonymous_54)
FN:177,(anonymous_55)
FN:178,(anonymous_56)
FN:179,(anonymous_57)
FNF:58
FNH:45
FNDA:14,(anonymous_0)
FNDA:82,(anonymous_1)
FNDA:164,(anonymous_2)
FNDA:52,(anonymous_3)
FNDA:52,(anonymous_4)
FNDA:52,(anonymous_5)
FNDA:52,(anonymous_6)
FNDA:0,(anonymous_7)
FNDA:0,(anonymous_8)
FNDA:1,(anonymous_9)
FNDA:37,(anonymous_10)
FNDA:1,(anonymous_11)
FNDA:52,(anonymous_12)
FNDA:52,(anonymous_13)
FNDA:0,(anonymous_14)
FNDA:52,(anonymous_15)
FNDA:0,(anonymous_16)
FNDA:127,initTestKernel
FNDA:127,initializeSpreadsheetAppMock
FNDA:5969,(anonymous_19)
FNDA:5969,(anonymous_20)
FNDA:19,(anonymous_21)
FNDA:44,(anonymous_22)
FNDA:54,(anonymous_23)
FNDA:54,(anonymous_24)
FNDA:27,(anonymous_25)
FNDA:27,(anonymous_26)
FNDA:84,(anonymous_27)
FNDA:5969,(anonymous_28)
FNDA:5969,(anonymous_29)
FNDA:5969,(anonymous_30)
FNDA:5969,(anonymous_31)
FNDA:1,(anonymous_32)
FNDA:9,(anonymous_33)
FNDA:2,(anonymous_34)
FNDA:2,(anonymous_35)
FNDA:0,(anonymous_36)
FNDA:0,(anonymous_37)
FNDA:0,(anonymous_38)
FNDA:10,(anonymous_39)
FNDA:2,(anonymous_40)
FNDA:2,(anonymous_41)
FNDA:0,(anonymous_42)
FNDA:0,(anonymous_43)
FNDA:0,(anonymous_44)
FNDA:150,(anonymous_45)
FNDA:772,(anonymous_46)
FNDA:10,(anonymous_47)
FNDA:490,(anonymous_48)
FNDA:508,createNamedRangeMock
FNDA:24892,(anonymous_50)
FNDA:50,(anonymous_51)
FNDA:40,(anonymous_52)
FNDA:85,(anonymous_53)
FNDA:85,(anonymous_54)
FNDA:0,(anonymous_55)
FNDA:0,(anonymous_56)
FNDA:0,(anonymous_57)
DA:14,4
DA:15,14
DA:21,4
DA:32,82
DA:33,82
DA:35,82
DA:36,82
DA:37,82
DA:38,82
DA:39,82
DA:40,82
DA:41,82
DA:43,82
DA:44,82
DA:45,82
DA:46,82
DA:47,82
DA:49,82
DA:51,82
DA:53,164
DA:60,52
DA:61,52
DA:62,52
DA:63,52
DA:64,0
DA:65,0
DA:66,1
DA:67,37
DA:68,1
DA:69,52
DA:70,52
DA:71,0
DA:72,52
DA:73,0
DA:78,127
DA:79,127
DA:81,127
DA:82,127
DA:87,127
DA:88,127
DA:89,127
DA:90,5969
DA:91,127
DA:92,5969
DA:94,127
DA:95,19
DA:96,0
DA:98,19
DA:101,127
DA:102,127
DA:103,44
DA:104,54
DA:105,54
DA:106,27
DA:107,27
DA:108,84
DA:111,5969
DA:112,127
DA:115,5969
DA:117,127
DA:119,5969
DA:121,127
DA:122,5969
DA:123,127
DA:124,1
DA:125,9
DA:126,2
DA:127,2
DA:128,0
DA:129,0
DA:130,0
DA:133,127
DA:134,10
DA:135,2
DA:136,2
DA:137,0
DA:138,0
DA:139,0
DA:142,127
DA:143,150
DA:145,772
DA:146,671
DA:147,480
DA:148,376
DA:149,272
DA:150,168
DA:151,84
DA:152,0
DA:158,127
DA:159,10
DA:160,490
DA:161,490
DA:162,10290
DA:163,10290
DA:165,490
DA:171,24892
DA:172,508
DA:173,50
DA:174,40
DA:175,85
DA:176,85
DA:177,0
DA:178,0
DA:179,0
DA:184,127
DA:185,127
DA:186,127
DA:189,4
LF:108
LH:93
BRDA:95,0,0,0
BRDA:95,0,1,19
BRDA:95,1,0,19
BRDA:95,1,1,19
BRDA:95,1,2,19
BRDA:95,1,3,19
BRDA:145,2,0,101
BRDA:145,2,1,671
BRDA:146,3,0,191
BRDA:146,3,1,480
BRDA:147,4,0,104
BRDA:147,4,1,376
BRDA:148,5,0,104
BRDA:148,5,1,272
BRDA:149,6,0,104
BRDA:149,6,1,168
BRDA:150,7,0,84
BRDA:150,7,1,84
BRDA:151,8,0,84
BRDA:151,8,1,0
BRDA:163,9,0,20
BRDA:163,9,1,10270
BRDA:163,10,0,10290
BRDA:163,10,1,10290
BRDA:170,11,0,0
BRDA:171,12,0,24892
BRDA:171,12,1,0
BRF:27
BRH:23
end_of_record
